module: loaded site/slurm
module: loaded site/tmpdir
module: loaded site/hummel
module: loaded env/system-gcc
+ module unload singularity
++ /work/fatx405/miniconda3/bin/tclsh /sw/modules/tcl/modulecmd.tcl sh unload singularity
+ eval
+ module switch singularity/3.5.2-overlayfix
++ /work/fatx405/miniconda3/bin/tclsh /sw/modules/tcl/modulecmd.tcl sh switch singularity/3.5.2-overlayfix
module: loaded singularity/3.5.2-overlayfix
+ eval '_LMFILES__modshare=/sw/BASE/env/system-gcc:1:/sw/BASE/site/slurm:1:/sw/BASE/site/hummel:1:/sw/BASE/site/tmpdir:1:/sw/TOOL/singularity/3.5.2-overlayfix:1;' export '_LMFILES__modshare;' 'LOADEDMODULES_modshare=site/hummel:1:site/tmpdir:1:singularity/3.5.2-overlayfix:1:env/system-gcc:1:site/slurm:1;' export 'LOADEDMODULES_modshare;' 'SINGULARITY_CACHEDIR=/scratch/fatx405.1432794/singularity;' export 'SINGULARITY_CACHEDIR;' 'PATH=/sw/env/system-gcc/singularity/3.5.2-overlayfix/bin:/sw/batch/slurm/19.05.6/bin:/sw/rrz/bin:/work/fatx405/miniconda3/bin:/usr/local/bin:/bin:/usr/bin:/usr/local/sbin:/usr/sbin;' export 'PATH;' '_LMFILES_=/sw/BASE/site/slurm:/sw/BASE/site/tmpdir:/sw/BASE/site/hummel:/sw/BASE/env/system-gcc:/sw/TOOL/singularity/3.5.2-overlayfix;' export '_LMFILES_;' 'LOADEDMODULES=site/slurm:site/tmpdir:site/hummel:env/system-gcc:singularity/3.5.2-overlayfix;' export 'LOADEDMODULES;' 'PATH_modshare=/sw/env/system-gcc/singularity/3.5.2-overlayfix/bin:1:/sw/batch/slurm/19.05.6/bin:1:/bin:1:/usr/sbin:1:/work/fatx405/miniconda3/bin:1:/usr/bin:1:/sw/rrz/bin:1:/usr/local/sbin:1:/usr/local/bin:1;' export 'PATH_modshare;'
++ _LMFILES__modshare=/sw/BASE/env/system-gcc:1:/sw/BASE/site/slurm:1:/sw/BASE/site/hummel:1:/sw/BASE/site/tmpdir:1:/sw/TOOL/singularity/3.5.2-overlayfix:1
++ export _LMFILES__modshare
++ LOADEDMODULES_modshare=site/hummel:1:site/tmpdir:1:singularity/3.5.2-overlayfix:1:env/system-gcc:1:site/slurm:1
++ export LOADEDMODULES_modshare
++ SINGULARITY_CACHEDIR=/scratch/fatx405.1432794/singularity
++ export SINGULARITY_CACHEDIR
++ PATH=/sw/env/system-gcc/singularity/3.5.2-overlayfix/bin:/sw/batch/slurm/19.05.6/bin:/sw/rrz/bin:/work/fatx405/miniconda3/bin:/usr/local/bin:/bin:/usr/bin:/usr/local/sbin:/usr/sbin
++ export PATH
++ _LMFILES_=/sw/BASE/site/slurm:/sw/BASE/site/tmpdir:/sw/BASE/site/hummel:/sw/BASE/env/system-gcc:/sw/TOOL/singularity/3.5.2-overlayfix
++ export _LMFILES_
++ LOADEDMODULES=site/slurm:site/tmpdir:site/hummel:env/system-gcc:singularity/3.5.2-overlayfix
++ export LOADEDMODULES
++ PATH_modshare=/sw/env/system-gcc/singularity/3.5.2-overlayfix/bin:1:/sw/batch/slurm/19.05.6/bin:1:/bin:1:/usr/sbin:1:/work/fatx405/miniconda3/bin:1:/usr/bin:1:/sw/rrz/bin:1:/usr/local/sbin:1:/usr/local/bin:1
++ export PATH_modshare
+ module load parallel
++ /work/fatx405/miniconda3/bin/tclsh /sw/modules/tcl/modulecmd.tcl sh load parallel
module: loaded parallel/20180322
+ eval '_LMFILES__modshare=/sw/BASE/env/system-gcc:1:/sw/BASE/site/slurm:1:/sw/BASE/site/hummel:1:/sw/BASE/site/tmpdir:1:/sw/TOOL/parallel/20180322:1:/sw/TOOL/singularity/3.5.2-overlayfix:1;' export '_LMFILES__modshare;' 'LOADEDMODULES_modshare=site/hummel:1:site/tmpdir:1:parallel/20180322:1:singularity/3.5.2-overlayfix:1:env/system-gcc:1:site/slurm:1;' export 'LOADEDMODULES_modshare;' 'MANPATH=/sw/env/system-gcc/parallel/20180322/share/man:/sw/batch/slurm/19.05.6/share/man:/sw/rrz/share/man:/sw/modules/man:/usr/share/man;' export 'MANPATH;' 'PATH=/sw/env/system-gcc/parallel/20180322/bin:/sw/env/system-gcc/singularity/3.5.2-overlayfix/bin:/sw/batch/slurm/19.05.6/bin:/sw/rrz/bin:/work/fatx405/miniconda3/bin:/usr/local/bin:/bin:/usr/bin:/usr/local/sbin:/usr/sbin;' export 'PATH;' '_LMFILES_=/sw/BASE/site/slurm:/sw/BASE/site/tmpdir:/sw/BASE/site/hummel:/sw/BASE/env/system-gcc:/sw/TOOL/singularity/3.5.2-overlayfix:/sw/TOOL/parallel/20180322;' export '_LMFILES_;' 'LOADEDMODULES=site/slurm:site/tmpdir:site/hummel:env/system-gcc:singularity/3.5.2-overlayfix:parallel/20180322;' export 'LOADEDMODULES;' 'MANPATH_modshare=/sw/modules/man:1:/sw/env/system-gcc/parallel/20180322/share/man:1:/sw/batch/slurm/19.05.6/share/man:1:/usr/share/man:1:/sw/rrz/share/man:1;' export 'MANPATH_modshare;' 'PATH_modshare=/sw/env/system-gcc/parallel/20180322/bin:1:/sw/env/system-gcc/singularity/3.5.2-overlayfix/bin:1:/sw/batch/slurm/19.05.6/bin:1:/bin:1:/usr/sbin:1:/work/fatx405/miniconda3/bin:1:/usr/bin:1:/sw/rrz/bin:1:/usr/local/sbin:1:/usr/local/bin:1;' export 'PATH_modshare;'
++ _LMFILES__modshare=/sw/BASE/env/system-gcc:1:/sw/BASE/site/slurm:1:/sw/BASE/site/hummel:1:/sw/BASE/site/tmpdir:1:/sw/TOOL/parallel/20180322:1:/sw/TOOL/singularity/3.5.2-overlayfix:1
++ export _LMFILES__modshare
++ LOADEDMODULES_modshare=site/hummel:1:site/tmpdir:1:parallel/20180322:1:singularity/3.5.2-overlayfix:1:env/system-gcc:1:site/slurm:1
++ export LOADEDMODULES_modshare
++ MANPATH=/sw/env/system-gcc/parallel/20180322/share/man:/sw/batch/slurm/19.05.6/share/man:/sw/rrz/share/man:/sw/modules/man:/usr/share/man
++ export MANPATH
++ PATH=/sw/env/system-gcc/parallel/20180322/bin:/sw/env/system-gcc/singularity/3.5.2-overlayfix/bin:/sw/batch/slurm/19.05.6/bin:/sw/rrz/bin:/work/fatx405/miniconda3/bin:/usr/local/bin:/bin:/usr/bin:/usr/local/sbin:/usr/sbin
++ export PATH
++ _LMFILES_=/sw/BASE/site/slurm:/sw/BASE/site/tmpdir:/sw/BASE/site/hummel:/sw/BASE/env/system-gcc:/sw/TOOL/singularity/3.5.2-overlayfix:/sw/TOOL/parallel/20180322
++ export _LMFILES_
++ LOADEDMODULES=site/slurm:site/tmpdir:site/hummel:env/system-gcc:singularity/3.5.2-overlayfix:parallel/20180322
++ export LOADEDMODULES
++ MANPATH_modshare=/sw/modules/man:1:/sw/env/system-gcc/parallel/20180322/share/man:1:/sw/batch/slurm/19.05.6/share/man:1:/usr/share/man:1:/sw/rrz/share/man:1
++ export MANPATH_modshare
++ PATH_modshare=/sw/env/system-gcc/parallel/20180322/bin:1:/sw/env/system-gcc/singularity/3.5.2-overlayfix/bin:1:/sw/batch/slurm/19.05.6/bin:1:/bin:1:/usr/sbin:1:/work/fatx405/miniconda3/bin:1:/usr/bin:1:/sw/rrz/bin:1:/usr/local/sbin:1:/usr/local/bin:1
++ export PATH_modshare
+ SCRIPT_DIR=/work/fatx405/projects/CSI_TEST/code
+ source /work/fatx405/projects/CSI_TEST/code/.projectrc
++ PROJ_DIR=/work/fatx405/projects/CSI_TEST
++ DATA_DIR=/work/fatx405/projects/CSI_TEST/data
++ DCM_DIR=/work/fatx405/projects/CSI_TEST/data/dicoms
++ BIDS_DIR=/work/fatx405/projects/CSI_TEST/data/raw_bids
++ CODE_DIR=/work/fatx405/projects/CSI_TEST/code
++ ENV_DIR=/work/fatx405/projects/CSI_TEST/envs
+ source /work/fatx405/set_envs/miniconda
++ export PATH=/work/fatx405/miniconda3/bin:/sw/env/system-gcc/parallel/20180322/bin:/sw/env/system-gcc/singularity/3.5.2-overlayfix/bin:/sw/batch/slurm/19.05.6/bin:/sw/rrz/bin:/work/fatx405/miniconda3/bin:/usr/local/bin:/bin:/usr/bin:/usr/local/sbin:/usr/sbin
++ PATH=/work/fatx405/miniconda3/bin:/sw/env/system-gcc/parallel/20180322/bin:/sw/env/system-gcc/singularity/3.5.2-overlayfix/bin:/sw/batch/slurm/19.05.6/bin:/sw/rrz/bin:/work/fatx405/miniconda3/bin:/usr/local/bin:/bin:/usr/bin:/usr/local/sbin:/usr/sbin
+ source activate datalad
++ _CONDA_ROOT=/work/fatx405/miniconda3
++ . /work/fatx405/miniconda3/etc/profile.d/conda.sh
+++ export CONDA_EXE=/work/fatx405/miniconda3/bin/conda
+++ CONDA_EXE=/work/fatx405/miniconda3/bin/conda
+++ export _CE_M=
+++ _CE_M=
+++ export _CE_CONDA=
+++ _CE_CONDA=
+++ export CONDA_PYTHON_EXE=/work/fatx405/miniconda3/bin/python
+++ CONDA_PYTHON_EXE=/work/fatx405/miniconda3/bin/python
+++ '[' -z '' ']'
+++ export CONDA_SHLVL=0
+++ CONDA_SHLVL=0
+++ '[' -n '' ']'
+++++ dirname /work/fatx405/miniconda3/bin/conda
++++ dirname /work/fatx405/miniconda3/bin
+++ PATH=/work/fatx405/miniconda3/condabin:/work/fatx405/miniconda3/bin:/sw/env/system-gcc/parallel/20180322/bin:/sw/env/system-gcc/singularity/3.5.2-overlayfix/bin:/sw/batch/slurm/19.05.6/bin:/sw/rrz/bin:/work/fatx405/miniconda3/bin:/usr/local/bin:/bin:/usr/bin:/usr/local/sbin:/usr/sbin
+++ export PATH
+++ '[' -z '' ']'
+++ PS1=
++ conda activate datalad
++ '[' 2 -lt 1 ']'
++ local cmd=activate
++ shift
++ case "$cmd" in
++ __conda_activate activate datalad
++ '[' -n '' ']'
++ local cmd=activate
++ shift
++ local ask_conda
++ CONDA_INTERNAL_OLDPATH=/work/fatx405/miniconda3/condabin:/work/fatx405/miniconda3/bin:/sw/env/system-gcc/parallel/20180322/bin:/sw/env/system-gcc/singularity/3.5.2-overlayfix/bin:/sw/batch/slurm/19.05.6/bin:/sw/rrz/bin:/work/fatx405/miniconda3/bin:/usr/local/bin:/bin:/usr/bin:/usr/local/sbin:/usr/sbin
++ __add_sys_prefix_to_path
++ '[' -n '' ']'
+++ dirname /work/fatx405/miniconda3/bin/conda
++ SYSP=/work/fatx405/miniconda3/bin
+++ dirname /work/fatx405/miniconda3/bin
++ SYSP=/work/fatx405/miniconda3
++ '[' -n '' ']'
++ PATH=/work/fatx405/miniconda3/bin:/work/fatx405/miniconda3/condabin:/work/fatx405/miniconda3/bin:/sw/env/system-gcc/parallel/20180322/bin:/sw/env/system-gcc/singularity/3.5.2-overlayfix/bin:/sw/batch/slurm/19.05.6/bin:/sw/rrz/bin:/work/fatx405/miniconda3/bin:/usr/local/bin:/bin:/usr/bin:/usr/local/sbin:/usr/sbin
++ export PATH
+++ PS1=
+++ /work/fatx405/miniconda3/bin/conda shell.posix activate datalad
++ ask_conda='PS1='\''(datalad) '\''
export PATH='\''/work/fatx405/miniconda3/envs/datalad/bin:/work/fatx405/miniconda3/condabin:/work/fatx405/miniconda3/bin:/sw/env/system-gcc/parallel/20180322/bin:/sw/env/system-gcc/singularity/3.5.2-overlayfix/bin:/sw/batch/slurm/19.05.6/bin:/sw/rrz/bin:/work/fatx405/miniconda3/bin:/usr/local/bin:/bin:/usr/bin:/usr/local/sbin:/usr/sbin'\''
export CONDA_PREFIX='\''/work/fatx405/miniconda3/envs/datalad'\''
export CONDA_SHLVL='\''1'\''
export CONDA_DEFAULT_ENV='\''datalad'\''
export CONDA_PROMPT_MODIFIER='\''(datalad) '\''
export CONDA_EXE='\''/work/fatx405/miniconda3/bin/conda'\''
export _CE_M='\'''\''
export _CE_CONDA='\'''\''
export CONDA_PYTHON_EXE='\''/work/fatx405/miniconda3/bin/python'\'''
++ rc=0
++ PATH=/work/fatx405/miniconda3/condabin:/work/fatx405/miniconda3/bin:/sw/env/system-gcc/parallel/20180322/bin:/sw/env/system-gcc/singularity/3.5.2-overlayfix/bin:/sw/batch/slurm/19.05.6/bin:/sw/rrz/bin:/work/fatx405/miniconda3/bin:/usr/local/bin:/bin:/usr/bin:/usr/local/sbin:/usr/sbin
++ eval 'PS1='\''(datalad) '\''
export PATH='\''/work/fatx405/miniconda3/envs/datalad/bin:/work/fatx405/miniconda3/condabin:/work/fatx405/miniconda3/bin:/sw/env/system-gcc/parallel/20180322/bin:/sw/env/system-gcc/singularity/3.5.2-overlayfix/bin:/sw/batch/slurm/19.05.6/bin:/sw/rrz/bin:/work/fatx405/miniconda3/bin:/usr/local/bin:/bin:/usr/bin:/usr/local/sbin:/usr/sbin'\''
export CONDA_PREFIX='\''/work/fatx405/miniconda3/envs/datalad'\''
export CONDA_SHLVL='\''1'\''
export CONDA_DEFAULT_ENV='\''datalad'\''
export CONDA_PROMPT_MODIFIER='\''(datalad) '\''
export CONDA_EXE='\''/work/fatx405/miniconda3/bin/conda'\''
export _CE_M='\'''\''
export _CE_CONDA='\'''\''
export CONDA_PYTHON_EXE='\''/work/fatx405/miniconda3/bin/python'\'''
+++ PS1='(datalad) '
+++ export PATH=/work/fatx405/miniconda3/envs/datalad/bin:/work/fatx405/miniconda3/condabin:/work/fatx405/miniconda3/bin:/sw/env/system-gcc/parallel/20180322/bin:/sw/env/system-gcc/singularity/3.5.2-overlayfix/bin:/sw/batch/slurm/19.05.6/bin:/sw/rrz/bin:/work/fatx405/miniconda3/bin:/usr/local/bin:/bin:/usr/bin:/usr/local/sbin:/usr/sbin
+++ PATH=/work/fatx405/miniconda3/envs/datalad/bin:/work/fatx405/miniconda3/condabin:/work/fatx405/miniconda3/bin:/sw/env/system-gcc/parallel/20180322/bin:/sw/env/system-gcc/singularity/3.5.2-overlayfix/bin:/sw/batch/slurm/19.05.6/bin:/sw/rrz/bin:/work/fatx405/miniconda3/bin:/usr/local/bin:/bin:/usr/bin:/usr/local/sbin:/usr/sbin
+++ export CONDA_PREFIX=/work/fatx405/miniconda3/envs/datalad
+++ CONDA_PREFIX=/work/fatx405/miniconda3/envs/datalad
+++ export CONDA_SHLVL=1
+++ CONDA_SHLVL=1
+++ export CONDA_DEFAULT_ENV=datalad
+++ CONDA_DEFAULT_ENV=datalad
+++ export 'CONDA_PROMPT_MODIFIER=(datalad) '
+++ CONDA_PROMPT_MODIFIER='(datalad) '
+++ export CONDA_EXE=/work/fatx405/miniconda3/bin/conda
+++ CONDA_EXE=/work/fatx405/miniconda3/bin/conda
+++ export _CE_M=
+++ _CE_M=
+++ export _CE_CONDA=
+++ _CE_CONDA=
+++ export CONDA_PYTHON_EXE=/work/fatx405/miniconda3/bin/python
+++ CONDA_PYTHON_EXE=/work/fatx405/miniconda3/bin/python
++ '[' 0 '!=' 0 ']'
++ __conda_hashr
++ '[' -n '' ']'
++ '[' -n '' ']'
++ hash -r
+ subjs=($@)
+ SUBJS_PER_NODE=10
+ export ITER=0
+ ITER=0
++ expr 0 '*' 1000 + 0
+ subjs_start_idx=0
+ '[' bidsify == bidsify ']'
+ subjs=(${subjs[@]-$(ls $DCM_DIR/* -d -1 | grep -v -e code -e sourcedata)})
+ subjs_subarr=($(basename -a ${subjs[@]:$subjs_start_idx:$SUBJS_PER_NODE}))
++ basename -a /work/fatx405/projects/CSI_TEST/data/dicoms/ewgenia001 /work/fatx405/projects/CSI_TEST/data/dicoms/ewgenia002 /work/fatx405/projects/CSI_TEST/data/dicoms/ewgenia003 /work/fatx405/projects/CSI_TEST/data/dicoms/ewgenia004 /work/fatx405/projects/CSI_TEST/data/dicoms/ewgenia005
+ echo starting processing with bidsify from index: 0 ...
+ echo for n=10 subjects
+ echo subjects to process: ewgenia001 ewgenia002 ewgenia003 ewgenia004 ewgenia005
+ echo submission script directory: /work/fatx405/projects/CSI_TEST/code
+ echo current TMPDIR: /scratch/fatx405.1432794
+ echo ITERator: 0
++ awk 'BEGIN {print int(30/10); exit}'
+ threads_per_sub=3
++ awk 'BEGIN {print int(64000/10); exit}'
+ mem_per_sub=6400
+ srun='srun --label --exclusive -N1 -n1 --cpus-per-task 3 --mem-per-cpu=16000'
+ parallel='parallel --ungroup --progress --delay 0.2 -j10 --joblog /work/fatx405/projects/CSI_TEST/code/slurm_output/parallel_runtask.log'
+ proc_script=/work/fatx405/projects/CSI_TEST/code/05_2_pipeline_processing.sh
+ echo -e 'running:\n parallel --ungroup --progress --delay 0.2 -j10 --joblog /work/fatx405/projects/CSI_TEST/code/slurm_output/parallel_runtask.log srun --label --exclusive -N1 -n1 --cpus-per-task 3 --mem-per-cpu=16000 /work/fatx405/projects/CSI_TEST/code/05_2_pipeline_processing.sh ::: ewgenia001' ewgenia002 ewgenia003 ewgenia004 ewgenia005
+ parallel --ungroup --progress --delay 0.2 -j10 --joblog /work/fatx405/projects/CSI_TEST/code/slurm_output/parallel_runtask.log 'srun --label --exclusive -N1 -n1 --cpus-per-task 3 --mem-per-cpu=16000 /work/fatx405/projects/CSI_TEST/code/05_2_pipeline_processing.sh' ::: ewgenia001 ewgenia002 ewgenia003 ewgenia004 ewgenia005
parallel: Error: Cannot write to --joblog /work/fatx405/projects/CSI_TEST/code/slurm_output/parallel_runtask.log.
+ df -h /scratch
++++ date +%s
+++ expr 1625570163 - 1625570156
++ expr 7
+ runtime_s=7
++ date -d@7 -u +%H:%M:%S
+ echo 'script runtime: 00:00:07 hours'
