starting processing with bidsify from index: 0 ...
for n=10 subjects
subjects to process: ewgenia001 ewgenia002 ewgenia003 ewgenia004 ewgenia005
submission script directory: /work/fatx405/projects/CSI_TEST/code
current TMPDIR: /scratch/fatx405.1433007
ITERator: 0
running:
 parallel --ungroup --progress --delay 0.2 -j10 --joblog /work/fatx405/projects/CSI_TEST/code/log/parallel_runtask.log srun --label --exclusive -N1 -n1 --cpus-per-task 3 --mem-per-cpu=16000 /work/fatx405/projects/CSI_TEST/code/pipelines_processing.sh ::: ewgenia001 ewgenia002 ewgenia003 ewgenia004 ewgenia005
0: allexport      	off
0: braceexpand    	on
0: emacs          	off
0: errexit        	on
0: errtrace       	off
0: functrace      	off
0: hashall        	on
0: histexpand     	off
0: history        	off
0: ignoreeof      	off
0: interactive-comments	on
0: keyword        	off
0: monitor        	off
0: noclobber      	off
0: noexec         	off
0: noglob         	off
0: nolog          	off
0: notify         	off
0: nounset        	off
0: onecmd         	off
0: physical       	off
0: pipefail       	off
0: posix          	off
0: privileged     	off
0: verbose        	off
0: vi             	off
0: xtrace         	off
0: allexport      	off
0: braceexpand    	on
0: emacs          	off
0: errexit        	on
0: errtrace       	off
0: functrace      	off
0: hashall        	on
0: histexpand     	off
0: history        	off
0: ignoreeof      	off
0: interactive-comments	on
0: keyword        	off
0: monitor        	off
0: noclobber      	off
0: noexec         	off
0: noglob         	off
0: nolog          	off
0: notify         	off
0: nounset        	off
0: onecmd         	off
0: physical       	off
0: pipefail       	off
0: posix          	off
0: privileged     	off
0: verbose        	off
0: vi             	off
0: xtrace         	off
0: ###################################
0: Started processing of ewgenia001
0: ###################################
0: hostname: node015
0: singularity version 3.5.2
0: TMPDIR: /scratch/fatx405.1433007
0: RRZ_LOCAL_TMPDIR: /scratch/fatx405.1433007
0: SINGULARITY_CACHEDIR: /work/fatx405/tmp/singularity
0: SINGULARITY_TMPDIR: /work/fatx405/tmp/singularity
0: DSLOCKFILE: /scratch/fatx405.1433007/ewgenia001/bidsify.lock
0: DATALAD_LOCATIONS_SOCKETS: /scratch/fatx405.1433007/ewgenia001/sockets
0: ###################################
0: Started processing of ewgenia002
0: ###################################
0: allexport      	off
0: braceexpand    	on
0: emacs          	off
0: errexit        	on
0: errtrace       	off
0: functrace      	off
0: hashall        	on
0: histexpand     	off
0: history        	off
0: ignoreeof      	off
0: interactive-comments	on
0: keyword        	off
0: monitor        	off
0: noclobber      	off
0: noexec         	off
0: noglob         	off
0: nolog          	off
0: notify         	off
0: nounset        	off
0: onecmd         	off
0: physical       	off
0: pipefail       	off
0: posix          	off
0: privileged     	off
0: verbose        	off
0: hostname: node015
0: vi             	off
0: xtrace         	off
0: allexport      	off
0: braceexpand    	on
0: emacs          	off
0: errexit        	on
0: errtrace       	off
0: functrace      	off
0: hashall        	on
0: histexpand     	off
0: history        	off
0: singularity version 3.5.2
0: ignoreeof      	off
0: interactive-comments	on
0: TMPDIR: /scratch/fatx405.1433007
0: keyword        	off
0: monitor        	off
0: noclobber      	off
0: RRZ_LOCAL_TMPDIR: /scratch/fatx405.1433007
0: noexec         	off
0: SINGULARITY_CACHEDIR: /work/fatx405/tmp/singularity
0: noglob         	off
0: nolog          	off
0: SINGULARITY_TMPDIR: /work/fatx405/tmp/singularity
0: notify         	off
0: nounset        	off
0: onecmd         	off
0: physical       	off
0: DSLOCKFILE: /scratch/fatx405.1433007/ewgenia002/bidsify.lock
0: pipefail       	off
0: posix          	off
0: privileged     	off
0: DATALAD_LOCATIONS_SOCKETS: /scratch/fatx405.1433007/ewgenia002/sockets
0: verbose        	off
0: vi             	off
0: xtrace         	off
0: ###################################
0: Started processing of ewgenia003
0: ###################################
0: Started processing of ewgenia004
0: ###################################
0: ###################################
0: allexport      	off
0: braceexpand    	on
0: emacs          	off
0: errexit        	on
0: errtrace       	off
0: functrace      	off
0: hashall        	on
0: histexpand     	off
0: history        	off
0: ignoreeof      	off
0: interactive-comments	on
0: keyword        	off
0: monitor        	off
0: noclobber      	off
0: noexec         	off
0: noglob         	off
0: nolog          	off
0: notify         	off
0: nounset        	off
0: onecmd         	off
0: physical       	off
0: pipefail       	off
0: posix          	off
0: privileged     	off
0: hostname: node015
0: verbose        	off
0: vi             	off
0: xtrace         	off
0: hostname: node015
0: singularity version 3.5.2
0: singularity version 3.5.2
0: TMPDIR: /scratch/fatx405.1433007
0: TMPDIR: /scratch/fatx405.1433007
0: RRZ_LOCAL_TMPDIR: /scratch/fatx405.1433007
0: RRZ_LOCAL_TMPDIR: /scratch/fatx405.1433007
0: SINGULARITY_CACHEDIR: /work/fatx405/tmp/singularity
0: SINGULARITY_CACHEDIR: /work/fatx405/tmp/singularity
0: SINGULARITY_TMPDIR: /work/fatx405/tmp/singularity
0: SINGULARITY_TMPDIR: /work/fatx405/tmp/singularity
0: DSLOCKFILE: /scratch/fatx405.1433007/ewgenia004/bidsify.lock
0: DSLOCKFILE: /scratch/fatx405.1433007/ewgenia003/bidsify.lock
0: DATALAD_LOCATIONS_SOCKETS: /scratch/fatx405.1433007/ewgenia003/sockets
0: DATALAD_LOCATIONS_SOCKETS: /scratch/fatx405.1433007/ewgenia004/sockets
0: ###################################
0: Started processing of ewgenia005
0: ###################################
0: hostname: node015
0: singularity version 3.5.2
0: TMPDIR: /scratch/fatx405.1433007
0: RRZ_LOCAL_TMPDIR: /scratch/fatx405.1433007
0: SINGULARITY_CACHEDIR: /work/fatx405/tmp/singularity
0: SINGULARITY_TMPDIR: /work/fatx405/tmp/singularity
0: DSLOCKFILE: /scratch/fatx405.1433007/ewgenia005/bidsify.lock
0: DATALAD_LOCATIONS_SOCKETS: /scratch/fatx405.1433007/ewgenia005/sockets
0: install(ok): /scratch/fatx405.1433007/ewgenia004/clone (dataset)
0: install(ok): /scratch/fatx405.1433007/ewgenia003/clone (dataset)
0: install(ok): /scratch/fatx405.1433007/ewgenia001/clone (dataset)
0: install(ok): /scratch/fatx405.1433007/ewgenia002/clone (dataset)
0: install(ok): /scratch/fatx405.1433007/ewgenia005/clone (dataset)
0: install(ok): /scratch/fatx405.1433007/ewgenia002/clone/envs (dataset) [Installed subdataset in order to get /scratch/fatx405.1433007/ewgenia002/clone/envs/freesurfer_license.txt]
0: install(ok): /scratch/fatx405.1433007/ewgenia004/clone/envs (dataset) [Installed subdataset in order to get /scratch/fatx405.1433007/ewgenia004/clone/envs/freesurfer_license.txt]
0: install(ok): /scratch/fatx405.1433007/ewgenia003/clone/envs (dataset) [Installed subdataset in order to get /scratch/fatx405.1433007/ewgenia003/clone/envs/freesurfer_license.txt]
0: install(ok): /scratch/fatx405.1433007/ewgenia001/clone/envs (dataset) [Installed subdataset in order to get /scratch/fatx405.1433007/ewgenia001/clone/envs/freesurfer_license.txt]
0: get(ok): envs/freesurfer_license.txt (file) [from origin...]
0: get(ok): envs/freesurfer_license.txt (file) [from origin...]
0: get(ok): envs/freesurfer_license.txt (file) [from origin...]
0: get(ok): envs/freesurfer_license.txt (file) [from origin...]
0: action summary:
0: action summary:
0: action summary:
0: action summary:
0:   get (ok: 1)
0:   get (ok: 1)
0:   get (ok: 1)
0:   get (ok: 1)
0:   install (ok: 1)
0:   install (ok: 1)
0: install(ok): /scratch/fatx405.1433007/ewgenia005/clone/envs (dataset) [Installed subdataset in order to get /scratch/fatx405.1433007/ewgenia005/clone/envs/freesurfer_license.txt]
0: get(ok): envs/freesurfer_license.txt (file) [from origin...]
0:   install (ok: 1)
0:   install (ok: 1)
0: action summary:
0:   get (ok: 1)
0:   install (ok: 1)
0: install(ok): /scratch/fatx405.1433007/ewgenia002/clone/data/raw_bids (dataset) [Installed subdataset in order to get /scratch/fatx405.1433007/ewgenia002/clone/data/raw_bids/dataset_description.json]
0: get(ok): data/raw_bids/dataset_description.json (file) [from origin...]
0: action summary:
0:   get (ok: 1)
0:   install (ok: 1)
0: Entering 'data/raw_bids'
0: dead here (recording state in git...)
0: ok
0: (recording state in git...)
0: Entering 'envs'
0: dead here (recording state in git...)
0: ok
0: (recording state in git...)
0: install(ok): /scratch/fatx405.1433007/ewgenia005/clone/data/raw_bids (dataset) [Installed subdataset in order to get /scratch/fatx405.1433007/ewgenia005/clone/data/raw_bids/dataset_description.json]
0: install(ok): /scratch/fatx405.1433007/ewgenia003/clone/data/raw_bids (dataset) [Installed subdataset in order to get /scratch/fatx405.1433007/ewgenia003/clone/data/raw_bids/dataset_description.json]
0: get(ok): data/raw_bids/dataset_description.json (file) [from origin...]
0: action summary:
0: get(ok): data/raw_bids/dataset_description.json (file) [from origin...]
0: action summary:
0:   get (ok: 1)
0:   install (ok: 1)
0:   get (ok: 1)
0:   install (ok: 1)
0: ls BIDS root: CHANGELOG.md code data envs README.md
0: Entering 'data/raw_bids'
0: Entering 'data/raw_bids'
0: dead here (recording state in git...)
0: dead here (recording state in git...)
0: ok
0: ok
0: (recording state in git...)
0: (recording state in git...)
0: Entering 'envs'
0: Entering 'envs'
0: dead here (recording state in git...)
0: dead here (recording state in git...)
0: ok
0: ok
0: (recording state in git...)
0: (recording state in git...)
0: ls BIDS root: CHANGELOG.md code data envs README.md
0: ls BIDS root: CHANGELOG.md code data envs README.md
0: install(ok): /scratch/fatx405.1433007/ewgenia001/clone/data/raw_bids (dataset) [Installed subdataset in order to get /scratch/fatx405.1433007/ewgenia001/clone/data/raw_bids/dataset_description.json]
0: get(ok): data/raw_bids/dataset_description.json (file) [from origin...]
0: action summary:
0:   get (ok: 1)
0:   install (ok: 1)
0: Entering 'data/raw_bids'
0: dead here (recording state in git...)
0: ok
0: (recording state in git...)
0: Entering 'envs'
0: dead here (recording state in git...)
0: ok
0: (recording state in git...)
0: ls BIDS root: CHANGELOG.md code data envs README.md
0: install(ok): /scratch/fatx405.1433007/ewgenia002/clone/data/dicoms (dataset) [Installed subdataset in order to get /scratch/fatx405.1433007/ewgenia002/clone/data/dicoms]
0: install(ok): /scratch/fatx405.1433007/ewgenia005/clone/data/dicoms (dataset) [Installed subdataset in order to get /scratch/fatx405.1433007/ewgenia005/clone/data/dicoms]
0: install(ok): /scratch/fatx405.1433007/ewgenia003/clone/data/dicoms (dataset) [Installed subdataset in order to get /scratch/fatx405.1433007/ewgenia003/clone/data/dicoms]
0: install(ok): /scratch/fatx405.1433007/ewgenia001/clone/data/dicoms (dataset) [Installed subdataset in order to get /scratch/fatx405.1433007/ewgenia001/clone/data/dicoms]
0: install(ok): /scratch/fatx405.1433007/ewgenia004/clone/data/raw_bids (dataset) [Installed subdataset in order to get /scratch/fatx405.1433007/ewgenia004/clone/data/raw_bids/dataset_description.json]
0: get(ok): data/raw_bids/dataset_description.json (file) [from origin...]
0: action summary:
0:   get (ok: 1)
0:   install (ok: 1)
0: Entering 'data/raw_bids'
0: dead here (recording state in git...)
0: ok
0: (recording state in git...)
0: Entering 'envs'
0: dead here (recording state in git...)
0: ok
0: (recording state in git...)
0: ls BIDS root: CHANGELOG.md code data envs README.md
0: install(ok): /scratch/fatx405.1433007/ewgenia004/clone/data/dicoms (dataset) [Installed subdataset in order to get /scratch/fatx405.1433007/ewgenia004/clone/data/dicoms]
0: install(ok): /scratch/fatx405.1433007/ewgenia002/clone/data/raw_bids/sub-ewgenia002 (dataset)
0: install(ok): /scratch/fatx405.1433007/ewgenia002/clone/data/raw_bids/sub-ewgenia001 (dataset)
0: install(ok): /scratch/fatx405.1433007/ewgenia002/clone/data/raw_bids/sub-ewgenia003 (dataset)
0: install(ok): /scratch/fatx405.1433007/ewgenia002/clone/data/raw_bids/sub-ewgenia004 (dataset)
0: update(ok): . (dataset)
0: configure-sibling(ok): . (sibling)
0: install(ok): /scratch/fatx405.1433007/ewgenia002/clone/data/raw_bids/sourcedata/dicoms (dataset)
0: install(ok): /scratch/fatx405.1433007/ewgenia002/clone/data/raw_bids/sub-ewgenia005 (dataset)
0: action summary:
0:   configure-sibling (ok: 1)
0:   get (notneeded: 1)
0:   install (ok: 6)
0:   update (ok: 1)
0: install(ok): /scratch/fatx405.1433007/ewgenia003/clone/data/raw_bids/sub-ewgenia001 (dataset)
0: install(ok): /scratch/fatx405.1433007/ewgenia005/clone/data/raw_bids/sub-ewgenia001 (dataset)
0: install(ok): /scratch/fatx405.1433007/ewgenia003/clone/data/raw_bids/sub-ewgenia002 (dataset)
0: install(ok): /scratch/fatx405.1433007/ewgenia005/clone/data/raw_bids/sub-ewgenia002 (dataset)
0: update(ok): . (dataset)
0: update(ok): . (dataset)
0: configure-sibling(ok): . (sibling)
0: configure-sibling(ok): . (sibling)
0: install(ok): /scratch/fatx405.1433007/ewgenia005/clone/data/raw_bids/sub-ewgenia003 (dataset)
0: install(ok): /scratch/fatx405.1433007/ewgenia003/clone/data/raw_bids/sub-ewgenia003 (dataset)
0: install(ok): /scratch/fatx405.1433007/ewgenia003/clone/data/raw_bids/sourcedata/dicoms (dataset)
0: install(ok): /scratch/fatx405.1433007/ewgenia005/clone/data/raw_bids/sourcedata/dicoms (dataset)
0: install(ok): /scratch/fatx405.1433007/ewgenia003/clone/data/raw_bids/sub-ewgenia004 (dataset)
0: install(ok): /scratch/fatx405.1433007/ewgenia005/clone/data/raw_bids/sub-ewgenia004 (dataset)
0: install(ok): /scratch/fatx405.1433007/ewgenia003/clone/data/raw_bids/sub-ewgenia005 (dataset)
0: install(ok): /scratch/fatx405.1433007/ewgenia005/clone/data/raw_bids/sub-ewgenia005 (dataset)
0: action summary:
0:   configure-sibling (ok: 1)
0: action summary:
0:   configure-sibling (ok: 1)
0:   get (notneeded: 1)
0:   install (ok: 6)
0:   get (notneeded: 1)
0:   install (ok: 6)
0:   update (ok: 1)
0:   update (ok: 1)
0: install(ok): /scratch/fatx405.1433007/ewgenia001/clone/data/raw_bids/sub-ewgenia001 (dataset)
0: install(ok): /scratch/fatx405.1433007/ewgenia001/clone/data/raw_bids/sub-ewgenia002 (dataset)
0: update(ok): . (dataset)
0: configure-sibling(ok): . (sibling)
0: install(ok): /scratch/fatx405.1433007/ewgenia001/clone/data/raw_bids/sub-ewgenia003 (dataset)
0: install(ok): /scratch/fatx405.1433007/ewgenia001/clone/data/raw_bids/sub-ewgenia004 (dataset)
0: install(ok): /scratch/fatx405.1433007/ewgenia001/clone/data/raw_bids/sourcedata/dicoms (dataset)
0: install(ok): /scratch/fatx405.1433007/ewgenia001/clone/data/raw_bids/sub-ewgenia005 (dataset)
0: action summary:
0:   configure-sibling (ok: 1)
0:   get (notneeded: 1)
0:   install (ok: 6)
0:   update (ok: 1)
0: install(ok): /scratch/fatx405.1433007/ewgenia004/clone/data/raw_bids/sub-ewgenia002 (dataset)
0: install(ok): /scratch/fatx405.1433007/ewgenia004/clone/data/raw_bids/sub-ewgenia001 (dataset)
0: update(ok): . (dataset)
0: configure-sibling(ok): . (sibling)
0: install(ok): /scratch/fatx405.1433007/ewgenia004/clone/data/raw_bids/sub-ewgenia004 (dataset)
0: install(ok): /scratch/fatx405.1433007/ewgenia004/clone/data/raw_bids/sub-ewgenia003 (dataset)
0: install(ok): /scratch/fatx405.1433007/ewgenia004/clone/data/raw_bids/sourcedata/dicoms (dataset)
0: install(ok): /scratch/fatx405.1433007/ewgenia004/clone/data/raw_bids/sub-ewgenia005 (dataset)
0: action summary:
0:   configure-sibling (ok: 1)
0:   get (notneeded: 1)
0:   install (ok: 6)
0:   update (ok: 1)
0: 210706-16:39:20,816 nipype.workflow INFO:
0: 	 [Node] Setting-up "convert" in "/tmp/dcm2niixdsz_yy0b/convert".
0: 210706-16:39:20,936 nipype.workflow INFO:
0: 	 [Node] Running "convert" ("nipype.interfaces.dcm2nii.Dcm2niix"), a CommandLine Interface with command:
0: dcm2niix -b y -z y -x n -t n -m n -f sub-ewgenia003_ses-1_FLAIR_heudiconv923 -o /bids/sub-ewgenia003/ses-1/anat -s n -v n /tmp/dcm2niixdsz_yy0b/convert
0: 210706-16:39:21,733 nipype.interface INFO:
0: 	 stdout 2021-07-06T16:39:21.732335:Chris Rorden's dcm2niiX version v1.0.20190410  GCC6.3.0 (64-bit Linux)
0: 210706-16:39:21,735 nipype.interface INFO:
0: 	 stdout 2021-07-06T16:39:21.732335:Found 384 DICOM file(s)
0: 210706-16:39:21,735 nipype.interface INFO:
0: 	 stdout 2021-07-06T16:39:21.732335:192 images have identical time, series, acquisition and instance values. DUPLICATES REMOVED.
0: 210706-16:39:21,735 nipype.interface INFO:
0: 	 stdout 2021-07-06T16:39:21.732335:Convert 192 DICOM as /bids/sub-ewgenia003/ses-1/anat/sub-ewgenia003_ses-1_FLAIR_heudiconv923 (320x320x192x1)
0: 210706-16:39:23,950 nipype.interface INFO:
0: 	 stdout 2021-07-06T16:39:23.949377:Compress: "/usr/bin/pigz" -b 960 -n -f -6 "/bids/sub-ewgenia003/ses-1/anat/sub-ewgenia003_ses-1_FLAIR_heudiconv923.nii"
0: 210706-16:39:23,952 nipype.interface INFO:
0: 	 stdout 2021-07-06T16:39:23.949377:Conversion required 2.517426 seconds (0.463905 for core code).
0: 210706-16:39:24,300 nipype.workflow INFO:
0: 	 [Node] Finished "convert".
0: 210706-16:39:24,660 nipype.workflow INFO:
0: 	 [Node] Setting-up "convert" in "/tmp/dcm2niixoujg69hq/convert".
0: 210706-16:39:24,785 nipype.workflow INFO:
0: 	 [Node] Running "convert" ("nipype.interfaces.dcm2nii.Dcm2niix"), a CommandLine Interface with command:
0: dcm2niix -b y -z y -x n -t n -m n -f sub-ewgenia005_ses-1_FLAIR_heudiconv698 -o /bids/sub-ewgenia005/ses-1/anat -s n -v n /tmp/dcm2niixoujg69hq/convert
0: 210706-16:39:24,900 nipype.workflow INFO:
0: 	 [Node] Setting-up "convert" in "/tmp/dcm2niixejoc2z5e/convert".
0: 210706-16:39:25,605 nipype.interface INFO:
0: 	 stdout 2021-07-06T16:39:25.604078:Chris Rorden's dcm2niiX version v1.0.20190410  GCC6.3.0 (64-bit Linux)
0: 210706-16:39:25,607 nipype.interface INFO:
0: 	 stdout 2021-07-06T16:39:25.604078:Found 384 DICOM file(s)
0: 210706-16:39:25,607 nipype.interface INFO:
0: 	 stdout 2021-07-06T16:39:25.604078:192 images have identical time, series, acquisition and instance values. DUPLICATES REMOVED.
0: 210706-16:39:25,607 nipype.interface INFO:
0: 	 stdout 2021-07-06T16:39:25.604078:Convert 192 DICOM as /bids/sub-ewgenia005/ses-1/anat/sub-ewgenia005_ses-1_FLAIR_heudiconv698 (320x320x192x1)
0: 210706-16:39:27,513 nipype.interface INFO:
0: 	 stdout 2021-07-06T16:39:27.512031:Compress: "/usr/bin/pigz" -b 960 -n -f -6 "/bids/sub-ewgenia005/ses-1/anat/sub-ewgenia005_ses-1_FLAIR_heudiconv698.nii"
0: 210706-16:39:27,514 nipype.interface INFO:
0: 	 stdout 2021-07-06T16:39:27.512031:Conversion required 2.197020 seconds (0.452014 for core code).
0: 210706-16:39:28,35 nipype.workflow INFO:
0: 	 [Node] Finished "convert".
0: 210706-16:39:30,484 nipype.workflow INFO:
0: 	 [Node] Running "convert" ("nipype.interfaces.dcm2nii.Dcm2niix"), a CommandLine Interface with command:
0: dcm2niix -b y -z y -x n -t n -m n -f sub-ewgenia002_ses-1_FLAIR_heudiconv263 -o /bids/sub-ewgenia002/ses-1/anat -s n -v n /tmp/dcm2niixejoc2z5e/convert
0: 210706-16:39:31,298 nipype.interface INFO:
0: 	 stdout 2021-07-06T16:39:31.296584:Chris Rorden's dcm2niiX version v1.0.20190410  GCC6.3.0 (64-bit Linux)
0: 210706-16:39:31,301 nipype.interface INFO:
0: 	 stdout 2021-07-06T16:39:31.296584:Found 384 DICOM file(s)
0: 210706-16:39:31,301 nipype.interface INFO:
0: 	 stdout 2021-07-06T16:39:31.296584:192 images have identical time, series, acquisition and instance values. DUPLICATES REMOVED.
0: 210706-16:39:31,301 nipype.interface INFO:
0: 	 stdout 2021-07-06T16:39:31.296584:Convert 192 DICOM as /bids/sub-ewgenia002/ses-1/anat/sub-ewgenia002_ses-1_FLAIR_heudiconv263 (320x320x192x1)
0: 210706-16:39:32,899 nipype.interface INFO:
0: 	 stdout 2021-07-06T16:39:32.898293:Compress: "/usr/bin/pigz" -b 960 -n -f -6 "/bids/sub-ewgenia002/ses-1/anat/sub-ewgenia002_ses-1_FLAIR_heudiconv263.nii"
0: 210706-16:39:32,901 nipype.interface INFO:
0: 	 stdout 2021-07-06T16:39:32.898293:Conversion required 1.896269 seconds (0.453528 for core code).
0: 210706-16:39:33,128 nipype.workflow INFO:
0: 	 [Node] Finished "convert".
0: 210706-16:39:43,981 nipype.workflow INFO:
0: 	 [Node] Setting-up "convert" in "/tmp/dcm2niixh3t7lnnt/convert".
0: 210706-16:39:44,114 nipype.workflow INFO:
0: 	 [Node] Running "convert" ("nipype.interfaces.dcm2nii.Dcm2niix"), a CommandLine Interface with command:
0: dcm2niix -b y -z y -x n -t n -m n -f sub-ewgenia001_ses-1_FLAIR_heudiconv896 -o /bids/sub-ewgenia001/ses-1/anat -s n -v n /tmp/dcm2niixh3t7lnnt/convert
0: 210706-16:39:44,832 nipype.interface INFO:
0: 	 stdout 2021-07-06T16:39:44.831267:Chris Rorden's dcm2niiX version v1.0.20190410  GCC6.3.0 (64-bit Linux)
0: 210706-16:39:44,834 nipype.interface INFO:
0: 	 stdout 2021-07-06T16:39:44.831267:Found 384 DICOM file(s)
0: 210706-16:39:44,834 nipype.interface INFO:
0: 	 stdout 2021-07-06T16:39:44.831267:192 images have identical time, series, acquisition and instance values. DUPLICATES REMOVED.
0: 210706-16:39:44,834 nipype.interface INFO:
0: 	 stdout 2021-07-06T16:39:44.831267:Convert 192 DICOM as /bids/sub-ewgenia001/ses-1/anat/sub-ewgenia001_ses-1_FLAIR_heudiconv896 (320x320x192x1)
0: 210706-16:39:46,609 nipype.interface INFO:
0: 	 stdout 2021-07-06T16:39:46.609023:Compress: "/usr/bin/pigz" -b 960 -n -f -6 "/bids/sub-ewgenia001/ses-1/anat/sub-ewgenia001_ses-1_FLAIR_heudiconv896.nii"
0: 210706-16:39:46,611 nipype.interface INFO:
0: 	 stdout 2021-07-06T16:39:46.609023:Conversion required 2.071334 seconds (0.459353 for core code).
0: 210706-16:39:46,653 nipype.workflow INFO:
0: 	 [Node] Finished "convert".
0: get(ok): data/dicoms/ewgenia005/ses-1/3D_FLAIR_0005.tar.gz (file) [from origin...]
0: get(ok): data/dicoms/ewgenia005/ses-1/EP2D_DIFF_96DIR_7B0_3SHELL_ORIG_0015.tar.gz (file) [from origin...]
0: get(ok): data/dicoms/ewgenia005/ses-1/EP2D_RESTINGSTATE_0012.tar.gz (file) [from origin...]
0: get(ok): data/dicoms/ewgenia005/ses-1/T1_MPRAGE_COR_ND_0008.tar.gz (file) [from origin...]
0: get(ok): data/dicoms/ewgenia005 (directory)
0: remove(ok): participants.tsv
0: unlock(ok): data/raw_bids/dataset_description.json (file)
0: get(ok): data/dicoms/ewgenia002/ses-1/3D_FLAIR_0005.tar.gz (file) [from origin...]
0: get(ok): data/dicoms/ewgenia002/ses-1/EP2D_DIFF_96DIR_7B0_3SHELL_ORIG_0015.tar.gz (file) [from origin...]
0: get(ok): data/dicoms/ewgenia003/ses-1/3D_FLAIR_0005.tar.gz (file) [from origin...]
0: get(ok): data/dicoms/ewgenia003/ses-1/EP2D_DIFF_96DIR_7B0_3SHELL_ORIG_0015.tar.gz (file) [from origin...]
0: get(ok): data/dicoms/ewgenia002/ses-1/EP2D_RESTINGSTATE_0012.tar.gz (file) [from origin...]
0: get(ok): data/dicoms/ewgenia002/ses-1/T1_MPRAGE_COR_ND_0008.tar.gz (file) [from origin...]
0: get(ok): data/dicoms/ewgenia003/ses-1/EP2D_RESTINGSTATE_0012.tar.gz (file) [from origin...]
0: get(ok): data/dicoms/ewgenia003/ses-1/T1_MPRAGE_COR_ND_0008.tar.gz (file) [from origin...]
0: get(ok): data/dicoms/ewgenia002 (directory)
0: remove(ok): participants.tsv
0: get(ok): data/dicoms/ewgenia003 (directory)
0: remove(ok): participants.tsv
0: unlock(ok): data/raw_bids/dataset_description.json (file)
0: unlock(ok): data/raw_bids/dataset_description.json (file)
0: 210706-16:39:56,111 nipype.workflow INFO:
0: 	 [Node] Setting-up "convert" in "/tmp/dcm2niixo2zijsdj/convert".
0: 210706-16:39:56,229 nipype.workflow INFO:
0: 	 [Node] Running "convert" ("nipype.interfaces.dcm2nii.Dcm2niix"), a CommandLine Interface with command:
0: dcm2niix -b y -z y -x n -t n -m n -f sub-ewgenia004_ses-1_FLAIR_heudiconv244 -o /bids/sub-ewgenia004/ses-1/anat -s n -v n /tmp/dcm2niixo2zijsdj/convert
0: 210706-16:39:57,38 nipype.interface INFO:
0: 	 stdout 2021-07-06T16:39:57.037409:Chris Rorden's dcm2niiX version v1.0.20190410  GCC6.3.0 (64-bit Linux)
0: 210706-16:39:57,40 nipype.interface INFO:
0: 	 stdout 2021-07-06T16:39:57.037409:Found 384 DICOM file(s)
0: 210706-16:39:57,40 nipype.interface INFO:
0: 	 stdout 2021-07-06T16:39:57.037409:192 images have identical time, series, acquisition and instance values. DUPLICATES REMOVED.
0: 210706-16:39:57,40 nipype.interface INFO:
0: 	 stdout 2021-07-06T16:39:57.037409:Convert 192 DICOM as /bids/sub-ewgenia004/ses-1/anat/sub-ewgenia004_ses-1_FLAIR_heudiconv244 (320x320x192x1)
0: 210706-16:39:59,61 nipype.interface INFO:
0: 	 stdout 2021-07-06T16:39:59.060458:Compress: "/usr/bin/pigz" -b 960 -n -f -6 "/bids/sub-ewgenia004/ses-1/anat/sub-ewgenia004_ses-1_FLAIR_heudiconv244.nii"
0: 210706-16:39:59,63 nipype.interface INFO:
0: 	 stdout 2021-07-06T16:39:59.060458:Conversion required 2.324379 seconds (0.476014 for core code).
0: 210706-16:40:01,453 nipype.workflow INFO:
0: 	 [Node] Finished "convert".
0: get(ok): data/dicoms/ewgenia004/ses-1/3D_FLAIR_0005.tar.gz (file) [from origin...]
0: get(ok): data/dicoms/ewgenia004/ses-1/EP2D_DIFF_96DIR_7B0_3SHELL_ORIG_0015.tar.gz (file) [from origin...]
0: get(ok): data/dicoms/ewgenia004/ses-1/EP2D_RESTINGSTATE_0012.tar.gz (file) [from origin...]
0: get(ok): data/dicoms/ewgenia004/ses-1/T1_MPRAGE_COR_ND_0008.tar.gz (file) [from origin...]
0: get(ok): data/dicoms/ewgenia004 (directory)
0: remove(ok): participants.tsv
0: unlock(ok): data/raw_bids/dataset_description.json (file)
0: 210706-16:41:33,764 nipype.workflow INFO:
0: 	 [Node] Setting-up "convert" in "/tmp/dcm2niixrslcwmhw/convert".
0: 210706-16:41:39,98 nipype.workflow INFO:
0: 	 [Node] Running "convert" ("nipype.interfaces.dcm2nii.Dcm2niix"), a CommandLine Interface with command:
0: dcm2niix -b y -z y -x n -t n -m n -f sub-ewgenia001_ses-1_dir-AP_dwi_heudiconv831 -o /bids/sub-ewgenia001/ses-1/dwi -s n -v n /tmp/dcm2niixrslcwmhw/convert
0: 210706-16:41:50,162 nipype.interface INFO:
0: 	 stdout 2021-07-06T16:41:50.161253:Chris Rorden's dcm2niiX version v1.0.20190410  GCC6.3.0 (64-bit Linux)
0: 210706-16:41:50,164 nipype.interface INFO:
0: 	 stdout 2021-07-06T16:41:50.161253:Found 17618 DICOM file(s)
0: 210706-16:41:50,164 nipype.interface INFO:
0: 	 stdout 2021-07-06T16:41:50.161253:slices stacked despite varying acquisition numbers (if this is not desired recompile with 'mySegmentByAcq')
0: 210706-16:41:50,164 nipype.interface INFO:
0: 	 stdout 2021-07-06T16:41:50.161253:6288 images have identical time, series, acquisition and instance values. DUPLICATES REMOVED.
0: 210706-16:41:50,164 nipype.interface INFO:
0: 	 stdout 2021-07-06T16:41:50.161253:Saving 103 DTI gradients. Validate vectors.
0: 210706-16:41:50,165 nipype.interface INFO:
0: 	 stdout 2021-07-06T16:41:50.161253:Convert 11330 DICOM as /bids/sub-ewgenia001/ses-1/dwi/sub-ewgenia001_ses-1_dir-AP_dwi_heudiconv831 (144x144x110x103)
0: 210706-16:42:06,307 nipype.interface INFO:
0: 	 stdout 2021-07-06T16:42:06.306388:Compress: "/usr/bin/pigz" -b 960 -n -f -6 "/bids/sub-ewgenia001/ses-1/dwi/sub-ewgenia001_ses-1_dir-AP_dwi_heudiconv831.nii"
0: 210706-16:42:06,309 nipype.interface INFO:
0: 	 stdout 2021-07-06T16:42:06.306388:Conversion required 26.965285 seconds (11.082695 for core code).
0: 210706-16:42:07,33 nipype.workflow INFO:
0: 	 [Node] Finished "convert".
0: 210706-16:42:11,289 nipype.workflow INFO:
0: 	 [Node] Setting-up "convert" in "/tmp/dcm2niix5nvk26ot/convert".
0: 210706-16:42:11,404 nipype.workflow INFO:
0: 	 [Node] Running "convert" ("nipype.interfaces.dcm2nii.Dcm2niix"), a CommandLine Interface with command:
0: dcm2niix -b y -z y -x n -t n -m n -f sub-ewgenia001_ses-1_task-rest_bold_heudiconv994 -o /bids/sub-ewgenia001/ses-1/func -s n -v n /tmp/dcm2niix5nvk26ot/convert
0: 210706-16:42:12,13 nipype.interface INFO:
0: 	 stdout 2021-07-06T16:42:12.012677:Chris Rorden's dcm2niiX version v1.0.20190410  GCC6.3.0 (64-bit Linux)
0: 210706-16:42:12,16 nipype.interface INFO:
0: 	 stdout 2021-07-06T16:42:12.012677:Found 400 DICOM file(s)
0: 210706-16:42:12,16 nipype.interface INFO:
0: 	 stdout 2021-07-06T16:42:12.012677:slices stacked despite varying acquisition numbers (if this is not desired recompile with 'mySegmentByAcq')
0: 210706-16:42:12,16 nipype.interface INFO:
0: 	 stdout 2021-07-06T16:42:12.012677:200 images have identical time, series, acquisition and instance values. DUPLICATES REMOVED.
0: 210706-16:42:12,16 nipype.interface INFO:
0: 	 stdout 2021-07-06T16:42:12.012677:Convert 200 DICOM as /bids/sub-ewgenia001/ses-1/func/sub-ewgenia001_ses-1_task-rest_bold_heudiconv994 (72x72x40x200)
0: 210706-16:42:15,264 nipype.interface INFO:
0: 	 stdout 2021-07-06T16:42:15.263047:Compress: "/usr/bin/pigz" -b 960 -n -f -6 "/bids/sub-ewgenia001/ses-1/func/sub-ewgenia001_ses-1_task-rest_bold_heudiconv994.nii"
0: 210706-16:42:15,266 nipype.interface INFO:
0: 	 stdout 2021-07-06T16:42:15.263047:Conversion required 3.618112 seconds (0.410867 for core code).
0: 210706-16:42:15,304 nipype.workflow INFO:
0: 	 [Node] Finished "convert".
0: 210706-16:42:18,262 nipype.workflow INFO:
0: 	 [Node] Setting-up "convert" in "/tmp/dcm2niixgai16nkb/convert".
0: 210706-16:42:18,407 nipype.workflow INFO:
0: 	 [Node] Running "convert" ("nipype.interfaces.dcm2nii.Dcm2niix"), a CommandLine Interface with command:
0: dcm2niix -b y -z y -x n -t n -m n -f sub-ewgenia001_ses-1_T1w_heudiconv492 -o /bids/sub-ewgenia001/ses-1/anat -s n -v n /tmp/dcm2niixgai16nkb/convert
0: 210706-16:42:19,1 nipype.interface INFO:
0: 	 stdout 2021-07-06T16:42:19.000693:Chris Rorden's dcm2niiX version v1.0.20190410  GCC6.3.0 (64-bit Linux)
0: 210706-16:42:19,3 nipype.interface INFO:
0: 	 stdout 2021-07-06T16:42:19.000693:Found 512 DICOM file(s)
0: 210706-16:42:19,3 nipype.interface INFO:
0: 	 stdout 2021-07-06T16:42:19.000693:256 images have identical time, series, acquisition and instance values. DUPLICATES REMOVED.
0: 210706-16:42:19,3 nipype.interface INFO:
0: 	 stdout 2021-07-06T16:42:19.000693:Convert 256 DICOM as /bids/sub-ewgenia001/ses-1/anat/sub-ewgenia001_ses-1_T1w_heudiconv492 (232x288x256x1)
0: 210706-16:42:20,478 nipype.interface INFO:
0: 	 stdout 2021-07-06T16:42:20.477055:Compress: "/usr/bin/pigz" -b 960 -n -f -6 "/bids/sub-ewgenia001/ses-1/anat/sub-ewgenia001_ses-1_T1w_heudiconv492.nii"
0: 210706-16:42:20,480 nipype.interface INFO:
0: 	 stdout 2021-07-06T16:42:20.477055:Conversion required 1.824387 seconds (0.448844 for core code).
0: 210706-16:42:20,522 nipype.workflow INFO:
0: 	 [Node] Finished "convert".
0: get(ok): data/dicoms/ewgenia001/ses-1/3D_FLAIR_0005.tar.gz (file) [from origin...]
0: get(ok): data/dicoms/ewgenia001/ses-1/EP2D_DIFF_96DIR_7B0_3SHELL_ORIG_0015.tar.gz (file) [from origin...]
0: get(ok): data/dicoms/ewgenia001/ses-1/EP2D_RESTINGSTATE_0012.tar.gz (file) [from origin...]
0: get(ok): data/dicoms/ewgenia001/ses-1/T1_MPRAGE_COR_ND_0008.tar.gz (file) [from origin...]
0: get(ok): data/dicoms/ewgenia001 (directory)
0: remove(ok): participants.tsv
0: unlock(ok): data/raw_bids/dataset_description.json (file)
0: add(ok): ses-1/anat/sub-ewgenia001_ses-1_FLAIR.json (file)
0: add(ok): ses-1/anat/sub-ewgenia001_ses-1_FLAIR.nii.gz (file)
0: add(ok): ses-1/anat/sub-ewgenia001_ses-1_T1w.json (file)
0: add(ok): ses-1/anat/sub-ewgenia001_ses-1_T1w.nii.gz (file)
0: add(ok): ses-1/dwi/sub-ewgenia001_ses-1_dir-AP_dwi.bval (file)
0: add(ok): ses-1/dwi/sub-ewgenia001_ses-1_dir-AP_dwi.bvec (file)
0: add(ok): ses-1/dwi/sub-ewgenia001_ses-1_dir-AP_dwi.json (file)
0: add(ok): ses-1/dwi/sub-ewgenia001_ses-1_dir-AP_dwi.nii.gz (file)
0: add(ok): ses-1/func/sub-ewgenia001_ses-1_task-rest_bold.json (file)
0: add(ok): ses-1/func/sub-ewgenia001_ses-1_task-rest_bold.nii.gz (file)
0: add(ok): ses-1/func/sub-ewgenia001_ses-1_task-rest_events.tsv (file)
0: add(ok): ses-1/sub-ewgenia001_ses-1_scans.json (file)
0: add(ok): ses-1/sub-ewgenia001_ses-1_scans.tsv (file)
0: save(ok): data/raw_bids/sub-ewgenia001 (dataset)
0: add(ok): sub-ewgenia001 (file)
0: add(ok): participants.tsv (file)
0: add(ok): dataset_description.json (file)
0: save(ok): data/raw_bids (dataset)
0: add(ok): data/raw_bids (file)
0: save(ok): . (dataset)
0: action summary:
0:   add (ok: 17)
0:   get (notneeded: 5, ok: 5)
0:   remove (ok: 1)
0:   save (ok: 3)
0:   unlock (ok: 1)
0: Some packages in this Docker container are non-free
0: If you are considering commercial use of this container, please consult the relevant license:
0: https://fsl.fmrib.ox.ac.uk/fsl/fslwiki/Licence
0: --------------
0: pydeface 2.0.0
0: --------------
0: Previous output will be overwritten.
0: Temporary files:
0:   /tmp/tmptq0hpr__.mat
0:   /tmp/tmped3wgveg.nii.gz
0: Defacing...
0:   /scratch/fatx405.1433007/ewgenia001/clone/data/raw_bids/sub-ewgenia001/ses-1/anat/sub-ewgenia001_ses-1_T1w.nii.gz
0: Defaced image saved as:
0:   /scratch/fatx405.1433007/ewgenia001/clone/data/raw_bids/sub-ewgenia001/ses-1/anat/sub-ewgenia001_ses-1_T1w.nii.gz
0: Cleaning up...
0: Finished.
0: get(ok): .datalad/environments/pydeface/image (file) [from origin...]
0: unlock(ok): data/raw_bids/sub-ewgenia001/ses-1/anat/sub-ewgenia001_ses-1_T1w.nii.gz (file)
0: add(ok): ses-1/anat/sub-ewgenia001_ses-1_T1w.nii.gz (file)
0: save(ok): data/raw_bids/sub-ewgenia001 (dataset)
0: add(ok): sub-ewgenia001 (file)
0: save(ok): data/raw_bids (dataset)
0: add(ok): data/raw_bids (file)
0: save(ok): . (dataset)
0: action summary:
0:   add (ok: 3)
0:   get (notneeded: 2, ok: 1)
0:   save (ok: 3)
0:   unlock (ok: 1)
0: Some packages in this Docker container are non-free
0: If you are considering commercial use of this container, please consult the relevant license:
0: https://fsl.fmrib.ox.ac.uk/fsl/fslwiki/Licence
0: --------------
0: pydeface 2.0.0
0: --------------
0: Previous output will be overwritten.
0: Temporary files:
0:   /tmp/tmpik6gppaa.mat
0:   /tmp/tmp2tr9i9di.nii.gz
0: Defacing...
0:   /scratch/fatx405.1433007/ewgenia001/clone/data/raw_bids/sub-ewgenia001/ses-1/anat/sub-ewgenia001_ses-1_FLAIR.nii.gz
0: Defaced image saved as:
0:   /scratch/fatx405.1433007/ewgenia001/clone/data/raw_bids/sub-ewgenia001/ses-1/anat/sub-ewgenia001_ses-1_FLAIR.nii.gz
0: Cleaning up...
0: Finished.
0: unlock(ok): data/raw_bids/sub-ewgenia001/ses-1/anat/sub-ewgenia001_ses-1_FLAIR.nii.gz (file)
0: add(ok): ses-1/anat/sub-ewgenia001_ses-1_FLAIR.nii.gz (file)
0: save(ok): data/raw_bids/sub-ewgenia001 (dataset)
0: add(ok): sub-ewgenia001 (file)
0: save(ok): data/raw_bids (dataset)
0: add(ok): data/raw_bids (file)
0: save(ok): . (dataset)
0: action summary:
0:   add (ok: 3)
0:   get (notneeded: 3)
0:   save (ok: 3)
0:   unlock (ok: 1)
0: Amending json metadata of: []
0: unlock(ok): data/raw_bids/sub-ewgenia001/ses-1/anat/sub-ewgenia001_ses-1_FLAIR.json (file)
0: unlock(ok): data/raw_bids/sub-ewgenia001/ses-1/anat/sub-ewgenia001_ses-1_T1w.json (file)
0: unlock(ok): data/raw_bids/sub-ewgenia001/ses-1/dwi/sub-ewgenia001_ses-1_dir-AP_dwi.json (file)
0: unlock(ok): data/raw_bids/sub-ewgenia001/ses-1/func/sub-ewgenia001_ses-1_task-rest_bold.json (file)
0: add(ok): ses-1/anat/sub-ewgenia001_ses-1_FLAIR.json (file)
0: add(ok): ses-1/anat/sub-ewgenia001_ses-1_T1w.json (file)
0: add(ok): ses-1/dwi/sub-ewgenia001_ses-1_dir-AP_dwi.json (file)
0: add(ok): ses-1/func/sub-ewgenia001_ses-1_task-rest_bold.json (file)
0: add(ok): sub-ewgenia001 (file)
0: add(ok): data/raw_bids (file)
0: action summary:
0:   add (ok: 6)
0:   get (notneeded: 5)
0:   save (notneeded: 3)
0:   unlock (ok: 4)
0: publish(ok): . (dataset) [refs/heads/git-annex->origin:refs/heads/git-annex a25119d..62dda6f]
0: publish(ok): . (dataset) [refs/heads/job-1433007-bidsify-ewgenia001->origin:refs/heads/job-1433007-bidsify-ewgenia001 [new branch]]
0: copy(ok): ses-1/anat/sub-ewgenia001_ses-1_FLAIR.nii.gz (file) [to origin...]
0: copy(ok): ses-1/anat/sub-ewgenia001_ses-1_T1w.nii.gz (file) [to origin...]
0: copy(ok): ses-1/dwi/sub-ewgenia001_ses-1_dir-AP_dwi.nii.gz (file) [to origin...]
0: copy(ok): ses-1/func/sub-ewgenia001_ses-1_task-rest_bold.nii.gz (file) [to origin...]
0: publish(ok): . (dataset) [refs/heads/git-annex->origin:refs/heads/git-annex edf8701..5ef9abf]
0: publish(ok): . (dataset) [refs/heads/job-1433007-bidsify-ewgenia001->origin:refs/heads/job-1433007-bidsify-ewgenia001 [new branch]]
Filesystem      Size  Used Avail Use% Mounted on
/dev/sda2        92G   55G   37G  60% /scratch
script runtime: 00:33:27 hours
