starting processing with bidsify from index: 0 ...
for n=10 subjects
subjects to process: ewgenia001 ewgenia002 ewgenia003 ewgenia004 ewgenia005
submission script directory: /work/fatx405/projects/CSI_TEST/code
current TMPDIR: /scratch/fatx405.1433188
ITERator: 0
running:
 parallel --ungroup --progress --delay 0.2 -j10 --joblog /work/fatx405/projects/CSI_TEST/code/log/parallel_runtask.log srun --label --exclusive -N1 -n1 --cpus-per-task 3 --mem-per-cpu=16000 /work/fatx405/projects/CSI_TEST/code/pipelines_processing.sh ::: ewgenia001 ewgenia002 ewgenia003 ewgenia004 ewgenia005
0: allexport      	off
0: braceexpand    	on
0: emacs          	off
0: errexit        	on
0: errtrace       	off
0: functrace      	off
0: hashall        	on
0: histexpand     	off
0: history        	off
0: ignoreeof      	off
0: interactive-comments	on
0: keyword        	off
0: monitor        	off
0: noclobber      	off
0: noexec         	off
0: noglob         	off
0: nolog          	off
0: notify         	off
0: nounset        	off
0: onecmd         	off
0: physical       	off
0: pipefail       	off
0: posix          	off
0: privileged     	off
0: verbose        	off
0: vi             	off
0: xtrace         	off
0: allexport      	off
0: braceexpand    	on
0: emacs          	off
0: errexit        	on
0: errtrace       	off
0: functrace      	off
0: hashall        	on
0: histexpand     	off
0: history        	off
0: ignoreeof      	off
0: interactive-comments	on
0: keyword        	off
0: monitor        	off
0: noclobber      	off
0: noexec         	off
0: noglob         	off
0: nolog          	off
0: notify         	off
0: nounset        	off
0: onecmd         	off
0: physical       	off
0: pipefail       	off
0: posix          	off
0: privileged     	off
0: verbose        	off
0: vi             	off
0: xtrace         	off
0: allexport      	off
0: braceexpand    	on
0: emacs          	off
0: errexit        	on
0: errtrace       	off
0: functrace      	off
0: hashall        	on
0: histexpand     	off
0: history        	off
0: ignoreeof      	off
0: interactive-comments	on
0: keyword        	off
0: monitor        	off
0: noclobber      	off
0: noexec         	off
0: noglob         	off
0: nolog          	off
0: notify         	off
0: nounset        	off
0: onecmd         	off
0: physical       	off
0: pipefail       	off
0: posix          	off
0: privileged     	off
0: verbose        	off
0: vi             	off
0: xtrace         	off
0: ###################################
0: ###################################
0: Started processing of ewgenia001
0: Started processing of ewgenia002
0: ###################################
0: ###################################
0: hostname: node006
0: hostname: node006
0: singularity version 3.5.2
0: singularity version 3.5.2
0: TMPDIR: /scratch/fatx405.1433188
0: TMPDIR: /scratch/fatx405.1433188
0: RRZ_LOCAL_TMPDIR: /scratch/fatx405.1433188
0: RRZ_LOCAL_TMPDIR: /scratch/fatx405.1433188
0: SINGULARITY_CACHEDIR: /work/fatx405/tmp/singularity
0: SINGULARITY_CACHEDIR: /work/fatx405/tmp/singularity
0: SINGULARITY_TMPDIR: /work/fatx405/tmp/singularity
0: SINGULARITY_TMPDIR: /work/fatx405/tmp/singularity
0: DSLOCKFILE: /scratch/fatx405.1433188/ewgenia002/bidsify.lock
0: DSLOCKFILE: /scratch/fatx405.1433188/ewgenia001/bidsify.lock
0: DATALAD_LOCATIONS_SOCKETS: /scratch/fatx405.1433188/ewgenia002/sockets
0: DATALAD_LOCATIONS_SOCKETS: /scratch/fatx405.1433188/ewgenia001/sockets
0: allexport      	off
0: braceexpand    	on
0: emacs          	off
0: errexit        	on
0: errtrace       	off
0: functrace      	off
0: hashall        	on
0: histexpand     	off
0: history        	off
0: ignoreeof      	off
0: interactive-comments	on
0: keyword        	off
0: monitor        	off
0: noclobber      	off
0: noexec         	off
0: noglob         	off
0: nolog          	off
0: notify         	off
0: nounset        	off
0: onecmd         	off
0: physical       	off
0: pipefail       	off
0: posix          	off
0: privileged     	off
0: verbose        	off
0: vi             	off
0: xtrace         	off
0: ###################################
0: Started processing of ewgenia003
0: ###################################
0: allexport      	off
0: braceexpand    	on
0: emacs          	off
0: errexit        	on
0: errtrace       	off
0: functrace      	off
0: hashall        	on
0: histexpand     	off
0: history        	off
0: ignoreeof      	off
0: interactive-comments	on
0: keyword        	off
0: hostname: node006
0: monitor        	off
0: noclobber      	off
0: noexec         	off
0: noglob         	off
0: nolog          	off
0: notify         	off
0: nounset        	off
0: onecmd         	off
0: physical       	off
0: pipefail       	off
0: posix          	off
0: singularity version 3.5.2
0: privileged     	off
0: verbose        	off
0: vi             	off
0: TMPDIR: /scratch/fatx405.1433188
0: xtrace         	off
0: RRZ_LOCAL_TMPDIR: /scratch/fatx405.1433188
0: SINGULARITY_CACHEDIR: /work/fatx405/tmp/singularity
0: SINGULARITY_TMPDIR: /work/fatx405/tmp/singularity
0: DSLOCKFILE: /scratch/fatx405.1433188/ewgenia003/bidsify.lock
0: DATALAD_LOCATIONS_SOCKETS: /scratch/fatx405.1433188/ewgenia003/sockets
0: ###################################
0: Started processing of ewgenia004
0: ###################################
0: hostname: node006
0: singularity version 3.5.2
0: TMPDIR: /scratch/fatx405.1433188
0: RRZ_LOCAL_TMPDIR: /scratch/fatx405.1433188
0: SINGULARITY_CACHEDIR: /work/fatx405/tmp/singularity
0: SINGULARITY_TMPDIR: /work/fatx405/tmp/singularity
0: DSLOCKFILE: /scratch/fatx405.1433188/ewgenia004/bidsify.lock
0: DATALAD_LOCATIONS_SOCKETS: /scratch/fatx405.1433188/ewgenia004/sockets
0: ###################################
0: Started processing of ewgenia005
0: ###################################
0: hostname: node006
0: singularity version 3.5.2
0: TMPDIR: /scratch/fatx405.1433188
0: RRZ_LOCAL_TMPDIR: /scratch/fatx405.1433188
0: SINGULARITY_CACHEDIR: /work/fatx405/tmp/singularity
0: SINGULARITY_TMPDIR: /work/fatx405/tmp/singularity
0: DSLOCKFILE: /scratch/fatx405.1433188/ewgenia005/bidsify.lock
0: DATALAD_LOCATIONS_SOCKETS: /scratch/fatx405.1433188/ewgenia005/sockets
0: install(ok): /scratch/fatx405.1433188/ewgenia002/clone (dataset)
0: install(ok): /scratch/fatx405.1433188/ewgenia001/clone (dataset)
0: install(ok): /scratch/fatx405.1433188/ewgenia004/clone (dataset)
0: install(ok): /scratch/fatx405.1433188/ewgenia003/clone (dataset)
0: install(ok): /scratch/fatx405.1433188/ewgenia005/clone (dataset)
0: install(ok): /scratch/fatx405.1433188/ewgenia001/clone/envs (dataset) [Installed subdataset in order to get /scratch/fatx405.1433188/ewgenia001/clone/envs/freesurfer_license.txt]
0: install(ok): /scratch/fatx405.1433188/ewgenia004/clone/envs (dataset) [Installed subdataset in order to get /scratch/fatx405.1433188/ewgenia004/clone/envs/freesurfer_license.txt]
0: get(ok): envs/freesurfer_license.txt (file) [from origin...]
0: install(ok): /scratch/fatx405.1433188/ewgenia003/clone/envs (dataset) [Installed subdataset in order to get /scratch/fatx405.1433188/ewgenia003/clone/envs/freesurfer_license.txt]
0: get(ok): envs/freesurfer_license.txt (file) [from origin...]
0: action summary:
0: install(ok): /scratch/fatx405.1433188/ewgenia005/clone/envs (dataset) [Installed subdataset in order to get /scratch/fatx405.1433188/ewgenia005/clone/envs/freesurfer_license.txt]
0: action summary:
0: get(ok): envs/freesurfer_license.txt (file) [from origin...]
0:   get (ok: 1)
0: get(ok): envs/freesurfer_license.txt (file) [from origin...]
0:   get (ok: 1)
0: action summary:
0:   install (ok: 1)
0: action summary:
0:   install (ok: 1)
0:   get (ok: 1)
0:   get (ok: 1)
0: install(ok): /scratch/fatx405.1433188/ewgenia002/clone/envs (dataset) [Installed subdataset in order to get /scratch/fatx405.1433188/ewgenia002/clone/envs/freesurfer_license.txt]
0:   install (ok: 1)
0:   install (ok: 1)
0: get(ok): envs/freesurfer_license.txt (file) [from origin...]
0: action summary:
0:   get (ok: 1)
0:   install (ok: 1)
0: install(ok): /scratch/fatx405.1433188/ewgenia002/clone/data/raw_bids (dataset) [Installed subdataset in order to get /scratch/fatx405.1433188/ewgenia002/clone/data/raw_bids/dataset_description.json]
0: install(ok): /scratch/fatx405.1433188/ewgenia004/clone/data/raw_bids (dataset) [Installed subdataset in order to get /scratch/fatx405.1433188/ewgenia004/clone/data/raw_bids/dataset_description.json]
0: get(ok): data/raw_bids/dataset_description.json (file) [from origin...]
0: get(ok): data/raw_bids/dataset_description.json (file) [from origin...]
0: action summary:
0: action summary:
0:   get (ok: 1)
0:   get (ok: 1)
0:   install (ok: 1)
0:   install (ok: 1)
0: Entering 'data/raw_bids'
0: Entering 'data/raw_bids'
0: dead here (recording state in git...)
0: dead here (recording state in git...)
0: ok
0: ok
0: (recording state in git...)
0: (recording state in git...)
0: Entering 'envs'
0: Entering 'envs'
0: dead here (recording state in git...)
0: dead here (recording state in git...)
0: ok
0: ok
0: (recording state in git...)
0: (recording state in git...)
0: ls BIDS root: CHANGELOG.md code data envs README.md
0: ls BIDS root: CHANGELOG.md code data envs README.md
0: install(ok): /scratch/fatx405.1433188/ewgenia005/clone/data/raw_bids (dataset) [Installed subdataset in order to get /scratch/fatx405.1433188/ewgenia005/clone/data/raw_bids/dataset_description.json]
0: get(ok): data/raw_bids/dataset_description.json (file) [from origin...]
0: action summary:
0:   get (ok: 1)
0:   install (ok: 1)
0: Entering 'data/raw_bids'
0: dead here (recording state in git...)
0: ok
0: (recording state in git...)
0: Entering 'envs'
0: dead here (recording state in git...)
0: ok
0: (recording state in git...)
0: ls BIDS root: CHANGELOG.md code data envs README.md
0: install(ok): /scratch/fatx405.1433188/ewgenia002/clone/data/dicoms (dataset) [Installed subdataset in order to get /scratch/fatx405.1433188/ewgenia002/clone/data/dicoms]
0: install(ok): /scratch/fatx405.1433188/ewgenia004/clone/data/dicoms (dataset) [Installed subdataset in order to get /scratch/fatx405.1433188/ewgenia004/clone/data/dicoms]
0: install(ok): /scratch/fatx405.1433188/ewgenia005/clone/data/dicoms (dataset) [Installed subdataset in order to get /scratch/fatx405.1433188/ewgenia005/clone/data/dicoms]
0: install(ok): /scratch/fatx405.1433188/ewgenia004/clone/data/raw_bids/sub-ewgenia002 (dataset)
0: install(ok): /scratch/fatx405.1433188/ewgenia004/clone/data/raw_bids/sub-ewgenia001 (dataset)
0: install(ok): /scratch/fatx405.1433188/ewgenia002/clone/data/raw_bids/sub-ewgenia002 (dataset)
0: install(ok): /scratch/fatx405.1433188/ewgenia002/clone/data/raw_bids/sub-ewgenia001 (dataset)
0: update(ok): . (dataset)
0: configure-sibling(ok): . (sibling)
0: update(ok): . (dataset)
0: configure-sibling(ok): . (sibling)
0: install(ok): /scratch/fatx405.1433188/ewgenia004/clone/data/raw_bids/sub-ewgenia003 (dataset)
0: install(ok): /scratch/fatx405.1433188/ewgenia004/clone/data/raw_bids/sub-ewgenia004 (dataset)
0: install(ok): /scratch/fatx405.1433188/ewgenia002/clone/data/raw_bids/sub-ewgenia004 (dataset)
0: install(ok): /scratch/fatx405.1433188/ewgenia002/clone/data/raw_bids/sub-ewgenia003 (dataset)
0: install(ok): /scratch/fatx405.1433188/ewgenia004/clone/data/raw_bids/sourcedata/dicoms (dataset)
0: install(ok): /scratch/fatx405.1433188/ewgenia004/clone/data/raw_bids/sub-ewgenia005 (dataset)
0: install(ok): /scratch/fatx405.1433188/ewgenia002/clone/data/raw_bids/sourcedata/dicoms (dataset)
0: install(ok): /scratch/fatx405.1433188/ewgenia002/clone/data/raw_bids/sub-ewgenia005 (dataset)
0: action summary:
0:   configure-sibling (ok: 1)
0: action summary:
0:   configure-sibling (ok: 1)
0:   get (notneeded: 1)
0:   install (ok: 6)
0:   get (notneeded: 1)
0:   install (ok: 6)
0:   update (ok: 1)
0:   update (ok: 1)
0: install(ok): /scratch/fatx405.1433188/ewgenia005/clone/data/raw_bids/sub-ewgenia001 (dataset)
0: install(ok): /scratch/fatx405.1433188/ewgenia005/clone/data/raw_bids/sub-ewgenia002 (dataset)
0: install(ok): /scratch/fatx405.1433188/ewgenia005/clone/data/raw_bids/sub-ewgenia004 (dataset)
0: install(ok): /scratch/fatx405.1433188/ewgenia005/clone/data/raw_bids/sub-ewgenia003 (dataset)
0: update(ok): . (dataset)
0: configure-sibling(ok): . (sibling)
0: install(ok): /scratch/fatx405.1433188/ewgenia005/clone/data/raw_bids/sourcedata/dicoms (dataset)
0: install(ok): /scratch/fatx405.1433188/ewgenia005/clone/data/raw_bids/sub-ewgenia005 (dataset)
0: action summary:
0:   configure-sibling (ok: 1)
0:   get (notneeded: 1)
0:   install (ok: 6)
0:   update (ok: 1)
0: install(ok): /scratch/fatx405.1433188/ewgenia003/clone/data/raw_bids (dataset) [Installed subdataset in order to get /scratch/fatx405.1433188/ewgenia003/clone/data/raw_bids/dataset_description.json]
0: get(ok): data/raw_bids/dataset_description.json (file) [from origin...]
0: action summary:
0:   get (ok: 1)
0:   install (ok: 1)
0: Entering 'data/raw_bids'
0: dead here (recording state in git...)
0: ok
0: (recording state in git...)
0: Entering 'envs'
0: dead here (recording state in git...)
0: ok
0: (recording state in git...)
0: ls BIDS root: CHANGELOG.md code data envs README.md
0: install(ok): /scratch/fatx405.1433188/ewgenia001/clone/data/raw_bids (dataset) [Installed subdataset in order to get /scratch/fatx405.1433188/ewgenia001/clone/data/raw_bids/dataset_description.json]
0: get(ok): data/raw_bids/dataset_description.json (file) [from origin...]
0: action summary:
0:   get (ok: 1)
0:   install (ok: 1)
0: Entering 'data/raw_bids'
0: install(ok): /scratch/fatx405.1433188/ewgenia003/clone/data/dicoms (dataset) [Installed subdataset in order to get /scratch/fatx405.1433188/ewgenia003/clone/data/dicoms]
0: dead here (recording state in git...)
0: ok
0: (recording state in git...)
0: Entering 'envs'
0: dead here (recording state in git...)
0: ok
0: (recording state in git...)
0: ls BIDS root: CHANGELOG.md code data envs README.md
0: install(ok): /scratch/fatx405.1433188/ewgenia001/clone/data/dicoms (dataset) [Installed subdataset in order to get /scratch/fatx405.1433188/ewgenia001/clone/data/dicoms]
0: install(ok): /scratch/fatx405.1433188/ewgenia003/clone/data/raw_bids/sub-ewgenia002 (dataset)
0: install(ok): /scratch/fatx405.1433188/ewgenia003/clone/data/raw_bids/sub-ewgenia001 (dataset)
0: update(ok): . (dataset)
0: configure-sibling(ok): . (sibling)
0: install(ok): /scratch/fatx405.1433188/ewgenia003/clone/data/raw_bids/sourcedata/dicoms (dataset)
0: install(ok): /scratch/fatx405.1433188/ewgenia003/clone/data/raw_bids/sub-ewgenia004 (dataset)
0: install(ok): /scratch/fatx405.1433188/ewgenia003/clone/data/raw_bids/sub-ewgenia003 (dataset)
0: install(ok): /scratch/fatx405.1433188/ewgenia003/clone/data/raw_bids/sub-ewgenia005 (dataset)
0: action summary:
0:   configure-sibling (ok: 1)
0:   get (notneeded: 1)
0:   install (ok: 6)
0:   update (ok: 1)
0: 210706-17:58:11,925 nipype.workflow INFO:
0: 	 [Node] Setting-up "convert" in "/tmp/dcm2niixykrby3qb/convert".
0: 210706-17:58:12,39 nipype.workflow INFO:
0: 	 [Node] Running "convert" ("nipype.interfaces.dcm2nii.Dcm2niix"), a CommandLine Interface with command:
0: dcm2niix -b y -z y -x n -t n -m n -f sub-ewgenia004_ses-1_FLAIR_heudiconv018 -o /bids/sub-ewgenia004/ses-1/anat -s n -v n /tmp/dcm2niixykrby3qb/convert
0: 210706-17:58:12,767 nipype.interface INFO:
0: 	 stdout 2021-07-06T17:58:12.766832:Chris Rorden's dcm2niiX version v1.0.20190410  GCC6.3.0 (64-bit Linux)
0: 210706-17:58:12,769 nipype.interface INFO:
0: 	 stdout 2021-07-06T17:58:12.766832:Found 384 DICOM file(s)
0: 210706-17:58:12,769 nipype.interface INFO:
0: 	 stdout 2021-07-06T17:58:12.766832:192 images have identical time, series, acquisition and instance values. DUPLICATES REMOVED.
0: 210706-17:58:12,770 nipype.interface INFO:
0: 	 stdout 2021-07-06T17:58:12.766832:Convert 192 DICOM as /bids/sub-ewgenia004/ses-1/anat/sub-ewgenia004_ses-1_FLAIR_heudiconv018 (320x320x192x1)
0: 210706-17:58:15,721 nipype.interface INFO:
0: 	 stdout 2021-07-06T17:58:15.720379:Compress: "/usr/bin/pigz" -b 960 -n -f -6 "/bids/sub-ewgenia004/ses-1/anat/sub-ewgenia004_ses-1_FLAIR_heudiconv018.nii"
0: 210706-17:58:15,723 nipype.interface INFO:
0: 	 stdout 2021-07-06T17:58:15.720379:Conversion required 3.247115 seconds (0.456204 for core code).
0: 210706-17:58:16,643 nipype.workflow INFO:
0: 	 [Node] Finished "convert".
0: 210706-17:58:21,847 nipype.workflow INFO:
0: 	 [Node] Setting-up "convert" in "/tmp/dcm2niix_9xx232z/convert".
0: 210706-17:58:21,968 nipype.workflow INFO:
0: 	 [Node] Running "convert" ("nipype.interfaces.dcm2nii.Dcm2niix"), a CommandLine Interface with command:
0: dcm2niix -b y -z y -x n -t n -m n -f sub-ewgenia002_ses-1_FLAIR_heudiconv698 -o /bids/sub-ewgenia002/ses-1/anat -s n -v n /tmp/dcm2niix_9xx232z/convert
0: 210706-17:58:22,757 nipype.interface INFO:
0: 	 stdout 2021-07-06T17:58:22.755928:Chris Rorden's dcm2niiX version v1.0.20190410  GCC6.3.0 (64-bit Linux)
0: 210706-17:58:22,759 nipype.interface INFO:
0: 	 stdout 2021-07-06T17:58:22.755928:Found 384 DICOM file(s)
0: 210706-17:58:22,759 nipype.interface INFO:
0: 	 stdout 2021-07-06T17:58:22.755928:192 images have identical time, series, acquisition and instance values. DUPLICATES REMOVED.
0: 210706-17:58:22,759 nipype.interface INFO:
0: 	 stdout 2021-07-06T17:58:22.755928:Convert 192 DICOM as /bids/sub-ewgenia002/ses-1/anat/sub-ewgenia002_ses-1_FLAIR_heudiconv698 (320x320x192x1)
0: 210706-17:58:24,518 nipype.interface INFO:
0: 	 stdout 2021-07-06T17:58:24.517718:Compress: "/usr/bin/pigz" -b 960 -n -f -6 "/bids/sub-ewgenia002/ses-1/anat/sub-ewgenia002_ses-1_FLAIR_heudiconv698.nii"
0: 210706-17:58:24,520 nipype.interface INFO:
0: 	 stdout 2021-07-06T17:58:24.517718:Conversion required 2.061747 seconds (0.475952 for core code).
0: 210706-17:58:25,155 nipype.workflow INFO:
0: 	 [Node] Finished "convert".
0: 210706-17:58:39,463 nipype.workflow INFO:
0: 	 [Node] Setting-up "convert" in "/tmp/dcm2niixw7q0s2f1/convert".
0: 210706-17:58:39,586 nipype.workflow INFO:
0: 	 [Node] Running "convert" ("nipype.interfaces.dcm2nii.Dcm2niix"), a CommandLine Interface with command:
0: dcm2niix -b y -z y -x n -t n -m n -f sub-ewgenia005_ses-1_FLAIR_heudiconv030 -o /bids/sub-ewgenia005/ses-1/anat -s n -v n /tmp/dcm2niixw7q0s2f1/convert
0: 210706-17:58:40,361 nipype.interface INFO:
0: 	 stdout 2021-07-06T17:58:40.360573:Chris Rorden's dcm2niiX version v1.0.20190410  GCC6.3.0 (64-bit Linux)
0: 210706-17:58:40,363 nipype.interface INFO:
0: 	 stdout 2021-07-06T17:58:40.360573:Found 384 DICOM file(s)
0: 210706-17:58:40,363 nipype.interface INFO:
0: 	 stdout 2021-07-06T17:58:40.360573:192 images have identical time, series, acquisition and instance values. DUPLICATES REMOVED.
0: 210706-17:58:40,363 nipype.interface INFO:
0: 	 stdout 2021-07-06T17:58:40.360573:Convert 192 DICOM as /bids/sub-ewgenia005/ses-1/anat/sub-ewgenia005_ses-1_FLAIR_heudiconv030 (320x320x192x1)
0: 210706-17:58:42,13 nipype.interface INFO:
0: 	 stdout 2021-07-06T17:58:42.012656:Compress: "/usr/bin/pigz" -b 960 -n -f -6 "/bids/sub-ewgenia005/ses-1/anat/sub-ewgenia005_ses-1_FLAIR_heudiconv030.nii"
0: 210706-17:58:42,15 nipype.interface INFO:
0: 	 stdout 2021-07-06T17:58:42.012656:Conversion required 1.937566 seconds (0.446225 for core code).
0: 210706-17:58:42,546 nipype.workflow INFO:
0: 	 [Node] Finished "convert".
0: install(ok): /scratch/fatx405.1433188/ewgenia001/clone/data/raw_bids/sub-ewgenia002 (dataset)
0: install(ok): /scratch/fatx405.1433188/ewgenia001/clone/data/raw_bids/sub-ewgenia001 (dataset)
0: update(ok): . (dataset)
0: configure-sibling(ok): . (sibling)
0: install(ok): /scratch/fatx405.1433188/ewgenia001/clone/data/raw_bids/sourcedata/dicoms (dataset)
0: install(ok): /scratch/fatx405.1433188/ewgenia001/clone/data/raw_bids/sub-ewgenia004 (dataset)
0: install(ok): /scratch/fatx405.1433188/ewgenia001/clone/data/raw_bids/sub-ewgenia003 (dataset)
0: install(ok): /scratch/fatx405.1433188/ewgenia001/clone/data/raw_bids/sub-ewgenia005 (dataset)
0: action summary:
0:   configure-sibling (ok: 1)
0:   get (notneeded: 1)
0:   install (ok: 6)
0:   update (ok: 1)
0: get(ok): data/dicoms/ewgenia004/ses-1/3D_FLAIR_0005.tar.gz (file) [from origin...]
0: get(ok): data/dicoms/ewgenia004/ses-1/EP2D_DIFF_96DIR_7B0_3SHELL_ORIG_0015.tar.gz (file) [from origin...]
0: get(ok): data/dicoms/ewgenia004/ses-1/EP2D_RESTINGSTATE_0012.tar.gz (file) [from origin...]
0: get(ok): data/dicoms/ewgenia004/ses-1/T1_MPRAGE_COR_ND_0008.tar.gz (file) [from origin...]
0: get(ok): data/dicoms/ewgenia004 (directory)
0: remove(ok): participants.tsv
0: unlock(ok): data/raw_bids/dataset_description.json (file)
0: get(ok): data/dicoms/ewgenia002/ses-1/3D_FLAIR_0005.tar.gz (file) [from origin...]
0: get(ok): data/dicoms/ewgenia002/ses-1/EP2D_DIFF_96DIR_7B0_3SHELL_ORIG_0015.tar.gz (file) [from origin...]
0: get(ok): data/dicoms/ewgenia002/ses-1/EP2D_RESTINGSTATE_0012.tar.gz (file) [from origin...]
0: get(ok): data/dicoms/ewgenia002/ses-1/T1_MPRAGE_COR_ND_0008.tar.gz (file) [from origin...]
0: get(ok): data/dicoms/ewgenia002 (directory)
0: remove(ok): participants.tsv
0: unlock(ok): data/raw_bids/dataset_description.json (file)
0: get(ok): data/dicoms/ewgenia005/ses-1/3D_FLAIR_0005.tar.gz (file) [from origin...]
0: get(ok): data/dicoms/ewgenia005/ses-1/EP2D_DIFF_96DIR_7B0_3SHELL_ORIG_0015.tar.gz (file) [from origin...]
0: get(ok): data/dicoms/ewgenia005/ses-1/EP2D_RESTINGSTATE_0012.tar.gz (file) [from origin...]
0: get(ok): data/dicoms/ewgenia005/ses-1/T1_MPRAGE_COR_ND_0008.tar.gz (file) [from origin...]
0: get(ok): data/dicoms/ewgenia005 (directory)
0: remove(ok): participants.tsv
0: unlock(ok): data/raw_bids/dataset_description.json (file)
0: 210706-18:01:20,118 nipype.workflow INFO:
0: 	 [Node] Setting-up "convert" in "/tmp/dcm2niixigbygibt/convert".
0: 210706-18:01:20,239 nipype.workflow INFO:
0: 	 [Node] Running "convert" ("nipype.interfaces.dcm2nii.Dcm2niix"), a CommandLine Interface with command:
0: dcm2niix -b y -z y -x n -t n -m n -f sub-ewgenia003_ses-1_FLAIR_heudiconv191 -o /bids/sub-ewgenia003/ses-1/anat -s n -v n /tmp/dcm2niixigbygibt/convert
0: 210706-18:01:21,54 nipype.interface INFO:
0: 	 stdout 2021-07-06T18:01:21.052695:Chris Rorden's dcm2niiX version v1.0.20190410  GCC6.3.0 (64-bit Linux)
0: 210706-18:01:21,56 nipype.interface INFO:
0: 	 stdout 2021-07-06T18:01:21.052695:Found 384 DICOM file(s)
0: 210706-18:01:21,56 nipype.interface INFO:
0: 	 stdout 2021-07-06T18:01:21.052695:192 images have identical time, series, acquisition and instance values. DUPLICATES REMOVED.
0: 210706-18:01:21,56 nipype.interface INFO:
0: 	 stdout 2021-07-06T18:01:21.052695:Convert 192 DICOM as /bids/sub-ewgenia003/ses-1/anat/sub-ewgenia003_ses-1_FLAIR_heudiconv191 (320x320x192x1)
0: 210706-18:01:23,8 nipype.interface INFO:
0: 	 stdout 2021-07-06T18:01:23.007299:Compress: "/usr/bin/pigz" -b 960 -n -f -6 "/bids/sub-ewgenia003/ses-1/anat/sub-ewgenia003_ses-1_FLAIR_heudiconv191.nii"
0: 210706-18:01:23,10 nipype.interface INFO:
0: 	 stdout 2021-07-06T18:01:23.007299:Conversion required 2.251132 seconds (0.468798 for core code).
0: 210706-18:01:26,134 nipype.workflow INFO:
0: 	 [Node] Finished "convert".
0: get(ok): data/dicoms/ewgenia003/ses-1/3D_FLAIR_0005.tar.gz (file) [from origin...]
0: get(ok): data/dicoms/ewgenia003/ses-1/EP2D_DIFF_96DIR_7B0_3SHELL_ORIG_0015.tar.gz (file) [from origin...]
0: get(ok): data/dicoms/ewgenia003/ses-1/EP2D_RESTINGSTATE_0012.tar.gz (file) [from origin...]
0: get(ok): data/dicoms/ewgenia003/ses-1/T1_MPRAGE_COR_ND_0008.tar.gz (file) [from origin...]
0: get(ok): data/dicoms/ewgenia003 (directory)
0: remove(ok): participants.tsv
0: unlock(ok): data/raw_bids/dataset_description.json (file)
0: 210706-18:01:48,851 nipype.workflow INFO:
0: 	 [Node] Setting-up "convert" in "/tmp/dcm2niixl8c7zanz/convert".
0: 210706-18:01:48,973 nipype.workflow INFO:
0: 	 [Node] Running "convert" ("nipype.interfaces.dcm2nii.Dcm2niix"), a CommandLine Interface with command:
0: dcm2niix -b y -z y -x n -t n -m n -f sub-ewgenia001_ses-1_FLAIR_heudiconv211 -o /bids/sub-ewgenia001/ses-1/anat -s n -v n /tmp/dcm2niixl8c7zanz/convert
0: 210706-18:01:49,779 nipype.interface INFO:
0: 	 stdout 2021-07-06T18:01:49.778077:Chris Rorden's dcm2niiX version v1.0.20190410  GCC6.3.0 (64-bit Linux)
0: 210706-18:01:49,781 nipype.interface INFO:
0: 	 stdout 2021-07-06T18:01:49.778077:Found 384 DICOM file(s)
0: 210706-18:01:49,781 nipype.interface INFO:
0: 	 stdout 2021-07-06T18:01:49.778077:192 images have identical time, series, acquisition and instance values. DUPLICATES REMOVED.
0: 210706-18:01:49,781 nipype.interface INFO:
0: 	 stdout 2021-07-06T18:01:49.778077:Convert 192 DICOM as /bids/sub-ewgenia001/ses-1/anat/sub-ewgenia001_ses-1_FLAIR_heudiconv211 (320x320x192x1)
0: 210706-18:01:51,418 nipype.interface INFO:
0: 	 stdout 2021-07-06T18:01:51.417560:Compress: "/usr/bin/pigz" -b 960 -n -f -6 "/bids/sub-ewgenia001/ses-1/anat/sub-ewgenia001_ses-1_FLAIR_heudiconv211.nii"
0: 210706-18:01:51,420 nipype.interface INFO:
0: 	 stdout 2021-07-06T18:01:51.417560:Conversion required 1.938133 seconds (0.467882 for core code).
0: 210706-18:01:51,460 nipype.workflow INFO:
0: 	 [Node] Finished "convert".
0: 210706-18:03:37,318 nipype.workflow INFO:
0: 	 [Node] Setting-up "convert" in "/tmp/dcm2niixh0wz4x6d/convert".
0: 210706-18:03:42,771 nipype.workflow INFO:
0: 	 [Node] Running "convert" ("nipype.interfaces.dcm2nii.Dcm2niix"), a CommandLine Interface with command:
0: dcm2niix -b y -z y -x n -t n -m n -f sub-ewgenia001_ses-1_dir-AP_dwi_heudiconv976 -o /bids/sub-ewgenia001/ses-1/dwi -s n -v n /tmp/dcm2niixh0wz4x6d/convert
0: 210706-18:03:53,837 nipype.interface INFO:
0: 	 stdout 2021-07-06T18:03:53.836590:Chris Rorden's dcm2niiX version v1.0.20190410  GCC6.3.0 (64-bit Linux)
0: 210706-18:03:53,839 nipype.interface INFO:
0: 	 stdout 2021-07-06T18:03:53.836590:Found 17618 DICOM file(s)
0: 210706-18:03:53,839 nipype.interface INFO:
0: 	 stdout 2021-07-06T18:03:53.836590:slices stacked despite varying acquisition numbers (if this is not desired recompile with 'mySegmentByAcq')
0: 210706-18:03:53,839 nipype.interface INFO:
0: 	 stdout 2021-07-06T18:03:53.836590:6288 images have identical time, series, acquisition and instance values. DUPLICATES REMOVED.
0: 210706-18:03:53,840 nipype.interface INFO:
0: 	 stdout 2021-07-06T18:03:53.836590:Saving 103 DTI gradients. Validate vectors.
0: 210706-18:03:53,840 nipype.interface INFO:
0: 	 stdout 2021-07-06T18:03:53.836590:Convert 11330 DICOM as /bids/sub-ewgenia001/ses-1/dwi/sub-ewgenia001_ses-1_dir-AP_dwi_heudiconv976 (144x144x110x103)
0: 210706-18:04:10,37 nipype.interface INFO:
0: 	 stdout 2021-07-06T18:04:10.036488:Compress: "/usr/bin/pigz" -b 960 -n -f -6 "/bids/sub-ewgenia001/ses-1/dwi/sub-ewgenia001_ses-1_dir-AP_dwi_heudiconv976.nii"
0: 210706-18:04:10,39 nipype.interface INFO:
0: 	 stdout 2021-07-06T18:04:10.036488:Conversion required 26.974045 seconds (11.041762 for core code).
0: 210706-18:04:10,780 nipype.workflow INFO:
0: 	 [Node] Finished "convert".
0: 210706-18:04:15,38 nipype.workflow INFO:
0: 	 [Node] Setting-up "convert" in "/tmp/dcm2niix7_p_6fvw/convert".
0: 210706-18:04:15,156 nipype.workflow INFO:
0: 	 [Node] Running "convert" ("nipype.interfaces.dcm2nii.Dcm2niix"), a CommandLine Interface with command:
0: dcm2niix -b y -z y -x n -t n -m n -f sub-ewgenia001_ses-1_task-rest_bold_heudiconv917 -o /bids/sub-ewgenia001/ses-1/func -s n -v n /tmp/dcm2niix7_p_6fvw/convert
0: 210706-18:04:15,730 nipype.interface INFO:
0: 	 stdout 2021-07-06T18:04:15.729969:Chris Rorden's dcm2niiX version v1.0.20190410  GCC6.3.0 (64-bit Linux)
0: 210706-18:04:15,732 nipype.interface INFO:
0: 	 stdout 2021-07-06T18:04:15.729969:Found 400 DICOM file(s)
0: 210706-18:04:15,732 nipype.interface INFO:
0: 	 stdout 2021-07-06T18:04:15.729969:slices stacked despite varying acquisition numbers (if this is not desired recompile with 'mySegmentByAcq')
0: 210706-18:04:15,732 nipype.interface INFO:
0: 	 stdout 2021-07-06T18:04:15.729969:200 images have identical time, series, acquisition and instance values. DUPLICATES REMOVED.
0: 210706-18:04:15,732 nipype.interface INFO:
0: 	 stdout 2021-07-06T18:04:15.729969:Convert 200 DICOM as /bids/sub-ewgenia001/ses-1/func/sub-ewgenia001_ses-1_task-rest_bold_heudiconv917 (72x72x40x200)
0: 210706-18:04:19,174 nipype.interface INFO:
0: 	 stdout 2021-07-06T18:04:19.173931:Compress: "/usr/bin/pigz" -b 960 -n -f -6 "/bids/sub-ewgenia001/ses-1/func/sub-ewgenia001_ses-1_task-rest_bold_heudiconv917.nii"
0: 210706-18:04:19,176 nipype.interface INFO:
0: 	 stdout 2021-07-06T18:04:19.173931:Conversion required 3.815029 seconds (0.420634 for core code).
0: 210706-18:04:19,215 nipype.workflow INFO:
0: 	 [Node] Finished "convert".
0: 210706-18:04:22,151 nipype.workflow INFO:
0: 	 [Node] Setting-up "convert" in "/tmp/dcm2niixwfbf14ex/convert".
0: 210706-18:04:22,300 nipype.workflow INFO:
0: 	 [Node] Running "convert" ("nipype.interfaces.dcm2nii.Dcm2niix"), a CommandLine Interface with command:
0: dcm2niix -b y -z y -x n -t n -m n -f sub-ewgenia001_ses-1_T1w_heudiconv067 -o /bids/sub-ewgenia001/ses-1/anat -s n -v n /tmp/dcm2niixwfbf14ex/convert
0: 210706-18:04:22,870 nipype.interface INFO:
0: 	 stdout 2021-07-06T18:04:22.869107:Chris Rorden's dcm2niiX version v1.0.20190410  GCC6.3.0 (64-bit Linux)
0: 210706-18:04:22,871 nipype.interface INFO:
0: 	 stdout 2021-07-06T18:04:22.869107:Found 512 DICOM file(s)
0: 210706-18:04:22,871 nipype.interface INFO:
0: 	 stdout 2021-07-06T18:04:22.869107:256 images have identical time, series, acquisition and instance values. DUPLICATES REMOVED.
0: 210706-18:04:22,871 nipype.interface INFO:
0: 	 stdout 2021-07-06T18:04:22.869107:Convert 256 DICOM as /bids/sub-ewgenia001/ses-1/anat/sub-ewgenia001_ses-1_T1w_heudiconv067 (232x288x256x1)
0: 210706-18:04:24,391 nipype.interface INFO:
0: 	 stdout 2021-07-06T18:04:24.390901:Compress: "/usr/bin/pigz" -b 960 -n -f -6 "/bids/sub-ewgenia001/ses-1/anat/sub-ewgenia001_ses-1_T1w_heudiconv067.nii"
0: 210706-18:04:24,393 nipype.interface INFO:
0: 	 stdout 2021-07-06T18:04:24.390901:Conversion required 1.887812 seconds (0.475920 for core code).
0: 210706-18:04:24,436 nipype.workflow INFO:
0: 	 [Node] Finished "convert".
0: get(ok): data/dicoms/ewgenia001/ses-1/3D_FLAIR_0005.tar.gz (file) [from origin...]
0: get(ok): data/dicoms/ewgenia001/ses-1/EP2D_DIFF_96DIR_7B0_3SHELL_ORIG_0015.tar.gz (file) [from origin...]
0: get(ok): data/dicoms/ewgenia001/ses-1/EP2D_RESTINGSTATE_0012.tar.gz (file) [from origin...]
0: get(ok): data/dicoms/ewgenia001/ses-1/T1_MPRAGE_COR_ND_0008.tar.gz (file) [from origin...]
0: get(ok): data/dicoms/ewgenia001 (directory)
0: remove(ok): participants.tsv
0: unlock(ok): data/raw_bids/dataset_description.json (file)
0: add(ok): ses-1/anat/sub-ewgenia001_ses-1_FLAIR.json (file)
0: add(ok): ses-1/anat/sub-ewgenia001_ses-1_FLAIR.nii.gz (file)
0: add(ok): ses-1/anat/sub-ewgenia001_ses-1_T1w.json (file)
0: add(ok): ses-1/anat/sub-ewgenia001_ses-1_T1w.nii.gz (file)
0: add(ok): ses-1/dwi/sub-ewgenia001_ses-1_dir-AP_dwi.bval (file)
0: add(ok): ses-1/dwi/sub-ewgenia001_ses-1_dir-AP_dwi.bvec (file)
0: add(ok): ses-1/dwi/sub-ewgenia001_ses-1_dir-AP_dwi.json (file)
0: add(ok): ses-1/dwi/sub-ewgenia001_ses-1_dir-AP_dwi.nii.gz (file)
0: add(ok): ses-1/func/sub-ewgenia001_ses-1_task-rest_bold.json (file)
0: add(ok): ses-1/func/sub-ewgenia001_ses-1_task-rest_bold.nii.gz (file)
0: add(ok): ses-1/func/sub-ewgenia001_ses-1_task-rest_events.tsv (file)
0: add(ok): ses-1/sub-ewgenia001_ses-1_scans.json (file)
0: add(ok): ses-1/sub-ewgenia001_ses-1_scans.tsv (file)
0: save(ok): data/raw_bids/sub-ewgenia001 (dataset)
0: add(ok): sub-ewgenia001 (file)
0: add(ok): participants.tsv (file)
0: add(ok): dataset_description.json (file)
0: save(ok): data/raw_bids (dataset)
0: add(ok): data/raw_bids (file)
0: save(ok): . (dataset)
0: action summary:
0:   add (ok: 17)
0:   get (notneeded: 5, ok: 5)
0:   remove (ok: 1)
0:   save (ok: 3)
0:   unlock (ok: 1)
0: Some packages in this Docker container are non-free
0: If you are considering commercial use of this container, please consult the relevant license:
0: https://fsl.fmrib.ox.ac.uk/fsl/fslwiki/Licence
0: --------------
0: pydeface 2.0.0
0: --------------
0: Previous output will be overwritten.
0: Temporary files:
0:   /tmp/tmpumchnuds.mat
0:   /tmp/tmpd3gwq1cf.nii.gz
0: Defacing...
0:   /scratch/fatx405.1433188/ewgenia001/clone/data/raw_bids/sub-ewgenia001/ses-1/anat/sub-ewgenia001_ses-1_T1w.nii.gz
0: Defaced image saved as:
0:   /scratch/fatx405.1433188/ewgenia001/clone/data/raw_bids/sub-ewgenia001/ses-1/anat/sub-ewgenia001_ses-1_T1w.nii.gz
0: Cleaning up...
0: Finished.
0: get(ok): .datalad/environments/pydeface/image (file) [from origin...]
0: unlock(ok): data/raw_bids/sub-ewgenia001/ses-1/anat/sub-ewgenia001_ses-1_T1w.nii.gz (file)
0: add(ok): ses-1/anat/sub-ewgenia001_ses-1_T1w.nii.gz (file)
0: save(ok): data/raw_bids/sub-ewgenia001 (dataset)
0: add(ok): sub-ewgenia001 (file)
0: save(ok): data/raw_bids (dataset)
0: add(ok): data/raw_bids (file)
0: save(ok): . (dataset)
0: action summary:
0:   add (ok: 3)
0:   get (notneeded: 2, ok: 1)
0:   save (ok: 3)
0:   unlock (ok: 1)
0: Some packages in this Docker container are non-free
0: If you are considering commercial use of this container, please consult the relevant license:
0: https://fsl.fmrib.ox.ac.uk/fsl/fslwiki/Licence
0: --------------
0: pydeface 2.0.0
0: --------------
0: Previous output will be overwritten.
0: Temporary files:
0:   /tmp/tmpxtv25rky.mat
0:   /tmp/tmpjkxm1hke.nii.gz
0: Defacing...
0:   /scratch/fatx405.1433188/ewgenia001/clone/data/raw_bids/sub-ewgenia001/ses-1/anat/sub-ewgenia001_ses-1_FLAIR.nii.gz
0: Defaced image saved as:
0:   /scratch/fatx405.1433188/ewgenia001/clone/data/raw_bids/sub-ewgenia001/ses-1/anat/sub-ewgenia001_ses-1_FLAIR.nii.gz
0: Cleaning up...
0: Finished.
0: unlock(ok): data/raw_bids/sub-ewgenia001/ses-1/anat/sub-ewgenia001_ses-1_FLAIR.nii.gz (file)
0: add(ok): ses-1/anat/sub-ewgenia001_ses-1_FLAIR.nii.gz (file)
0: save(ok): data/raw_bids/sub-ewgenia001 (dataset)
0: add(ok): sub-ewgenia001 (file)
0: save(ok): data/raw_bids (dataset)
0: add(ok): data/raw_bids (file)
0: save(ok): . (dataset)
0: action summary:
0:   add (ok: 3)
0:   get (notneeded: 3)
0:   save (ok: 3)
0:   unlock (ok: 1)
0: Amending json metadata of: []
0: unlock(ok): data/raw_bids/sub-ewgenia001/ses-1/anat/sub-ewgenia001_ses-1_FLAIR.json (file)
0: unlock(ok): data/raw_bids/sub-ewgenia001/ses-1/anat/sub-ewgenia001_ses-1_T1w.json (file)
0: unlock(ok): data/raw_bids/sub-ewgenia001/ses-1/dwi/sub-ewgenia001_ses-1_dir-AP_dwi.json (file)
0: unlock(ok): data/raw_bids/sub-ewgenia001/ses-1/func/sub-ewgenia001_ses-1_task-rest_bold.json (file)
0: add(ok): ses-1/anat/sub-ewgenia001_ses-1_FLAIR.json (file)
0: add(ok): ses-1/anat/sub-ewgenia001_ses-1_T1w.json (file)
0: add(ok): ses-1/dwi/sub-ewgenia001_ses-1_dir-AP_dwi.json (file)
0: add(ok): ses-1/func/sub-ewgenia001_ses-1_task-rest_bold.json (file)
0: add(ok): sub-ewgenia001 (file)
0: add(ok): data/raw_bids (file)
0: action summary:
0:   add (ok: 6)
0:   get (notneeded: 5)
0:   save (notneeded: 3)
0:   unlock (ok: 4)
0: publish(ok): . (dataset) [refs/heads/git-annex->origin:refs/heads/git-annex 62dda6f..0073b70]
0: publish(ok): . (dataset) [refs/heads/job-1433188-bidsify-ewgenia001->origin:refs/heads/job-1433188-bidsify-ewgenia001 [new branch]]
0: copy(ok): ses-1/anat/sub-ewgenia001_ses-1_FLAIR.nii.gz (file) [to origin...]
0: copy(ok): ses-1/anat/sub-ewgenia001_ses-1_T1w.nii.gz (file) [to origin...]
0: copy(ok): ses-1/dwi/sub-ewgenia001_ses-1_dir-AP_dwi.nii.gz (file) [to origin...]
0: copy(ok): ses-1/func/sub-ewgenia001_ses-1_task-rest_bold.nii.gz (file) [to origin...]
0: publish(ok): . (dataset) [refs/heads/git-annex->origin:refs/heads/git-annex e3d95ae..ef1b3ee]
0: publish(ok): . (dataset) [refs/heads/job-1433188-bidsify-ewgenia001->origin:refs/heads/job-1433188-bidsify-ewgenia001 [new branch]]
Filesystem      Size  Used Avail Use% Mounted on
/dev/sda2        92G   55G   37G  60% /scratch
script runtime: 00:37:34 hours
