starting processing with bidsify from index: 0 ...
for n=10 subjects
subjects to process: ewgenia001 ewgenia002 ewgenia003 ewgenia004 ewgenia005
submission script directory: /work/fatx405/projects/CSI_TEST/code
current TMPDIR: /scratch/fatx405.1433756
ITERator: 0
running:
 parallel --ungroup --progress --delay 0.2 -j10 --joblog /work/fatx405/projects/CSI_TEST/code/log/parallel_runtask.log srun --label --exclusive -N1 -n1 --cpus-per-task 3 --mem-per-cpu=16000 /work/fatx405/projects/CSI_TEST/code/pipelines_processing.sh ::: ewgenia001 ewgenia002 ewgenia003 ewgenia004 ewgenia005
0: allexport      	off
0: braceexpand    	on
0: emacs          	off
0: errexit        	on
0: errtrace       	off
0: functrace      	off
0: hashall        	on
0: histexpand     	off
0: history        	off
0: ignoreeof      	off
0: interactive-comments	on
0: keyword        	off
0: monitor        	off
0: noclobber      	off
0: noexec         	off
0: noglob         	off
0: nolog          	off
0: notify         	off
0: nounset        	off
0: onecmd         	off
0: physical       	off
0: pipefail       	off
0: posix          	off
0: privileged     	off
0: verbose        	off
0: vi             	off
0: xtrace         	off
0: allexport      	off
0: braceexpand    	on
0: emacs          	off
0: errexit        	on
0: errtrace       	off
0: functrace      	off
0: hashall        	on
0: histexpand     	off
0: history        	off
0: ignoreeof      	off
0: interactive-comments	on
0: keyword        	off
0: monitor        	off
0: noclobber      	off
0: noexec         	off
0: noglob         	off
0: nolog          	off
0: notify         	off
0: nounset        	off
0: onecmd         	off
0: physical       	off
0: pipefail       	off
0: posix          	off
0: privileged     	off
0: verbose        	off
0: vi             	off
0: xtrace         	off
0: ###################################
0: Started processing of ewgenia001
0: ###################################
0: hostname: node247
0: singularity version 3.5.2
0: TMPDIR: /scratch/fatx405.1433756
0: RRZ_LOCAL_TMPDIR: /scratch/fatx405.1433756
0: SINGULARITY_CACHEDIR: /work/fatx405/tmp/singularity
0: SINGULARITY_TMPDIR: /work/fatx405/tmp/singularity
0: DSLOCKFILE: /scratch/fatx405.1433756/ewgenia001/bidsify.lock
0: DATALAD_LOCATIONS_SOCKETS: /scratch/fatx405.1433756/ewgenia001/sockets
0: allexport      	off
0: braceexpand    	on
0: emacs          	off
0: errexit        	on
0: ###################################
0: Started processing of ewgenia002
0: errtrace       	off
0: functrace      	off
0: hashall        	on
0: ###################################
0: histexpand     	off
0: history        	off
0: ignoreeof      	off
0: interactive-comments	on
0: keyword        	off
0: monitor        	off
0: noclobber      	off
0: noexec         	off
0: noglob         	off
0: nolog          	off
0: notify         	off
0: nounset        	off
0: onecmd         	off
0: physical       	off
0: pipefail       	off
0: posix          	off
0: privileged     	off
0: verbose        	off
0: vi             	off
0: xtrace         	off
0: allexport      	off
0: braceexpand    	on
0: emacs          	off
0: errexit        	on
0: errtrace       	off
0: functrace      	off
0: hashall        	on
0: hostname: node247
0: histexpand     	off
0: history        	off
0: ignoreeof      	off
0: interactive-comments	on
0: keyword        	off
0: monitor        	off
0: noclobber      	off
0: noexec         	off
0: noglob         	off
0: nolog          	off
0: notify         	off
0: singularity version 3.5.2
0: nounset        	off
0: onecmd         	off
0: TMPDIR: /scratch/fatx405.1433756
0: physical       	off
0: pipefail       	off
0: posix          	off
0: RRZ_LOCAL_TMPDIR: /scratch/fatx405.1433756
0: privileged     	off
0: verbose        	off
0: SINGULARITY_CACHEDIR: /work/fatx405/tmp/singularity
0: vi             	off
0: xtrace         	off
0: SINGULARITY_TMPDIR: /work/fatx405/tmp/singularity
0: DSLOCKFILE: /scratch/fatx405.1433756/ewgenia002/bidsify.lock
0: DATALAD_LOCATIONS_SOCKETS: /scratch/fatx405.1433756/ewgenia002/sockets
0: ###################################
0: ###################################
0: Started processing of ewgenia003
0: Started processing of ewgenia004
0: ###################################
0: ###################################
0: hostname: node247
0: hostname: node247
0: singularity version 3.5.2
0: TMPDIR: /scratch/fatx405.1433756
0: singularity version 3.5.2
0: allexport      	off
0: braceexpand    	on
0: RRZ_LOCAL_TMPDIR: /scratch/fatx405.1433756
0: TMPDIR: /scratch/fatx405.1433756
0: emacs          	off
0: errexit        	on
0: SINGULARITY_CACHEDIR: /work/fatx405/tmp/singularity
0: RRZ_LOCAL_TMPDIR: /scratch/fatx405.1433756
0: errtrace       	off
0: SINGULARITY_CACHEDIR: /work/fatx405/tmp/singularity
0: SINGULARITY_TMPDIR: /work/fatx405/tmp/singularity
0: functrace      	off
0: hashall        	on
0: histexpand     	off
0: DSLOCKFILE: /scratch/fatx405.1433756/ewgenia004/bidsify.lock
0: SINGULARITY_TMPDIR: /work/fatx405/tmp/singularity
0: history        	off
0: ignoreeof      	off
0: interactive-comments	on
0: DSLOCKFILE: /scratch/fatx405.1433756/ewgenia003/bidsify.lock
0: keyword        	off
0: DATALAD_LOCATIONS_SOCKETS: /scratch/fatx405.1433756/ewgenia004/sockets
0: monitor        	off
0: noclobber      	off
0: DATALAD_LOCATIONS_SOCKETS: /scratch/fatx405.1433756/ewgenia003/sockets
0: noexec         	off
0: noglob         	off
0: nolog          	off
0: notify         	off
0: nounset        	off
0: onecmd         	off
0: physical       	off
0: pipefail       	off
0: posix          	off
0: privileged     	off
0: verbose        	off
0: vi             	off
0: xtrace         	off
0: ###################################
0: Started processing of ewgenia005
0: ###################################
0: hostname: node247
0: singularity version 3.5.2
0: TMPDIR: /scratch/fatx405.1433756
0: RRZ_LOCAL_TMPDIR: /scratch/fatx405.1433756
0: SINGULARITY_CACHEDIR: /work/fatx405/tmp/singularity
0: SINGULARITY_TMPDIR: /work/fatx405/tmp/singularity
0: DSLOCKFILE: /scratch/fatx405.1433756/ewgenia005/bidsify.lock
0: DATALAD_LOCATIONS_SOCKETS: /scratch/fatx405.1433756/ewgenia005/sockets
0: install(ok): /scratch/fatx405.1433756/ewgenia003/clone (dataset)
0: install(ok): /scratch/fatx405.1433756/ewgenia002/clone (dataset)
0: install(ok): /scratch/fatx405.1433756/ewgenia004/clone (dataset)
0: install(ok): /scratch/fatx405.1433756/ewgenia005/clone (dataset)
0: install(ok): /scratch/fatx405.1433756/ewgenia001/clone (dataset)
0: install(ok): /scratch/fatx405.1433756/ewgenia004/clone/envs (dataset) [Installed subdataset in order to get /scratch/fatx405.1433756/ewgenia004/clone/envs/freesurfer_license.txt]
0: get(ok): envs/freesurfer_license.txt (file) [from origin...]
0: action summary:
0: install(ok): /scratch/fatx405.1433756/ewgenia005/clone/envs (dataset) [Installed subdataset in order to get /scratch/fatx405.1433756/ewgenia005/clone/envs/freesurfer_license.txt]
0: install(ok): /scratch/fatx405.1433756/ewgenia003/clone/envs (dataset) [Installed subdataset in order to get /scratch/fatx405.1433756/ewgenia003/clone/envs/freesurfer_license.txt]
0: install(ok): /scratch/fatx405.1433756/ewgenia002/clone/envs (dataset) [Installed subdataset in order to get /scratch/fatx405.1433756/ewgenia002/clone/envs/freesurfer_license.txt]
0:   get (ok: 1)
0:   install (ok: 1)
0: get(ok): envs/freesurfer_license.txt (file) [from origin...]
0: get(ok): envs/freesurfer_license.txt (file) [from origin...]
0: get(ok): envs/freesurfer_license.txt (file) [from origin...]
0: action summary:
0: action summary:
0: action summary:
0:   get (ok: 1)
0:   get (ok: 1)
0:   get (ok: 1)
0: install(ok): /scratch/fatx405.1433756/ewgenia001/clone/envs (dataset) [Installed subdataset in order to get /scratch/fatx405.1433756/ewgenia001/clone/envs/freesurfer_license.txt]
0:   install (ok: 1)
0:   install (ok: 1)
0:   install (ok: 1)
0: get(ok): envs/freesurfer_license.txt (file) [from origin...]
0: action summary:
0:   get (ok: 1)
0:   install (ok: 1)
0: install(ok): /scratch/fatx405.1433756/ewgenia002/clone/data/raw_bids (dataset) [Installed subdataset in order to get /scratch/fatx405.1433756/ewgenia002/clone/data/raw_bids]
0: install(ok): /scratch/fatx405.1433756/ewgenia003/clone/data/raw_bids (dataset) [Installed subdataset in order to get /scratch/fatx405.1433756/ewgenia003/clone/data/raw_bids]
0: get(ok): data/raw_bids/dataset_description.json (file) [from origin...]
0: get(ok): data/raw_bids/dataset_description.json (file) [from origin...]
0: action summary:
0: action summary:
0:   get (notneeded: 1, ok: 1)
0:   get (notneeded: 1, ok: 1)
0: install(ok): /scratch/fatx405.1433756/ewgenia005/clone/data/raw_bids (dataset) [Installed subdataset in order to get /scratch/fatx405.1433756/ewgenia005/clone/data/raw_bids]
0: install(ok): /scratch/fatx405.1433756/ewgenia001/clone/data/raw_bids (dataset) [Installed subdataset in order to get /scratch/fatx405.1433756/ewgenia001/clone/data/raw_bids]
0: install(ok): /scratch/fatx405.1433756/ewgenia004/clone/data/raw_bids (dataset) [Installed subdataset in order to get /scratch/fatx405.1433756/ewgenia004/clone/data/raw_bids]
0: get(ok): data/raw_bids/participants.tsv (file) [from origin...]
0: action summary:
0: get(ok): data/raw_bids/participants.tsv (file) [from origin...]
0:   get (notneeded: 1, ok: 1)
0: action summary:
0:   get (notneeded: 1, ok: 1)
0: Entering 'data/raw_bids'
0: Entering 'data/raw_bids'
0: dead here (recording state in git...)
0: dead here (recording state in git...)
0: get(ok): data/raw_bids/dataset_description.json (file) [from origin...]
0: action summary:
0:   get (notneeded: 1, ok: 1)
0: ok
0: ok
0: (recording state in git...)
0: (recording state in git...)
0: Entering 'envs'
0: Entering 'envs'
0: get(ok): data/raw_bids/dataset_description.json (file) [from origin...]
0: action summary:
0:   get (notneeded: 1, ok: 1)
0: dead here (recording state in git...)
0: dead here (recording state in git...)
0: get(ok): data/raw_bids/dataset_description.json (file) [from origin...]
0: action summary:
0:   get (notneeded: 1, ok: 1)
0: ok
0: ok
0: (recording state in git...)
0: (recording state in git...)
0: removed directory: ‘data/raw_bids/sub-ewgenia001’
0: removed directory: ‘data/raw_bids/sub-ewgenia002’
0: removed directory: ‘data/raw_bids/sub-ewgenia004’
0: removed directory: ‘data/raw_bids/sub-ewgenia005’
0: ls BIDS root: CHANGELOG.md code data envs README.md
0: removed directory: ‘data/raw_bids/sub-ewgenia001’
0: removed directory: ‘data/raw_bids/sub-ewgenia003’
0: removed directory: ‘data/raw_bids/sub-ewgenia004’
0: removed directory: ‘data/raw_bids/sub-ewgenia005’
0: ls BIDS root: CHANGELOG.md code data envs README.md
0: get(ok): data/raw_bids/participants.tsv (file) [from origin...]
0: action summary:
0:   get (notneeded: 1, ok: 1)
0: get(ok): data/raw_bids/participants.tsv (file) [from origin...]
0: action summary:
0:   get (notneeded: 1, ok: 1)
0: Entering 'data/raw_bids'
0: Entering 'data/raw_bids'
0: get(ok): data/raw_bids/participants.tsv (file) [from origin...]
0: action summary:
0:   get (notneeded: 1, ok: 1)
0: Entering 'data/raw_bids'
0: dead here (recording state in git...)
0: dead here (recording state in git...)
0: ok
0: ok
0: (recording state in git...)
0: (recording state in git...)
0: dead here (recording state in git...)
0: Entering 'envs'
0: Entering 'envs'
0: ok
0: (recording state in git...)
0: Entering 'envs'
0: dead here (recording state in git...)
0: dead here (recording state in git...)
0: ok
0: ok
0: (recording state in git...)
0: (recording state in git...)
0: dead here (recording state in git...)
0: ok
0: (recording state in git...)
0: removed directory: ‘data/raw_bids/sub-ewgenia002’
0: removed directory: ‘data/raw_bids/sub-ewgenia003’
0: removed directory: ‘data/raw_bids/sub-ewgenia004’
0: removed directory: ‘data/raw_bids/sub-ewgenia005’
0: removed directory: ‘data/raw_bids/sub-ewgenia001’
0: removed directory: ‘data/raw_bids/sub-ewgenia002’
0: removed directory: ‘data/raw_bids/sub-ewgenia003’
0: removed directory: ‘data/raw_bids/sub-ewgenia004’
0: ls BIDS root: CHANGELOG.md code data envs README.md
0: ls BIDS root: CHANGELOG.md code data envs README.md
0: removed directory: ‘data/raw_bids/sub-ewgenia001’
0: removed directory: ‘data/raw_bids/sub-ewgenia002’
0: removed directory: ‘data/raw_bids/sub-ewgenia003’
0: removed directory: ‘data/raw_bids/sub-ewgenia005’
0: ls BIDS root: CHANGELOG.md code data envs README.md
0: install(ok): /scratch/fatx405.1433756/ewgenia002/clone/data/dicoms (dataset) [Installed subdataset in order to get /scratch/fatx405.1433756/ewgenia002/clone/data/dicoms]
0: install(ok): /scratch/fatx405.1433756/ewgenia003/clone/data/dicoms (dataset) [Installed subdataset in order to get /scratch/fatx405.1433756/ewgenia003/clone/data/dicoms]
0: install(ok): /scratch/fatx405.1433756/ewgenia005/clone/data/dicoms (dataset) [Installed subdataset in order to get /scratch/fatx405.1433756/ewgenia005/clone/data/dicoms]
0: install(ok): /scratch/fatx405.1433756/ewgenia004/clone/data/dicoms (dataset) [Installed subdataset in order to get /scratch/fatx405.1433756/ewgenia004/clone/data/dicoms]
0: install(ok): /scratch/fatx405.1433756/ewgenia001/clone/data/dicoms (dataset) [Installed subdataset in order to get /scratch/fatx405.1433756/ewgenia001/clone/data/dicoms]
0: get(ok): data/dicoms/ewgenia002/ses-1/EP2D_RESTINGSTATE_0012.tar.gz (file) [from origin...]
0: get(ok): data/dicoms/ewgenia002/ses-1/3D_FLAIR_0005.tar.gz (file) [from origin...]
0: get(ok): data/dicoms/ewgenia002/ses-1/T1_MPRAGE_COR_ND_0008.tar.gz (file) [from origin...]
0: get(ok): data/dicoms/ewgenia002/ses-1/EP2D_DIFF_96DIR_7B0_3SHELL_ORIG_0015.tar.gz (file) [from origin...]
0: get(ok): data/dicoms/ewgenia002 (directory)
0: action summary:
0:   get (notneeded: 1, ok: 5)
0: get(ok): data/dicoms/ewgenia003/ses-1/EP2D_RESTINGSTATE_0012.tar.gz (file) [from origin...]
0: get(ok): data/dicoms/ewgenia003/ses-1/3D_FLAIR_0005.tar.gz (file) [from origin...]
0: get(ok): data/dicoms/ewgenia003/ses-1/T1_MPRAGE_COR_ND_0008.tar.gz (file) [from origin...]
0: get(ok): data/dicoms/ewgenia003/ses-1/EP2D_DIFF_96DIR_7B0_3SHELL_ORIG_0015.tar.gz (file) [from origin...]
0: get(ok): data/dicoms/ewgenia003 (directory)
0: action summary:
0:   get (notneeded: 1, ok: 5)
0: get(ok): data/dicoms/ewgenia001/ses-1/EP2D_RESTINGSTATE_0012.tar.gz (file) [from origin...]
0: get(ok): data/dicoms/ewgenia001/ses-1/3D_FLAIR_0005.tar.gz (file) [from origin...]
0: get(ok): data/dicoms/ewgenia001/ses-1/T1_MPRAGE_COR_ND_0008.tar.gz (file) [from origin...]
0: get(ok): data/dicoms/ewgenia001/ses-1/EP2D_DIFF_96DIR_7B0_3SHELL_ORIG_0015.tar.gz (file) [from origin...]
0: get(ok): data/dicoms/ewgenia001 (directory)
0: action summary:
0:   get (notneeded: 1, ok: 5)
0: get(ok): data/dicoms/ewgenia004/ses-1/EP2D_RESTINGSTATE_0012.tar.gz (file) [from origin...]
0: get(ok): data/dicoms/ewgenia004/ses-1/3D_FLAIR_0005.tar.gz (file) [from origin...]
0: get(ok): data/dicoms/ewgenia004/ses-1/T1_MPRAGE_COR_ND_0008.tar.gz (file) [from origin...]
0: get(ok): data/dicoms/ewgenia004/ses-1/EP2D_DIFF_96DIR_7B0_3SHELL_ORIG_0015.tar.gz (file) [from origin...]
0: get(ok): data/dicoms/ewgenia004 (directory)
0: action summary:
0:   get (notneeded: 1, ok: 5)
0: get(ok): data/dicoms/ewgenia005/ses-1/3D_FLAIR_0005.tar.gz (file) [from origin...]
0: get(ok): data/dicoms/ewgenia005/ses-1/EP2D_RESTINGSTATE_0012.tar.gz (file) [from origin...]
0: get(ok): data/dicoms/ewgenia005/ses-1/T1_MPRAGE_COR_ND_0008.tar.gz (file) [from origin...]
0: get(ok): data/dicoms/ewgenia005/ses-1/EP2D_DIFF_96DIR_7B0_3SHELL_ORIG_0015.tar.gz (file) [from origin...]
0: get(ok): data/dicoms/ewgenia005 (directory)
0: action summary:
0:   get (notneeded: 1, ok: 5)
0: install(ok): /scratch/fatx405.1433756/ewgenia002/clone/data/raw_bids/sub-ewgenia002 (dataset) [Installed subdataset in order to get /scratch/fatx405.1433756/ewgenia002/clone/data/raw_bids/sub-ewgenia002]
0: install(ok): /scratch/fatx405.1433756/ewgenia003/clone/data/raw_bids/sub-ewgenia003 (dataset) [Installed subdataset in order to get /scratch/fatx405.1433756/ewgenia003/clone/data/raw_bids/sub-ewgenia003]
0: install(ok): /scratch/fatx405.1433756/ewgenia004/clone/data/raw_bids/sub-ewgenia004 (dataset) [Installed subdataset in order to get /scratch/fatx405.1433756/ewgenia004/clone/data/raw_bids/sub-ewgenia004]
0: install(ok): /scratch/fatx405.1433756/ewgenia005/clone/data/raw_bids/sub-ewgenia005 (dataset) [Installed subdataset in order to get /scratch/fatx405.1433756/ewgenia005/clone/data/raw_bids/sub-ewgenia005]
0: install(ok): /scratch/fatx405.1433756/ewgenia001/clone/data/raw_bids/sub-ewgenia001 (dataset) [Installed subdataset in order to get /scratch/fatx405.1433756/ewgenia001/clone/data/raw_bids/sub-ewgenia001]
0: get(ok): data/raw_bids/sub-ewgenia001/ses-1/anat/sub-ewgenia001_ses-1_FLAIR.json (file) [from origin...]
0: get(ok): data/raw_bids/sub-ewgenia001/ses-1/dwi/sub-ewgenia001_ses-1_dir-AP_dwi.bvec (file) [from origin...]
0: get(ok): data/raw_bids/sub-ewgenia001/ses-1/anat/sub-ewgenia001_ses-1_T1w.json (file) [from origin...]
0: get(ok): data/raw_bids/sub-ewgenia001/ses-1/anat/sub-ewgenia001_ses-1_FLAIR.nii.gz (file) [from origin...]
0: get(ok): data/raw_bids/sub-ewgenia001/ses-1/func/sub-ewgenia001_ses-1_task-rest_bold.json (file) [from origin...]
0: get(ok): data/raw_bids/sub-ewgenia001/ses-1/anat/sub-ewgenia001_ses-1_T1w.nii.gz (file) [from origin...]
0: get(ok): data/raw_bids/sub-ewgenia001/ses-1/dwi/sub-ewgenia001_ses-1_dir-AP_dwi.json (file) [from origin...]
0: get(ok): data/raw_bids/sub-ewgenia001/ses-1/dwi/sub-ewgenia001_ses-1_dir-AP_dwi.bval (file) [from origin...]
0: get(ok): data/raw_bids/sub-ewgenia001/ses-1/dwi/sub-ewgenia001_ses-1_dir-AP_dwi.nii.gz (file) [from origin...]
0: get(ok): data/raw_bids/sub-ewgenia001/ses-1/func/sub-ewgenia001_ses-1_task-rest_events.tsv (file) [from origin...]
0: get(ok): data/raw_bids/sub-ewgenia001/ses-1/func/sub-ewgenia001_ses-1_task-rest_bold.nii.gz (file) [from origin...]
0: get(ok): data/raw_bids/sub-ewgenia001/ses-1/sub-ewgenia001_ses-1_scans.json (file) [from origin...]
0: get(ok): data/raw_bids/sub-ewgenia001/ses-1/sub-ewgenia001_ses-1_scans.tsv (file) [from origin...]
0: action summary:
0:   get (ok: 13)
0:   install (ok: 1)
0: 210708-14:43:58,320 nipype.workflow INFO:
0: 	 [Node] Setting-up "convert" in "/tmp/dcm2niix7mkr7k27/convert".
0: 210708-14:43:58,435 nipype.workflow INFO:
0: 	 [Node] Running "convert" ("nipype.interfaces.dcm2nii.Dcm2niix"), a CommandLine Interface with command:
0: dcm2niix -b y -z y -x n -t n -m n -f sub-ewgenia003_ses-1_FLAIR_heudiconv839 -o /bids/sub-ewgenia003/ses-1/anat -s n -v n /tmp/dcm2niix7mkr7k27/convert
0: 210708-14:43:59,179 nipype.interface INFO:
0: 	 stdout 2021-07-08T14:43:59.179008:Chris Rorden's dcm2niiX version v1.0.20190410  GCC6.3.0 (64-bit Linux)
0: 210708-14:43:59,181 nipype.interface INFO:
0: 	 stdout 2021-07-08T14:43:59.179008:Found 384 DICOM file(s)
0: 210708-14:43:59,181 nipype.interface INFO:
0: 	 stdout 2021-07-08T14:43:59.179008:192 images have identical time, series, acquisition and instance values. DUPLICATES REMOVED.
0: 210708-14:43:59,182 nipype.interface INFO:
0: 	 stdout 2021-07-08T14:43:59.179008:Convert 192 DICOM as /bids/sub-ewgenia003/ses-1/anat/sub-ewgenia003_ses-1_FLAIR_heudiconv839 (320x320x192x1)
0: 210708-14:44:00,701 nipype.workflow INFO:
0: 	 [Node] Setting-up "convert" in "/tmp/dcm2niix8mq43dkx/convert".
0: 210708-14:44:00,819 nipype.workflow INFO:
0: 	 [Node] Running "convert" ("nipype.interfaces.dcm2nii.Dcm2niix"), a CommandLine Interface with command:
0: dcm2niix -b y -z y -x n -t n -m n -f sub-ewgenia002_ses-1_FLAIR_heudiconv384 -o /bids/sub-ewgenia002/ses-1/anat -s n -v n /tmp/dcm2niix8mq43dkx/convert
0: 210708-14:44:01,428 nipype.interface INFO:
0: 	 stdout 2021-07-08T14:44:01.427373:Compress: "/usr/bin/pigz" -b 960 -n -f -6 "/bids/sub-ewgenia003/ses-1/anat/sub-ewgenia003_ses-1_FLAIR_heudiconv839.nii"
0: 210708-14:44:01,430 nipype.interface INFO:
0: 	 stdout 2021-07-08T14:44:01.427373:Conversion required 2.549966 seconds (0.478110 for core code).
0: 210708-14:44:01,562 nipype.interface INFO:
0: 	 stdout 2021-07-08T14:44:01.562112:Chris Rorden's dcm2niiX version v1.0.20190410  GCC6.3.0 (64-bit Linux)
0: 210708-14:44:01,564 nipype.interface INFO:
0: 	 stdout 2021-07-08T14:44:01.562112:Found 384 DICOM file(s)
0: 210708-14:44:01,564 nipype.interface INFO:
0: 	 stdout 2021-07-08T14:44:01.562112:192 images have identical time, series, acquisition and instance values. DUPLICATES REMOVED.
0: 210708-14:44:01,564 nipype.interface INFO:
0: 	 stdout 2021-07-08T14:44:01.562112:Convert 192 DICOM as /bids/sub-ewgenia002/ses-1/anat/sub-ewgenia002_ses-1_FLAIR_heudiconv384 (320x320x192x1)
0: 210708-14:44:03,255 nipype.workflow INFO:
0: 	 [Node] Finished "convert".
0: 210708-14:44:03,783 nipype.interface INFO:
0: 	 stdout 2021-07-08T14:44:03.782233:Compress: "/usr/bin/pigz" -b 960 -n -f -6 "/bids/sub-ewgenia002/ses-1/anat/sub-ewgenia002_ses-1_FLAIR_heudiconv384.nii"
0: 210708-14:44:03,784 nipype.interface INFO:
0: 	 stdout 2021-07-08T14:44:03.782233:Conversion required 2.520328 seconds (0.478135 for core code).
0: 210708-14:44:04,827 nipype.workflow INFO:
0: 	 [Node] Finished "convert".
0: 210708-14:44:28,283 nipype.workflow INFO:
0: 	 [Node] Setting-up "convert" in "/tmp/dcm2niixefaw366j/convert".
0: 210708-14:44:28,401 nipype.workflow INFO:
0: 	 [Node] Running "convert" ("nipype.interfaces.dcm2nii.Dcm2niix"), a CommandLine Interface with command:
0: dcm2niix -b y -z y -x n -t n -m n -f sub-ewgenia004_ses-1_FLAIR_heudiconv617 -o /bids/sub-ewgenia004/ses-1/anat -s n -v n /tmp/dcm2niixefaw366j/convert
0: 210708-14:44:29,166 nipype.interface INFO:
0: 	 stdout 2021-07-08T14:44:29.165034:Chris Rorden's dcm2niiX version v1.0.20190410  GCC6.3.0 (64-bit Linux)
0: 210708-14:44:29,168 nipype.interface INFO:
0: 	 stdout 2021-07-08T14:44:29.165034:Found 384 DICOM file(s)
0: 210708-14:44:29,168 nipype.interface INFO:
0: 	 stdout 2021-07-08T14:44:29.165034:192 images have identical time, series, acquisition and instance values. DUPLICATES REMOVED.
0: 210708-14:44:29,168 nipype.interface INFO:
0: 	 stdout 2021-07-08T14:44:29.165034:Convert 192 DICOM as /bids/sub-ewgenia004/ses-1/anat/sub-ewgenia004_ses-1_FLAIR_heudiconv617 (320x320x192x1)
0: 210708-14:44:31,129 nipype.interface INFO:
0: 	 stdout 2021-07-08T14:44:31.129251:Compress: "/usr/bin/pigz" -b 960 -n -f -6 "/bids/sub-ewgenia004/ses-1/anat/sub-ewgenia004_ses-1_FLAIR_heudiconv617.nii"
0: 210708-14:44:31,131 nipype.interface INFO:
0: 	 stdout 2021-07-08T14:44:31.129251:Conversion required 2.259050 seconds (0.456472 for core code).
0: 210708-14:44:31,630 nipype.workflow INFO:
0: 	 [Node] Finished "convert".
0: 210708-14:44:49,503 nipype.workflow INFO:
0: 	 [Node] Setting-up "convert" in "/tmp/dcm2niixgsq0tydm/convert".
0: 210708-14:44:49,619 nipype.workflow INFO:
0: 	 [Node] Running "convert" ("nipype.interfaces.dcm2nii.Dcm2niix"), a CommandLine Interface with command:
0: dcm2niix -b y -z y -x n -t n -m n -f sub-ewgenia001_ses-1_FLAIR_heudiconv259 -o /bids/sub-ewgenia001/ses-1/anat -s n -v n /tmp/dcm2niixgsq0tydm/convert
0: 210708-14:44:50,406 nipype.interface INFO:
0: 	 stdout 2021-07-08T14:44:50.405614:Chris Rorden's dcm2niiX version v1.0.20190410  GCC6.3.0 (64-bit Linux)
0: 210708-14:44:50,408 nipype.interface INFO:
0: 	 stdout 2021-07-08T14:44:50.405614:Found 384 DICOM file(s)
0: 210708-14:44:50,408 nipype.interface INFO:
0: 	 stdout 2021-07-08T14:44:50.405614:192 images have identical time, series, acquisition and instance values. DUPLICATES REMOVED.
0: 210708-14:44:50,408 nipype.interface INFO:
0: 	 stdout 2021-07-08T14:44:50.405614:Convert 192 DICOM as /bids/sub-ewgenia001/ses-1/anat/sub-ewgenia001_ses-1_FLAIR_heudiconv259 (320x320x192x1)
0: 210708-14:44:52,74 nipype.interface INFO:
0: 	 stdout 2021-07-08T14:44:52.074086:Compress: "/usr/bin/pigz" -b 960 -n -f -6 "/bids/sub-ewgenia001/ses-1/anat/sub-ewgenia001_ses-1_FLAIR_heudiconv259.nii"
0: 210708-14:44:52,76 nipype.interface INFO:
0: 	 stdout 2021-07-08T14:44:52.074086:Conversion required 1.987811 seconds (0.551808 for core code).
0: 210708-14:44:52,934 nipype.workflow INFO:
0: 	 [Node] Finished "convert".
0: 210708-14:45:06,547 nipype.workflow INFO:
0: 	 [Node] Setting-up "convert" in "/tmp/dcm2niix457h0arr/convert".
0: 210708-14:45:06,675 nipype.workflow INFO:
0: 	 [Node] Running "convert" ("nipype.interfaces.dcm2nii.Dcm2niix"), a CommandLine Interface with command:
0: dcm2niix -b y -z y -x n -t n -m n -f sub-ewgenia005_ses-1_FLAIR_heudiconv903 -o /bids/sub-ewgenia005/ses-1/anat -s n -v n /tmp/dcm2niix457h0arr/convert
0: 210708-14:45:07,436 nipype.interface INFO:
0: 	 stdout 2021-07-08T14:45:07.436055:Chris Rorden's dcm2niiX version v1.0.20190410  GCC6.3.0 (64-bit Linux)
0: 210708-14:45:07,438 nipype.interface INFO:
0: 	 stdout 2021-07-08T14:45:07.436055:Found 384 DICOM file(s)
0: 210708-14:45:07,438 nipype.interface INFO:
0: 	 stdout 2021-07-08T14:45:07.436055:192 images have identical time, series, acquisition and instance values. DUPLICATES REMOVED.
0: 210708-14:45:07,438 nipype.interface INFO:
0: 	 stdout 2021-07-08T14:45:07.436055:Convert 192 DICOM as /bids/sub-ewgenia005/ses-1/anat/sub-ewgenia005_ses-1_FLAIR_heudiconv903 (320x320x192x1)
0: 210708-14:45:09,62 nipype.interface INFO:
0: 	 stdout 2021-07-08T14:45:09.061962:Compress: "/usr/bin/pigz" -b 960 -n -f -6 "/bids/sub-ewgenia005/ses-1/anat/sub-ewgenia005_ses-1_FLAIR_heudiconv903.nii"
0: 210708-14:45:09,64 nipype.interface INFO:
0: 	 stdout 2021-07-08T14:45:09.061962:Conversion required 1.913006 seconds (0.447884 for core code).
0: 210708-14:45:09,102 nipype.workflow INFO:
0: 	 [Node] Finished "convert".
0: 210708-14:46:17,4 nipype.workflow INFO:
0: 	 [Node] Setting-up "convert" in "/tmp/dcm2niixoqj9996y/convert".
0: 210708-14:46:22,509 nipype.workflow INFO:
0: 	 [Node] Running "convert" ("nipype.interfaces.dcm2nii.Dcm2niix"), a CommandLine Interface with command:
0: dcm2niix -b y -z y -x n -t n -m n -f sub-ewgenia004_ses-1_dir-AP_dwi_heudiconv945 -o /bids/sub-ewgenia004/ses-1/dwi -s n -v n /tmp/dcm2niixoqj9996y/convert
0: 210708-14:46:33,743 nipype.interface INFO:
0: 	 stdout 2021-07-08T14:46:33.742744:Chris Rorden's dcm2niiX version v1.0.20190410  GCC6.3.0 (64-bit Linux)
0: 210708-14:46:33,745 nipype.interface INFO:
0: 	 stdout 2021-07-08T14:46:33.742744:Found 17618 DICOM file(s)
0: 210708-14:46:33,745 nipype.interface INFO:
0: 	 stdout 2021-07-08T14:46:33.742744:slices stacked despite varying acquisition numbers (if this is not desired recompile with 'mySegmentByAcq')
0: 210708-14:46:33,745 nipype.interface INFO:
0: 	 stdout 2021-07-08T14:46:33.742744:6288 images have identical time, series, acquisition and instance values. DUPLICATES REMOVED.
0: 210708-14:46:33,746 nipype.interface INFO:
0: 	 stdout 2021-07-08T14:46:33.742744:Saving 103 DTI gradients. Validate vectors.
0: 210708-14:46:33,746 nipype.interface INFO:
0: 	 stdout 2021-07-08T14:46:33.742744:Convert 11330 DICOM as /bids/sub-ewgenia004/ses-1/dwi/sub-ewgenia004_ses-1_dir-AP_dwi_heudiconv945 (144x144x110x103)
0: 210708-14:46:38,542 nipype.workflow INFO:
0: 	 [Node] Setting-up "convert" in "/tmp/dcm2niixzcq25r7y/convert".
0: 210708-14:46:42,280 nipype.workflow INFO:
0: 	 [Node] Setting-up "convert" in "/tmp/dcm2niixldf7tw2z/convert".
0: 210708-14:46:43,377 nipype.workflow INFO:
0: 	 [Node] Setting-up "convert" in "/tmp/dcm2niixomkq4nle/convert".
0: 210708-14:46:43,995 nipype.workflow INFO:
0: 	 [Node] Running "convert" ("nipype.interfaces.dcm2nii.Dcm2niix"), a CommandLine Interface with command:
0: dcm2niix -b y -z y -x n -t n -m n -f sub-ewgenia001_ses-1_dir-AP_dwi_heudiconv160 -o /bids/sub-ewgenia001/ses-1/dwi -s n -v n /tmp/dcm2niixzcq25r7y/convert
0: 210708-14:46:47,711 nipype.workflow INFO:
0: 	 [Node] Running "convert" ("nipype.interfaces.dcm2nii.Dcm2niix"), a CommandLine Interface with command:
0: dcm2niix -b y -z y -x n -t n -m n -f sub-ewgenia002_ses-1_dir-AP_dwi_heudiconv939 -o /bids/sub-ewgenia002/ses-1/dwi -s n -v n /tmp/dcm2niixldf7tw2z/convert
0: 210708-14:46:48,842 nipype.workflow INFO:
0: 	 [Node] Running "convert" ("nipype.interfaces.dcm2nii.Dcm2niix"), a CommandLine Interface with command:
0: dcm2niix -b y -z y -x n -t n -m n -f sub-ewgenia003_ses-1_dir-AP_dwi_heudiconv850 -o /bids/sub-ewgenia003/ses-1/dwi -s n -v n /tmp/dcm2niixomkq4nle/convert
0: 210708-14:46:50,52 nipype.interface INFO:
0: 	 stdout 2021-07-08T14:46:50.051279:Compress: "/usr/bin/pigz" -b 960 -n -f -6 "/bids/sub-ewgenia004/ses-1/dwi/sub-ewgenia004_ses-1_dir-AP_dwi_heudiconv945.nii"
0: 210708-14:46:50,53 nipype.interface INFO:
0: 	 stdout 2021-07-08T14:46:50.051279:Conversion required 27.296254 seconds (11.370495 for core code).
0: 210708-14:46:50,896 nipype.workflow INFO:
0: 	 [Node] Finished "convert".
0: 210708-14:46:55,516 nipype.workflow INFO:
0: 	 [Node] Setting-up "convert" in "/tmp/dcm2niixhvjrg2sg/convert".
0: 210708-14:46:55,637 nipype.workflow INFO:
0: 	 [Node] Running "convert" ("nipype.interfaces.dcm2nii.Dcm2niix"), a CommandLine Interface with command:
0: dcm2niix -b y -z y -x n -t n -m n -f sub-ewgenia004_ses-1_task-rest_bold_heudiconv779 -o /bids/sub-ewgenia004/ses-1/func -s n -v n /tmp/dcm2niixhvjrg2sg/convert
0: 210708-14:46:55,977 nipype.interface INFO:
0: 	 stdout 2021-07-08T14:46:55.976516:Chris Rorden's dcm2niiX version v1.0.20190410  GCC6.3.0 (64-bit Linux)
0: 210708-14:46:55,980 nipype.interface INFO:
0: 	 stdout 2021-07-08T14:46:55.976516:Found 17618 DICOM file(s)
0: 210708-14:46:55,980 nipype.interface INFO:
0: 	 stdout 2021-07-08T14:46:55.976516:slices stacked despite varying acquisition numbers (if this is not desired recompile with 'mySegmentByAcq')
0: 210708-14:46:55,980 nipype.interface INFO:
0: 	 stdout 2021-07-08T14:46:55.976516:6288 images have identical time, series, acquisition and instance values. DUPLICATES REMOVED.
0: 210708-14:46:55,980 nipype.interface INFO:
0: 	 stdout 2021-07-08T14:46:55.976516:Saving 103 DTI gradients. Validate vectors.
0: 210708-14:46:55,980 nipype.interface INFO:
0: 	 stdout 2021-07-08T14:46:55.976516:Convert 11330 DICOM as /bids/sub-ewgenia001/ses-1/dwi/sub-ewgenia001_ses-1_dir-AP_dwi_heudiconv160 (144x144x110x103)
0: 210708-14:46:56,765 nipype.interface INFO:
0: 	 stdout 2021-07-08T14:46:56.764140:Chris Rorden's dcm2niiX version v1.0.20190410  GCC6.3.0 (64-bit Linux)
0: 210708-14:46:56,767 nipype.interface INFO:
0: 	 stdout 2021-07-08T14:46:56.764140:Found 400 DICOM file(s)
0: 210708-14:46:56,767 nipype.interface INFO:
0: 	 stdout 2021-07-08T14:46:56.764140:slices stacked despite varying acquisition numbers (if this is not desired recompile with 'mySegmentByAcq')
0: 210708-14:46:56,767 nipype.interface INFO:
0: 	 stdout 2021-07-08T14:46:56.764140:200 images have identical time, series, acquisition and instance values. DUPLICATES REMOVED.
0: 210708-14:46:56,767 nipype.interface INFO:
0: 	 stdout 2021-07-08T14:46:56.764140:Convert 200 DICOM as /bids/sub-ewgenia004/ses-1/func/sub-ewgenia004_ses-1_task-rest_bold_heudiconv779 (72x72x40x200)
0: 210708-14:46:59,779 nipype.interface INFO:
0: 	 stdout 2021-07-08T14:46:59.778483:Compress: "/usr/bin/pigz" -b 960 -n -f -6 "/bids/sub-ewgenia004/ses-1/func/sub-ewgenia004_ses-1_task-rest_bold_heudiconv779.nii"
0: 210708-14:46:59,780 nipype.interface INFO:
0: 	 stdout 2021-07-08T14:46:59.778483:Conversion required 3.920608 seconds (0.974357 for core code).
0: 210708-14:46:59,828 nipype.workflow INFO:
0: 	 [Node] Finished "convert".
0: 210708-14:47:00,702 nipype.interface INFO:
0: 	 stdout 2021-07-08T14:47:00.701421:Chris Rorden's dcm2niiX version v1.0.20190410  GCC6.3.0 (64-bit Linux)
0: 210708-14:47:00,704 nipype.interface INFO:
0: 	 stdout 2021-07-08T14:47:00.701421:Found 17618 DICOM file(s)
0: 210708-14:47:00,704 nipype.interface INFO:
0: 	 stdout 2021-07-08T14:47:00.701421:slices stacked despite varying acquisition numbers (if this is not desired recompile with 'mySegmentByAcq')
0: 210708-14:47:00,704 nipype.interface INFO:
0: 	 stdout 2021-07-08T14:47:00.701421:6288 images have identical time, series, acquisition and instance values. DUPLICATES REMOVED.
0: 210708-14:47:00,704 nipype.interface INFO:
0: 	 stdout 2021-07-08T14:47:00.701421:Saving 103 DTI gradients. Validate vectors.
0: 210708-14:47:00,704 nipype.interface INFO:
0: 	 stdout 2021-07-08T14:47:00.701421:Convert 11330 DICOM as /bids/sub-ewgenia002/ses-1/dwi/sub-ewgenia002_ses-1_dir-AP_dwi_heudiconv939 (144x144x110x103)
0: 210708-14:47:01,218 nipype.interface INFO:
0: 	 stdout 2021-07-08T14:47:01.217930:Chris Rorden's dcm2niiX version v1.0.20190410  GCC6.3.0 (64-bit Linux)
0: 210708-14:47:01,220 nipype.interface INFO:
0: 	 stdout 2021-07-08T14:47:01.217930:Found 17618 DICOM file(s)
0: 210708-14:47:01,220 nipype.interface INFO:
0: 	 stdout 2021-07-08T14:47:01.217930:slices stacked despite varying acquisition numbers (if this is not desired recompile with 'mySegmentByAcq')
0: 210708-14:47:01,221 nipype.interface INFO:
0: 	 stdout 2021-07-08T14:47:01.217930:6288 images have identical time, series, acquisition and instance values. DUPLICATES REMOVED.
0: 210708-14:47:01,221 nipype.interface INFO:
0: 	 stdout 2021-07-08T14:47:01.217930:Saving 103 DTI gradients. Validate vectors.
0: 210708-14:47:01,221 nipype.interface INFO:
0: 	 stdout 2021-07-08T14:47:01.217930:Convert 11330 DICOM as /bids/sub-ewgenia003/ses-1/dwi/sub-ewgenia003_ses-1_dir-AP_dwi_heudiconv850 (144x144x110x103)
0: 210708-14:47:02,820 nipype.workflow INFO:
0: 	 [Node] Setting-up "convert" in "/tmp/dcm2niixewusf6r3/convert".
0: 210708-14:47:02,973 nipype.workflow INFO:
0: 	 [Node] Running "convert" ("nipype.interfaces.dcm2nii.Dcm2niix"), a CommandLine Interface with command:
0: dcm2niix -b y -z y -x n -t n -m n -f sub-ewgenia004_ses-1_T1w_heudiconv423 -o /bids/sub-ewgenia004/ses-1/anat -s n -v n /tmp/dcm2niixewusf6r3/convert
0: 210708-14:47:03,535 nipype.interface INFO:
0: 	 stdout 2021-07-08T14:47:03.534191:Chris Rorden's dcm2niiX version v1.0.20190410  GCC6.3.0 (64-bit Linux)
0: 210708-14:47:03,537 nipype.interface INFO:
0: 	 stdout 2021-07-08T14:47:03.534191:Found 512 DICOM file(s)
0: 210708-14:47:03,537 nipype.interface INFO:
0: 	 stdout 2021-07-08T14:47:03.534191:256 images have identical time, series, acquisition and instance values. DUPLICATES REMOVED.
0: 210708-14:47:03,537 nipype.interface INFO:
0: 	 stdout 2021-07-08T14:47:03.534191:Convert 256 DICOM as /bids/sub-ewgenia004/ses-1/anat/sub-ewgenia004_ses-1_T1w_heudiconv423 (232x288x256x1)
0: 210708-14:47:04,951 nipype.interface INFO:
0: 	 stdout 2021-07-08T14:47:04.950602:Compress: "/usr/bin/pigz" -b 960 -n -f -6 "/bids/sub-ewgenia004/ses-1/anat/sub-ewgenia004_ses-1_T1w_heudiconv423.nii"
0: 210708-14:47:04,953 nipype.interface INFO:
0: 	 stdout 2021-07-08T14:47:04.950602:Conversion required 1.769552 seconds (0.469674 for core code).
0: 210708-14:47:05,871 nipype.workflow INFO:
0: 	 [Node] Finished "convert".
0: 210708-14:47:10,453 nipype.workflow INFO:
0: 	 [Node] Setting-up "convert" in "/tmp/dcm2niix_ijupeu_/convert".
0: 210708-14:47:14,516 nipype.interface INFO:
0: 	 stdout 2021-07-08T14:47:14.515190:Compress: "/usr/bin/pigz" -b 960 -n -f -6 "/bids/sub-ewgenia001/ses-1/dwi/sub-ewgenia001_ses-1_dir-AP_dwi_heudiconv160.nii"
0: 210708-14:47:14,518 nipype.interface INFO:
0: 	 stdout 2021-07-08T14:47:14.515190:Conversion required 30.256910 seconds (12.258957 for core code).
0: 210708-14:47:15,556 nipype.workflow INFO:
0: 	 [Node] Finished "convert".
0: 210708-14:47:17,843 nipype.workflow INFO:
0: 	 [Node] Running "convert" ("nipype.interfaces.dcm2nii.Dcm2niix"), a CommandLine Interface with command:
0: dcm2niix -b y -z y -x n -t n -m n -f sub-ewgenia005_ses-1_dir-AP_dwi_heudiconv073 -o /bids/sub-ewgenia005/ses-1/dwi -s n -v n /tmp/dcm2niix_ijupeu_/convert
0: 210708-14:47:18,72 nipype.interface INFO:
0: 	 stdout 2021-07-08T14:47:18.072015:Compress: "/usr/bin/pigz" -b 960 -n -f -6 "/bids/sub-ewgenia003/ses-1/dwi/sub-ewgenia003_ses-1_dir-AP_dwi_heudiconv850.nii"
0: 210708-14:47:18,74 nipype.interface INFO:
0: 	 stdout 2021-07-08T14:47:18.072015:Conversion required 29.001042 seconds (12.552573 for core code).
0: 210708-14:47:18,483 nipype.interface INFO:
0: 	 stdout 2021-07-08T14:47:18.482180:Compress: "/usr/bin/pigz" -b 960 -n -f -6 "/bids/sub-ewgenia002/ses-1/dwi/sub-ewgenia002_ses-1_dir-AP_dwi_heudiconv939.nii"
0: 210708-14:47:18,484 nipype.interface INFO:
0: 	 stdout 2021-07-08T14:47:18.482180:Conversion required 30.534366 seconds (13.213931 for core code).
0: 210708-14:47:18,822 nipype.workflow INFO:
0: 	 [Node] Finished "convert".
0: 210708-14:47:19,245 nipype.workflow INFO:
0: 	 [Node] Finished "convert".
0: 210708-14:47:22,500 nipype.workflow INFO:
0: 	 [Node] Setting-up "convert" in "/tmp/dcm2niixtdzs22_b/convert".
0: 210708-14:47:22,631 nipype.workflow INFO:
0: 	 [Node] Running "convert" ("nipype.interfaces.dcm2nii.Dcm2niix"), a CommandLine Interface with command:
0: dcm2niix -b y -z y -x n -t n -m n -f sub-ewgenia001_ses-1_task-rest_bold_heudiconv404 -o /bids/sub-ewgenia001/ses-1/func -s n -v n /tmp/dcm2niixtdzs22_b/convert
0: 210708-14:47:23,59 nipype.workflow INFO:
0: 	 [Node] Setting-up "convert" in "/tmp/dcm2niixha8gp3fs/convert".
0: 210708-14:47:23,175 nipype.workflow INFO:
0: 	 [Node] Running "convert" ("nipype.interfaces.dcm2nii.Dcm2niix"), a CommandLine Interface with command:
0: dcm2niix -b y -z y -x n -t n -m n -f sub-ewgenia003_ses-1_task-rest_bold_heudiconv658 -o /bids/sub-ewgenia003/ses-1/func -s n -v n /tmp/dcm2niixha8gp3fs/convert
0: 210708-14:47:23,210 nipype.interface INFO:
0: 	 stdout 2021-07-08T14:47:23.209771:Chris Rorden's dcm2niiX version v1.0.20190410  GCC6.3.0 (64-bit Linux)
0: 210708-14:47:23,212 nipype.interface INFO:
0: 	 stdout 2021-07-08T14:47:23.209771:Found 400 DICOM file(s)
0: 210708-14:47:23,212 nipype.interface INFO:
0: 	 stdout 2021-07-08T14:47:23.209771:slices stacked despite varying acquisition numbers (if this is not desired recompile with 'mySegmentByAcq')
0: 210708-14:47:23,212 nipype.interface INFO:
0: 	 stdout 2021-07-08T14:47:23.209771:200 images have identical time, series, acquisition and instance values. DUPLICATES REMOVED.
0: 210708-14:47:23,212 nipype.interface INFO:
0: 	 stdout 2021-07-08T14:47:23.209771:Convert 200 DICOM as /bids/sub-ewgenia001/ses-1/func/sub-ewgenia001_ses-1_task-rest_bold_heudiconv404 (72x72x40x200)
0: 210708-14:47:23,454 nipype.workflow INFO:
0: 	 [Node] Setting-up "convert" in "/tmp/dcm2niixwoi0nfpn/convert".
0: 210708-14:47:23,572 nipype.workflow INFO:
0: 	 [Node] Running "convert" ("nipype.interfaces.dcm2nii.Dcm2niix"), a CommandLine Interface with command:
0: dcm2niix -b y -z y -x n -t n -m n -f sub-ewgenia002_ses-1_task-rest_bold_heudiconv712 -o /bids/sub-ewgenia002/ses-1/func -s n -v n /tmp/dcm2niixwoi0nfpn/convert
0: 210708-14:47:23,726 nipype.interface INFO:
0: 	 stdout 2021-07-08T14:47:23.725153:Chris Rorden's dcm2niiX version v1.0.20190410  GCC6.3.0 (64-bit Linux)
0: 210708-14:47:23,727 nipype.interface INFO:
0: 	 stdout 2021-07-08T14:47:23.725153:Found 400 DICOM file(s)
0: 210708-14:47:23,727 nipype.interface INFO:
0: 	 stdout 2021-07-08T14:47:23.725153:slices stacked despite varying acquisition numbers (if this is not desired recompile with 'mySegmentByAcq')
0: 210708-14:47:23,728 nipype.interface INFO:
0: 	 stdout 2021-07-08T14:47:23.725153:200 images have identical time, series, acquisition and instance values. DUPLICATES REMOVED.
0: 210708-14:47:23,728 nipype.interface INFO:
0: 	 stdout 2021-07-08T14:47:23.725153:Convert 200 DICOM as /bids/sub-ewgenia003/ses-1/func/sub-ewgenia003_ses-1_task-rest_bold_heudiconv658 (72x72x40x200)
0: 210708-14:47:24,143 nipype.interface INFO:
0: 	 stdout 2021-07-08T14:47:24.142039:Chris Rorden's dcm2niiX version v1.0.20190410  GCC6.3.0 (64-bit Linux)
0: 210708-14:47:24,145 nipype.interface INFO:
0: 	 stdout 2021-07-08T14:47:24.142039:Found 400 DICOM file(s)
0: 210708-14:47:24,145 nipype.interface INFO:
0: 	 stdout 2021-07-08T14:47:24.142039:slices stacked despite varying acquisition numbers (if this is not desired recompile with 'mySegmentByAcq')
0: 210708-14:47:24,145 nipype.interface INFO:
0: 	 stdout 2021-07-08T14:47:24.142039:200 images have identical time, series, acquisition and instance values. DUPLICATES REMOVED.
0: 210708-14:47:24,145 nipype.interface INFO:
0: 	 stdout 2021-07-08T14:47:24.142039:Convert 200 DICOM as /bids/sub-ewgenia002/ses-1/func/sub-ewgenia002_ses-1_task-rest_bold_heudiconv712 (72x72x40x200)
0: 210708-14:47:26,299 nipype.interface INFO:
0: 	 stdout 2021-07-08T14:47:26.298963:Compress: "/usr/bin/pigz" -b 960 -n -f -6 "/bids/sub-ewgenia001/ses-1/func/sub-ewgenia001_ses-1_task-rest_bold_heudiconv404.nii"
0: 210708-14:47:26,301 nipype.interface INFO:
0: 	 stdout 2021-07-08T14:47:26.298963:Conversion required 3.462675 seconds (0.429947 for core code).
0: 210708-14:47:26,342 nipype.workflow INFO:
0: 	 [Node] Finished "convert".
0: 210708-14:47:26,723 nipype.interface INFO:
0: 	 stdout 2021-07-08T14:47:26.722089:Compress: "/usr/bin/pigz" -b 960 -n -f -6 "/bids/sub-ewgenia003/ses-1/func/sub-ewgenia003_ses-1_task-rest_bold_heudiconv658.nii"
0: 210708-14:47:26,724 nipype.interface INFO:
0: 	 stdout 2021-07-08T14:47:26.722089:Conversion required 3.362604 seconds (0.408684 for core code).
0: 210708-14:47:26,764 nipype.workflow INFO:
0: 	 [Node] Finished "convert".
0: 210708-14:47:27,534 nipype.interface INFO:
0: 	 stdout 2021-07-08T14:47:27.533403:Compress: "/usr/bin/pigz" -b 960 -n -f -6 "/bids/sub-ewgenia002/ses-1/func/sub-ewgenia002_ses-1_task-rest_bold_heudiconv712.nii"
0: 210708-14:47:27,536 nipype.interface INFO:
0: 	 stdout 2021-07-08T14:47:27.533403:Conversion required 3.758973 seconds (0.409056 for core code).
0: 210708-14:47:27,576 nipype.workflow INFO:
0: 	 [Node] Finished "convert".
0: 210708-14:47:28,860 nipype.interface INFO:
0: 	 stdout 2021-07-08T14:47:28.859997:Chris Rorden's dcm2niiX version v1.0.20190410  GCC6.3.0 (64-bit Linux)
0: 210708-14:47:28,862 nipype.interface INFO:
0: 	 stdout 2021-07-08T14:47:28.859997:Found 17618 DICOM file(s)
0: 210708-14:47:28,863 nipype.interface INFO:
0: 	 stdout 2021-07-08T14:47:28.859997:slices stacked despite varying acquisition numbers (if this is not desired recompile with 'mySegmentByAcq')
0: 210708-14:47:28,863 nipype.interface INFO:
0: 	 stdout 2021-07-08T14:47:28.859997:6288 images have identical time, series, acquisition and instance values. DUPLICATES REMOVED.
0: 210708-14:47:28,863 nipype.interface INFO:
0: 	 stdout 2021-07-08T14:47:28.859997:Saving 103 DTI gradients. Validate vectors.
0: 210708-14:47:28,863 nipype.interface INFO:
0: 	 stdout 2021-07-08T14:47:28.859997:Convert 11330 DICOM as /bids/sub-ewgenia005/ses-1/dwi/sub-ewgenia005_ses-1_dir-AP_dwi_heudiconv073 (144x144x110x103)
0: 210708-14:47:29,244 nipype.workflow INFO:
0: 	 [Node] Setting-up "convert" in "/tmp/dcm2niixen_p7gg6/convert".
0: 210708-14:47:29,391 nipype.workflow INFO:
0: 	 [Node] Running "convert" ("nipype.interfaces.dcm2nii.Dcm2niix"), a CommandLine Interface with command:
0: dcm2niix -b y -z y -x n -t n -m n -f sub-ewgenia001_ses-1_T1w_heudiconv502 -o /bids/sub-ewgenia001/ses-1/anat -s n -v n /tmp/dcm2niixen_p7gg6/convert
0: 210708-14:47:29,705 nipype.workflow INFO:
0: 	 [Node] Setting-up "convert" in "/tmp/dcm2niixpsfgrt_4/convert".
0: 210708-14:47:29,856 nipype.workflow INFO:
0: 	 [Node] Running "convert" ("nipype.interfaces.dcm2nii.Dcm2niix"), a CommandLine Interface with command:
0: dcm2niix -b y -z y -x n -t n -m n -f sub-ewgenia003_ses-1_T1w_heudiconv034 -o /bids/sub-ewgenia003/ses-1/anat -s n -v n /tmp/dcm2niixpsfgrt_4/convert
0: 210708-14:47:29,925 nipype.interface INFO:
0: 	 stdout 2021-07-08T14:47:29.924498:Chris Rorden's dcm2niiX version v1.0.20190410  GCC6.3.0 (64-bit Linux)
0: 210708-14:47:29,927 nipype.interface INFO:
0: 	 stdout 2021-07-08T14:47:29.924498:Found 512 DICOM file(s)
0: 210708-14:47:29,927 nipype.interface INFO:
0: 	 stdout 2021-07-08T14:47:29.924498:256 images have identical time, series, acquisition and instance values. DUPLICATES REMOVED.
0: 210708-14:47:29,927 nipype.interface INFO:
0: 	 stdout 2021-07-08T14:47:29.924498:Convert 256 DICOM as /bids/sub-ewgenia001/ses-1/anat/sub-ewgenia001_ses-1_T1w_heudiconv502 (232x288x256x1)
0: 210708-14:47:30,400 nipype.interface INFO:
0: 	 stdout 2021-07-08T14:47:30.399882:Chris Rorden's dcm2niiX version v1.0.20190410  GCC6.3.0 (64-bit Linux)
0: 210708-14:47:30,403 nipype.interface INFO:
0: 	 stdout 2021-07-08T14:47:30.399882:Found 512 DICOM file(s)
0: 210708-14:47:30,403 nipype.interface INFO:
0: 	 stdout 2021-07-08T14:47:30.399882:256 images have identical time, series, acquisition and instance values. DUPLICATES REMOVED.
0: 210708-14:47:30,490 nipype.workflow INFO:
0: 	 [Node] Setting-up "convert" in "/tmp/dcm2niixm03_grum/convert".
0: 210708-14:47:30,403 nipype.interface INFO:
0: 	 stdout 2021-07-08T14:47:30.399882:Convert 256 DICOM as /bids/sub-ewgenia003/ses-1/anat/sub-ewgenia003_ses-1_T1w_heudiconv034 (232x288x256x1)
0: 210708-14:47:30,639 nipype.workflow INFO:
0: 	 [Node] Running "convert" ("nipype.interfaces.dcm2nii.Dcm2niix"), a CommandLine Interface with command:
0: dcm2niix -b y -z y -x n -t n -m n -f sub-ewgenia002_ses-1_T1w_heudiconv704 -o /bids/sub-ewgenia002/ses-1/anat -s n -v n /tmp/dcm2niixm03_grum/convert
0: 210708-14:47:32,402 nipype.interface INFO:
0: 	 stdout 2021-07-08T14:47:32.401222:Compress: "/usr/bin/pigz" -b 960 -n -f -6 "/bids/sub-ewgenia001/ses-1/anat/sub-ewgenia001_ses-1_T1w_heudiconv502.nii"
0: 210708-14:47:32,404 nipype.interface INFO:
0: 	 stdout 2021-07-08T14:47:32.401222:Conversion required 2.821732 seconds (0.448966 for core code).
0: 210708-14:47:32,682 nipype.workflow INFO:
0: 	 [Node] Finished "convert".
0: 210708-14:47:32,849 nipype.interface INFO:
0: 	 stdout 2021-07-08T14:47:32.848558:Chris Rorden's dcm2niiX version v1.0.20190410  GCC6.3.0 (64-bit Linux)
0: 210708-14:47:32,851 nipype.interface INFO:
0: 	 stdout 2021-07-08T14:47:32.848558:Found 512 DICOM file(s)
0: 210708-14:47:32,852 nipype.interface INFO:
0: 	 stdout 2021-07-08T14:47:32.848558:256 images have identical time, series, acquisition and instance values. DUPLICATES REMOVED.
0: 210708-14:47:32,852 nipype.interface INFO:
0: 	 stdout 2021-07-08T14:47:32.848558:Convert 256 DICOM as /bids/sub-ewgenia002/ses-1/anat/sub-ewgenia002_ses-1_T1w_heudiconv704 (232x288x256x1)
0: 210708-14:47:33,658 nipype.interface INFO:
0: 	 stdout 2021-07-08T14:47:33.657211:Compress: "/usr/bin/pigz" -b 960 -n -f -6 "/bids/sub-ewgenia003/ses-1/anat/sub-ewgenia003_ses-1_T1w_heudiconv034.nii"
0: 210708-14:47:33,659 nipype.interface INFO:
0: 	 stdout 2021-07-08T14:47:33.657211:Conversion required 3.605062 seconds (0.447786 for core code).
0: 210708-14:47:33,703 nipype.workflow INFO:
0: 	 [Node] Finished "convert".
0: 210708-14:47:34,218 nipype.interface INFO:
0: 	 stdout 2021-07-08T14:47:34.217790:Compress: "/usr/bin/pigz" -b 960 -n -f -6 "/bids/sub-ewgenia002/ses-1/anat/sub-ewgenia002_ses-1_T1w_heudiconv704.nii"
0: 210708-14:47:34,219 nipype.interface INFO:
0: 	 stdout 2021-07-08T14:47:34.217790:Conversion required 1.719044 seconds (0.449000 for core code).
0: 210708-14:47:34,263 nipype.workflow INFO:
0: 	 [Node] Finished "convert".
0: unlock(ok): data/raw_bids/dataset_description.json (file)
0: unlock(ok): data/raw_bids/participants.tsv (file)
0: add(ok): ses-1/anat/sub-ewgenia004_ses-1_FLAIR.json (file)
0: add(ok): ses-1/anat/sub-ewgenia004_ses-1_FLAIR.nii.gz (file)
0: add(ok): ses-1/anat/sub-ewgenia004_ses-1_T1w.json (file)
0: add(ok): ses-1/anat/sub-ewgenia004_ses-1_T1w.nii.gz (file)
0: add(ok): ses-1/dwi/sub-ewgenia004_ses-1_dir-AP_dwi.bval (file)
0: add(ok): ses-1/dwi/sub-ewgenia004_ses-1_dir-AP_dwi.bvec (file)
0: add(ok): ses-1/dwi/sub-ewgenia004_ses-1_dir-AP_dwi.json (file)
0: add(ok): ses-1/dwi/sub-ewgenia004_ses-1_dir-AP_dwi.nii.gz (file)
0: add(ok): ses-1/func/sub-ewgenia004_ses-1_task-rest_bold.json (file)
0: add(ok): ses-1/func/sub-ewgenia004_ses-1_task-rest_bold.nii.gz (file)
0: add(ok): ses-1/sub-ewgenia004_ses-1_scans.json (file)
0: add(ok): ses-1/sub-ewgenia004_ses-1_scans.tsv (file)
0: save(ok): data/raw_bids/sub-ewgenia004 (dataset)
0: add(ok): sub-ewgenia004 (file)
0: add(ok): dataset_description.json (file)
0: add(ok): participants.tsv (file)
0: save(ok): data/raw_bids (dataset)
0: add(ok): data/raw_bids (file)
0: save(ok): . (dataset)
0: action summary:
0:   add (ok: 16)
0:   get (notneeded: 1)
0:   save (ok: 3)
0:   unlock (ok: 2)
0: 210708-14:47:44,798 nipype.interface INFO:
0: 	 stdout 2021-07-08T14:47:44.798300:Compress: "/usr/bin/pigz" -b 960 -n -f -6 "/bids/sub-ewgenia005/ses-1/dwi/sub-ewgenia005_ses-1_dir-AP_dwi_heudiconv073.nii"
0: 210708-14:47:44,800 nipype.interface INFO:
0: 	 stdout 2021-07-08T14:47:44.798300:Conversion required 26.713077 seconds (11.035566 for core code).
0: 210708-14:47:45,511 nipype.workflow INFO:
0: 	 [Node] Finished "convert".
0: 210708-14:47:49,782 nipype.workflow INFO:
0: 	 [Node] Setting-up "convert" in "/tmp/dcm2niixe2j087bc/convert".
0: 210708-14:47:49,896 nipype.workflow INFO:
0: 	 [Node] Running "convert" ("nipype.interfaces.dcm2nii.Dcm2niix"), a CommandLine Interface with command:
0: dcm2niix -b y -z y -x n -t n -m n -f sub-ewgenia005_ses-1_task-rest_bold_heudiconv900 -o /bids/sub-ewgenia005/ses-1/func -s n -v n /tmp/dcm2niixe2j087bc/convert
0: 210708-14:47:50,448 nipype.interface INFO:
0: 	 stdout 2021-07-08T14:47:50.447434:Chris Rorden's dcm2niiX version v1.0.20190410  GCC6.3.0 (64-bit Linux)
0: 210708-14:47:50,449 nipype.interface INFO:
0: 	 stdout 2021-07-08T14:47:50.447434:Found 400 DICOM file(s)
0: 210708-14:47:50,450 nipype.interface INFO:
0: 	 stdout 2021-07-08T14:47:50.447434:slices stacked despite varying acquisition numbers (if this is not desired recompile with 'mySegmentByAcq')
0: 210708-14:47:50,450 nipype.interface INFO:
0: 	 stdout 2021-07-08T14:47:50.447434:200 images have identical time, series, acquisition and instance values. DUPLICATES REMOVED.
0: 210708-14:47:50,450 nipype.interface INFO:
0: 	 stdout 2021-07-08T14:47:50.447434:Convert 200 DICOM as /bids/sub-ewgenia005/ses-1/func/sub-ewgenia005_ses-1_task-rest_bold_heudiconv900 (72x72x40x200)
0: 210708-14:47:53,535 nipype.interface INFO:
0: 	 stdout 2021-07-08T14:47:53.534490:Compress: "/usr/bin/pigz" -b 960 -n -f -6 "/bids/sub-ewgenia005/ses-1/func/sub-ewgenia005_ses-1_task-rest_bold_heudiconv900.nii"
0: 210708-14:47:53,537 nipype.interface INFO:
0: 	 stdout 2021-07-08T14:47:53.534490:Conversion required 3.448848 seconds (0.407069 for core code).
0: 210708-14:47:53,574 nipype.workflow INFO:
0: 	 [Node] Finished "convert".
0: 210708-14:47:56,688 nipype.workflow INFO:
0: 	 [Node] Setting-up "convert" in "/tmp/dcm2niixloiudu8h/convert".
0: 210708-14:47:56,842 nipype.workflow INFO:
0: 	 [Node] Running "convert" ("nipype.interfaces.dcm2nii.Dcm2niix"), a CommandLine Interface with command:
0: dcm2niix -b y -z y -x n -t n -m n -f sub-ewgenia005_ses-1_T1w_heudiconv023 -o /bids/sub-ewgenia005/ses-1/anat -s n -v n /tmp/dcm2niixloiudu8h/convert
0: 210708-14:47:57,425 nipype.interface INFO:
0: 	 stdout 2021-07-08T14:47:57.424784:Chris Rorden's dcm2niiX version v1.0.20190410  GCC6.3.0 (64-bit Linux)
0: 210708-14:47:57,427 nipype.interface INFO:
0: 	 stdout 2021-07-08T14:47:57.424784:Found 512 DICOM file(s)
0: 210708-14:47:57,427 nipype.interface INFO:
0: 	 stdout 2021-07-08T14:47:57.424784:256 images have identical time, series, acquisition and instance values. DUPLICATES REMOVED.
0: 210708-14:47:57,427 nipype.interface INFO:
0: 	 stdout 2021-07-08T14:47:57.424784:Convert 256 DICOM as /bids/sub-ewgenia005/ses-1/anat/sub-ewgenia005_ses-1_T1w_heudiconv023 (232x288x256x1)
0: 210708-14:48:06,504 nipype.interface INFO:
0: 	 stdout 2021-07-08T14:48:06.503824:Compress: "/usr/bin/pigz" -b 960 -n -f -6 "/bids/sub-ewgenia005/ses-1/anat/sub-ewgenia005_ses-1_T1w_heudiconv023.nii"
0: 210708-14:48:06,506 nipype.interface INFO:
0: 	 stdout 2021-07-08T14:48:06.503824:Conversion required 9.425249 seconds (0.447400 for core code).
0: 210708-14:48:06,549 nipype.workflow INFO:
0: 	 [Node] Finished "convert".
0: unlock(ok): data/raw_bids/dataset_description.json (file)
0: unlock(ok): data/raw_bids/participants.tsv (file)
0: delete(ok): ses-1/func/sub-ewgenia001_ses-1_task-rest_events.tsv (file)
0: add(ok): ses-1/anat/sub-ewgenia001_ses-1_FLAIR.json (file)
0: add(ok): ses-1/anat/sub-ewgenia001_ses-1_FLAIR.nii.gz (file)
0: add(ok): ses-1/anat/sub-ewgenia001_ses-1_T1w.json (file)
0: add(ok): ses-1/anat/sub-ewgenia001_ses-1_T1w.nii.gz (file)
0: add(ok): ses-1/dwi/sub-ewgenia001_ses-1_dir-AP_dwi.bval (file)
0: add(ok): ses-1/dwi/sub-ewgenia001_ses-1_dir-AP_dwi.bvec (file)
0: add(ok): ses-1/dwi/sub-ewgenia001_ses-1_dir-AP_dwi.json (file)
0: add(ok): ses-1/dwi/sub-ewgenia001_ses-1_dir-AP_dwi.nii.gz (file)
0: add(ok): ses-1/func/sub-ewgenia001_ses-1_task-rest_bold.json (file)
0: add(ok): ses-1/func/sub-ewgenia001_ses-1_task-rest_bold.nii.gz (file)
0: add(ok): ses-1/sub-ewgenia001_ses-1_scans.json (file)
0: add(ok): ses-1/sub-ewgenia001_ses-1_scans.tsv (file)
0: save(ok): data/raw_bids/sub-ewgenia001 (dataset)
0: add(ok): sub-ewgenia001 (file)
0: add(ok): dataset_description.json (file)
0: add(ok): participants.tsv (file)
0: save(ok): data/raw_bids (dataset)
0: add(ok): data/raw_bids (file)
0: save(ok): . (dataset)
0: action summary:
0:   add (ok: 16)
0:   delete (ok: 1)
0:   get (notneeded: 1)
0:   save (ok: 3)
0:   unlock (ok: 2)
0: unlock(ok): data/raw_bids/dataset_description.json (file)
0: unlock(ok): data/raw_bids/participants.tsv (file)
0: add(ok): ses-1/anat/sub-ewgenia003_ses-1_FLAIR.json (file)
0: add(ok): ses-1/anat/sub-ewgenia003_ses-1_FLAIR.nii.gz (file)
0: add(ok): ses-1/anat/sub-ewgenia003_ses-1_T1w.json (file)
0: add(ok): ses-1/anat/sub-ewgenia003_ses-1_T1w.nii.gz (file)
0: add(ok): ses-1/dwi/sub-ewgenia003_ses-1_dir-AP_dwi.bval (file)
0: add(ok): ses-1/dwi/sub-ewgenia003_ses-1_dir-AP_dwi.bvec (file)
0: add(ok): ses-1/dwi/sub-ewgenia003_ses-1_dir-AP_dwi.json (file)
0: add(ok): ses-1/dwi/sub-ewgenia003_ses-1_dir-AP_dwi.nii.gz (file)
0: add(ok): ses-1/func/sub-ewgenia003_ses-1_task-rest_bold.json (file)
0: add(ok): ses-1/func/sub-ewgenia003_ses-1_task-rest_bold.nii.gz (file)
0: add(ok): ses-1/sub-ewgenia003_ses-1_scans.json (file)
0: add(ok): ses-1/sub-ewgenia003_ses-1_scans.tsv (file)
0: save(ok): data/raw_bids/sub-ewgenia003 (dataset)
0: add(ok): sub-ewgenia003 (file)
0: add(ok): dataset_description.json (file)
0: add(ok): participants.tsv (file)
0: save(ok): data/raw_bids (dataset)
0: add(ok): data/raw_bids (file)
0: save(ok): . (dataset)
0: action summary:
0:   add (ok: 16)
0:   get (notneeded: 1)
0:   save (ok: 3)
0:   unlock (ok: 2)
0: unlock(ok): data/raw_bids/dataset_description.json (file)
0: unlock(ok): data/raw_bids/participants.tsv (file)
0: add(ok): ses-1/anat/sub-ewgenia002_ses-1_FLAIR.json (file)
0: add(ok): ses-1/anat/sub-ewgenia002_ses-1_FLAIR.nii.gz (file)
0: add(ok): ses-1/anat/sub-ewgenia002_ses-1_T1w.json (file)
0: add(ok): ses-1/anat/sub-ewgenia002_ses-1_T1w.nii.gz (file)
0: add(ok): ses-1/dwi/sub-ewgenia002_ses-1_dir-AP_dwi.bval (file)
0: add(ok): ses-1/dwi/sub-ewgenia002_ses-1_dir-AP_dwi.bvec (file)
0: add(ok): ses-1/dwi/sub-ewgenia002_ses-1_dir-AP_dwi.json (file)
0: add(ok): ses-1/dwi/sub-ewgenia002_ses-1_dir-AP_dwi.nii.gz (file)
0: add(ok): ses-1/func/sub-ewgenia002_ses-1_task-rest_bold.json (file)
0: add(ok): ses-1/func/sub-ewgenia002_ses-1_task-rest_bold.nii.gz (file)
0: add(ok): ses-1/sub-ewgenia002_ses-1_scans.json (file)
0: add(ok): ses-1/sub-ewgenia002_ses-1_scans.tsv (file)
0: save(ok): data/raw_bids/sub-ewgenia002 (dataset)
0: add(ok): sub-ewgenia002 (file)
0: add(ok): dataset_description.json (file)
0: add(ok): participants.tsv (file)
0: save(ok): data/raw_bids (dataset)
0: add(ok): data/raw_bids (file)
0: save(ok): . (dataset)
0: action summary:
0:   add (ok: 16)
0:   get (notneeded: 1)
0:   save (ok: 3)
0:   unlock (ok: 2)
0: unlock(ok): data/raw_bids/dataset_description.json (file)
0: unlock(ok): data/raw_bids/participants.tsv (file)
0: add(ok): ses-1/anat/sub-ewgenia005_ses-1_FLAIR.json (file)
0: add(ok): ses-1/anat/sub-ewgenia005_ses-1_FLAIR.nii.gz (file)
0: add(ok): ses-1/anat/sub-ewgenia005_ses-1_T1w.json (file)
0: add(ok): ses-1/anat/sub-ewgenia005_ses-1_T1w.nii.gz (file)
0: add(ok): ses-1/dwi/sub-ewgenia005_ses-1_dir-AP_dwi.bval (file)
0: add(ok): ses-1/dwi/sub-ewgenia005_ses-1_dir-AP_dwi.bvec (file)
0: add(ok): ses-1/dwi/sub-ewgenia005_ses-1_dir-AP_dwi.json (file)
0: add(ok): ses-1/dwi/sub-ewgenia005_ses-1_dir-AP_dwi.nii.gz (file)
0: add(ok): ses-1/func/sub-ewgenia005_ses-1_task-rest_bold.json (file)
0: add(ok): ses-1/func/sub-ewgenia005_ses-1_task-rest_bold.nii.gz (file)
0: add(ok): ses-1/sub-ewgenia005_ses-1_scans.json (file)
0: add(ok): ses-1/sub-ewgenia005_ses-1_scans.tsv (file)
0: save(ok): data/raw_bids/sub-ewgenia005 (dataset)
0: add(ok): sub-ewgenia005 (file)
0: add(ok): dataset_description.json (file)
0: add(ok): participants.tsv (file)
0: save(ok): data/raw_bids (dataset)
0: add(ok): data/raw_bids (file)
0: save(ok): . (dataset)
0: action summary:
0:   add (ok: 16)
0:   get (notneeded: 1)
0:   save (ok: 3)
0:   unlock (ok: 2)
0: Some packages in this Docker container are non-free
0: If you are considering commercial use of this container, please consult the relevant license:
0: https://fsl.fmrib.ox.ac.uk/fsl/fslwiki/Licence
0: Some packages in this Docker container are non-free
0: If you are considering commercial use of this container, please consult the relevant license:
0: https://fsl.fmrib.ox.ac.uk/fsl/fslwiki/Licence
0: Some packages in this Docker container are non-free
0: If you are considering commercial use of this container, please consult the relevant license:
0: https://fsl.fmrib.ox.ac.uk/fsl/fslwiki/Licence
0: Some packages in this Docker container are non-free
0: If you are considering commercial use of this container, please consult the relevant license:
0: https://fsl.fmrib.ox.ac.uk/fsl/fslwiki/Licence
0: Some packages in this Docker container are non-free
0: If you are considering commercial use of this container, please consult the relevant license:
0: https://fsl.fmrib.ox.ac.uk/fsl/fslwiki/Licence
0: --------------
0: pydeface 2.0.0
0: --------------
0: Previous output will be overwritten.
0: Temporary files:
0:   /tmp/tmp5scdqnd9.mat
0:   /tmp/tmpwg5y2rzs.nii.gz
0: Defacing...
0:   /scratch/fatx405.1433756/ewgenia004/clone/data/raw_bids/sub-ewgenia004/ses-1/anat/sub-ewgenia004_ses-1_T1w.nii.gz
0: Defaced image saved as:
0:   /scratch/fatx405.1433756/ewgenia004/clone/data/raw_bids/sub-ewgenia004/ses-1/anat/sub-ewgenia004_ses-1_T1w.nii.gz
0: Cleaning up...
0: Finished.
0: get(ok): .datalad/environments/pydeface/image (file) [from origin...]
0: unlock(ok): data/raw_bids/sub-ewgenia004/ses-1/anat/sub-ewgenia004_ses-1_T1w.nii.gz (file)
0: add(ok): ses-1/anat/sub-ewgenia004_ses-1_T1w.nii.gz (file)
0: save(ok): data/raw_bids/sub-ewgenia004 (dataset)
0: add(ok): sub-ewgenia004 (file)
0: save(ok): data/raw_bids (dataset)
0: add(ok): data/raw_bids (file)
0: save(ok): . (dataset)
0: action summary:
0:   add (ok: 3)
0:   get (notneeded: 2, ok: 1)
0:   save (ok: 3)
0:   unlock (ok: 1)
0: --------------
0: pydeface 2.0.0
0: --------------
0: Previous output will be overwritten.
0: Temporary files:
0:   /tmp/tmpnxax5285.mat
0:   /tmp/tmpt9daev0f.nii.gz
0: Defacing...
0:   /scratch/fatx405.1433756/ewgenia001/clone/data/raw_bids/sub-ewgenia001/ses-1/anat/sub-ewgenia001_ses-1_T1w.nii.gz
0: Defaced image saved as:
0:   /scratch/fatx405.1433756/ewgenia001/clone/data/raw_bids/sub-ewgenia001/ses-1/anat/sub-ewgenia001_ses-1_T1w.nii.gz
0: Cleaning up...
0: Finished.
0: --------------
0: pydeface 2.0.0
0: --------------
0: Previous output will be overwritten.
0: Temporary files:
0:   /tmp/tmp0d0msyps.mat
0:   /tmp/tmpe1invzjf.nii.gz
0: Defacing...
0:   /scratch/fatx405.1433756/ewgenia002/clone/data/raw_bids/sub-ewgenia002/ses-1/anat/sub-ewgenia002_ses-1_T1w.nii.gz
0: Defaced image saved as:
0:   /scratch/fatx405.1433756/ewgenia002/clone/data/raw_bids/sub-ewgenia002/ses-1/anat/sub-ewgenia002_ses-1_T1w.nii.gz
0: Cleaning up...
0: Finished.
0: get(ok): .datalad/environments/pydeface/image (file) [from origin...]
0: unlock(ok): data/raw_bids/sub-ewgenia001/ses-1/anat/sub-ewgenia001_ses-1_T1w.nii.gz (file)
0: add(ok): ses-1/anat/sub-ewgenia001_ses-1_T1w.nii.gz (file)
0: save(ok): data/raw_bids/sub-ewgenia001 (dataset)
0: add(ok): sub-ewgenia001 (file)
0: save(ok): data/raw_bids (dataset)
0: add(ok): data/raw_bids (file)
0: save(ok): . (dataset)
0: action summary:
0:   add (ok: 3)
0:   get (notneeded: 2, ok: 1)
0:   save (ok: 3)
0:   unlock (ok: 1)
0: --------------
0: pydeface 2.0.0
0: --------------
0: Previous output will be overwritten.
0: Temporary files:
0:   /tmp/tmpsbjpkeqo.mat
0:   /tmp/tmph9_vrxj2.nii.gz
0: Defacing...
0:   /scratch/fatx405.1433756/ewgenia003/clone/data/raw_bids/sub-ewgenia003/ses-1/anat/sub-ewgenia003_ses-1_T1w.nii.gz
0: Defaced image saved as:
0:   /scratch/fatx405.1433756/ewgenia003/clone/data/raw_bids/sub-ewgenia003/ses-1/anat/sub-ewgenia003_ses-1_T1w.nii.gz
0: Cleaning up...
0: Finished.
0: --------------
0: pydeface 2.0.0
0: --------------
0: Previous output will be overwritten.
0: Temporary files:
0:   /tmp/tmph26ucn4x.mat
0:   /tmp/tmp9qmri3d3.nii.gz
0: Defacing...
0:   /scratch/fatx405.1433756/ewgenia005/clone/data/raw_bids/sub-ewgenia005/ses-1/anat/sub-ewgenia005_ses-1_T1w.nii.gz
0: Defaced image saved as:
0:   /scratch/fatx405.1433756/ewgenia005/clone/data/raw_bids/sub-ewgenia005/ses-1/anat/sub-ewgenia005_ses-1_T1w.nii.gz
0: Cleaning up...
0: Finished.
0: get(ok): .datalad/environments/pydeface/image (file) [from origin...]
0: unlock(ok): data/raw_bids/sub-ewgenia002/ses-1/anat/sub-ewgenia002_ses-1_T1w.nii.gz (file)
0: add(ok): ses-1/anat/sub-ewgenia002_ses-1_T1w.nii.gz (file)
0: save(ok): data/raw_bids/sub-ewgenia002 (dataset)
0: add(ok): sub-ewgenia002 (file)
0: save(ok): data/raw_bids (dataset)
0: add(ok): data/raw_bids (file)
0: save(ok): . (dataset)
0: action summary:
0:   add (ok: 3)
0:   get (notneeded: 2, ok: 1)
0:   save (ok: 3)
0:   unlock (ok: 1)
0: get(ok): .datalad/environments/pydeface/image (file) [from origin...]
0: unlock(ok): data/raw_bids/sub-ewgenia003/ses-1/anat/sub-ewgenia003_ses-1_T1w.nii.gz (file)
0: add(ok): ses-1/anat/sub-ewgenia003_ses-1_T1w.nii.gz (file)
0: save(ok): data/raw_bids/sub-ewgenia003 (dataset)
0: add(ok): sub-ewgenia003 (file)
0: save(ok): data/raw_bids (dataset)
0: add(ok): data/raw_bids (file)
0: save(ok): . (dataset)
0: action summary:
0:   add (ok: 3)
0:   get (notneeded: 2, ok: 1)
0:   save (ok: 3)
0:   unlock (ok: 1)
0: get(ok): .datalad/environments/pydeface/image (file) [from origin...]
0: unlock(ok): data/raw_bids/sub-ewgenia005/ses-1/anat/sub-ewgenia005_ses-1_T1w.nii.gz (file)
0: add(ok): ses-1/anat/sub-ewgenia005_ses-1_T1w.nii.gz (file)
0: save(ok): data/raw_bids/sub-ewgenia005 (dataset)
0: add(ok): sub-ewgenia005 (file)
0: save(ok): data/raw_bids (dataset)
0: add(ok): data/raw_bids (file)
0: save(ok): . (dataset)
0: action summary:
0:   add (ok: 3)
0:   get (notneeded: 2, ok: 1)
0:   save (ok: 3)
0:   unlock (ok: 1)
0: Some packages in this Docker container are non-free
0: If you are considering commercial use of this container, please consult the relevant license:
0: https://fsl.fmrib.ox.ac.uk/fsl/fslwiki/Licence
0: Some packages in this Docker container are non-free
0: If you are considering commercial use of this container, please consult the relevant license:
0: https://fsl.fmrib.ox.ac.uk/fsl/fslwiki/Licence
0: Some packages in this Docker container are non-free
0: If you are considering commercial use of this container, please consult the relevant license:
0: https://fsl.fmrib.ox.ac.uk/fsl/fslwiki/Licence
0: Some packages in this Docker container are non-free
0: If you are considering commercial use of this container, please consult the relevant license:
0: https://fsl.fmrib.ox.ac.uk/fsl/fslwiki/Licence
0: Some packages in this Docker container are non-free
0: If you are considering commercial use of this container, please consult the relevant license:
0: https://fsl.fmrib.ox.ac.uk/fsl/fslwiki/Licence
0: --------------
0: pydeface 2.0.0
0: --------------
0: Previous output will be overwritten.
0: Temporary files:
0:   /tmp/tmp13is3tih.mat
0:   /tmp/tmpw8i4jm1b.nii.gz
0: Defacing...
0:   /scratch/fatx405.1433756/ewgenia004/clone/data/raw_bids/sub-ewgenia004/ses-1/anat/sub-ewgenia004_ses-1_FLAIR.nii.gz
0: Defaced image saved as:
0:   /scratch/fatx405.1433756/ewgenia004/clone/data/raw_bids/sub-ewgenia004/ses-1/anat/sub-ewgenia004_ses-1_FLAIR.nii.gz
0: Cleaning up...
0: Finished.
0: unlock(ok): data/raw_bids/sub-ewgenia004/ses-1/anat/sub-ewgenia004_ses-1_FLAIR.nii.gz (file)
0: add(ok): ses-1/anat/sub-ewgenia004_ses-1_FLAIR.nii.gz (file)
0: save(ok): data/raw_bids/sub-ewgenia004 (dataset)
0: add(ok): sub-ewgenia004 (file)
0: save(ok): data/raw_bids (dataset)
0: add(ok): data/raw_bids (file)
0: save(ok): . (dataset)
0: action summary:
0:   add (ok: 3)
0:   get (notneeded: 3)
0:   save (ok: 3)
0:   unlock (ok: 1)
0: Amending json metadata of: ['data/raw_bids/sub-ewgenia004/ses-1/anat/sub-ewgenia004_ses-1_FLAIR.json', 'data/raw_bids/sub-ewgenia004/ses-1/anat/sub-ewgenia004_ses-1_T1w.json', 'data/raw_bids/sub-ewgenia004/ses-1/dwi/sub-ewgenia004_ses-1_dir-AP_dwi.json', 'data/raw_bids/sub-ewgenia004/ses-1/func/sub-ewgenia004_ses-1_task-rest_bold.json']
0: unlock(ok): data/raw_bids/sub-ewgenia004/ses-1/anat/sub-ewgenia004_ses-1_FLAIR.json (file)
0: unlock(ok): data/raw_bids/sub-ewgenia004/ses-1/anat/sub-ewgenia004_ses-1_T1w.json (file)
0: unlock(ok): data/raw_bids/sub-ewgenia004/ses-1/dwi/sub-ewgenia004_ses-1_dir-AP_dwi.json (file)
0: unlock(ok): data/raw_bids/sub-ewgenia004/ses-1/func/sub-ewgenia004_ses-1_task-rest_bold.json (file)
0: add(ok): ses-1/anat/sub-ewgenia004_ses-1_FLAIR.json (file)
0: add(ok): ses-1/anat/sub-ewgenia004_ses-1_T1w.json (file)
0: add(ok): ses-1/dwi/sub-ewgenia004_ses-1_dir-AP_dwi.json (file)
0: add(ok): ses-1/func/sub-ewgenia004_ses-1_task-rest_bold.json (file)
0: save(ok): data/raw_bids/sub-ewgenia004 (dataset)
0: add(ok): sub-ewgenia004 (file)
0: save(ok): data/raw_bids (dataset)
0: add(ok): data/raw_bids (file)
0: save(ok): . (dataset)
0: action summary:
0:   add (ok: 6)
0:   get (notneeded: 5)
0:   save (ok: 3)
0:   unlock (ok: 4)
0: publish(ok): . (dataset) [refs/heads/git-annex->origin:refs/heads/git-annex 4fc2d18..1d378e4]
0: publish(ok): . (dataset) [refs/heads/job-1433756-bidsify-ewgenia004-08072021->origin:refs/heads/job-1433756-bidsify-ewgenia004-08072021 [new branch]]
0: copy(ok): ses-1/anat/sub-ewgenia004_ses-1_FLAIR.nii.gz (file) [to origin...]
0: copy(ok): ses-1/anat/sub-ewgenia004_ses-1_T1w.nii.gz (file) [to origin...]
0: copy(ok): ses-1/dwi/sub-ewgenia004_ses-1_dir-AP_dwi.nii.gz (file) [to origin...]
0: copy(ok): ses-1/func/sub-ewgenia004_ses-1_task-rest_bold.nii.gz (file) [to origin...]
0: publish(ok): . (dataset) [refs/heads/git-annex->origin:refs/heads/git-annex 97f446b..b42a442]
0: publish(ok): . (dataset) [refs/heads/job-1433756-bidsify-ewgenia004-08072021->origin:refs/heads/job-1433756-bidsify-ewgenia004-08072021 [new branch]]
0: --------------
0: pydeface 2.0.0
0: --------------
0: Previous output will be overwritten.
0: Temporary files:
0:   /tmp/tmpxl6sjt6u.mat
0:   /tmp/tmpvxn7gtje.nii.gz
0: Defacing...
0:   /scratch/fatx405.1433756/ewgenia001/clone/data/raw_bids/sub-ewgenia001/ses-1/anat/sub-ewgenia001_ses-1_FLAIR.nii.gz
0: Defaced image saved as:
0:   /scratch/fatx405.1433756/ewgenia001/clone/data/raw_bids/sub-ewgenia001/ses-1/anat/sub-ewgenia001_ses-1_FLAIR.nii.gz
0: Cleaning up...
0: Finished.
0: --------------
0: pydeface 2.0.0
0: --------------
0: Previous output will be overwritten.
0: Temporary files:
0:   /tmp/tmpne63oaoh.mat
0:   /tmp/tmpyyxkjm1k.nii.gz
0: Defacing...
0:   /scratch/fatx405.1433756/ewgenia002/clone/data/raw_bids/sub-ewgenia002/ses-1/anat/sub-ewgenia002_ses-1_FLAIR.nii.gz
0: Defaced image saved as:
0:   /scratch/fatx405.1433756/ewgenia002/clone/data/raw_bids/sub-ewgenia002/ses-1/anat/sub-ewgenia002_ses-1_FLAIR.nii.gz
0: Cleaning up...
0: Finished.
0: unlock(ok): data/raw_bids/sub-ewgenia001/ses-1/anat/sub-ewgenia001_ses-1_FLAIR.nii.gz (file)
0: add(ok): ses-1/anat/sub-ewgenia001_ses-1_FLAIR.nii.gz (file)
0: save(ok): data/raw_bids/sub-ewgenia001 (dataset)
0: add(ok): sub-ewgenia001 (file)
0: save(ok): data/raw_bids (dataset)
0: add(ok): data/raw_bids (file)
0: save(ok): . (dataset)
0: action summary:
0:   add (ok: 3)
0:   get (notneeded: 3)
0:   save (ok: 3)
0:   unlock (ok: 1)
0: Amending json metadata of: ['data/raw_bids/sub-ewgenia001/ses-1/anat/sub-ewgenia001_ses-1_FLAIR.json', 'data/raw_bids/sub-ewgenia001/ses-1/anat/sub-ewgenia001_ses-1_T1w.json', 'data/raw_bids/sub-ewgenia001/ses-1/dwi/sub-ewgenia001_ses-1_dir-AP_dwi.json', 'data/raw_bids/sub-ewgenia001/ses-1/func/sub-ewgenia001_ses-1_task-rest_bold.json']
0: --------------
0: pydeface 2.0.0
0: --------------
0: Previous output will be overwritten.
0: Temporary files:
0:   /tmp/tmpry8orfmr.mat
0:   /tmp/tmpc8cbksq4.nii.gz
0: Defacing...
0:   /scratch/fatx405.1433756/ewgenia003/clone/data/raw_bids/sub-ewgenia003/ses-1/anat/sub-ewgenia003_ses-1_FLAIR.nii.gz
0: Defaced image saved as:
0:   /scratch/fatx405.1433756/ewgenia003/clone/data/raw_bids/sub-ewgenia003/ses-1/anat/sub-ewgenia003_ses-1_FLAIR.nii.gz
0: Cleaning up...
0: Finished.
0: --------------
0: pydeface 2.0.0
0: --------------
0: Previous output will be overwritten.
0: Temporary files:
0:   /tmp/tmp2fs7tkkx.mat
0:   /tmp/tmpjktrsmp3.nii.gz
0: Defacing...
0:   /scratch/fatx405.1433756/ewgenia005/clone/data/raw_bids/sub-ewgenia005/ses-1/anat/sub-ewgenia005_ses-1_FLAIR.nii.gz
0: Defaced image saved as:
0:   /scratch/fatx405.1433756/ewgenia005/clone/data/raw_bids/sub-ewgenia005/ses-1/anat/sub-ewgenia005_ses-1_FLAIR.nii.gz
0: Cleaning up...
0: Finished.
0: unlock(ok): data/raw_bids/sub-ewgenia002/ses-1/anat/sub-ewgenia002_ses-1_FLAIR.nii.gz (file)
0: add(ok): ses-1/anat/sub-ewgenia002_ses-1_FLAIR.nii.gz (file)
0: save(ok): data/raw_bids/sub-ewgenia002 (dataset)
0: add(ok): sub-ewgenia002 (file)
0: save(ok): data/raw_bids (dataset)
0: add(ok): data/raw_bids (file)
0: save(ok): . (dataset)
0: action summary:
0:   add (ok: 3)
0:   get (notneeded: 3)
0:   save (ok: 3)
0:   unlock (ok: 1)
0: unlock(ok): data/raw_bids/sub-ewgenia001/ses-1/anat/sub-ewgenia001_ses-1_FLAIR.json (file)
0: unlock(ok): data/raw_bids/sub-ewgenia001/ses-1/anat/sub-ewgenia001_ses-1_T1w.json (file)
0: unlock(ok): data/raw_bids/sub-ewgenia001/ses-1/dwi/sub-ewgenia001_ses-1_dir-AP_dwi.json (file)
0: unlock(ok): data/raw_bids/sub-ewgenia001/ses-1/func/sub-ewgenia001_ses-1_task-rest_bold.json (file)
0: add(ok): ses-1/anat/sub-ewgenia001_ses-1_FLAIR.json (file)
0: add(ok): ses-1/anat/sub-ewgenia001_ses-1_T1w.json (file)
0: add(ok): ses-1/dwi/sub-ewgenia001_ses-1_dir-AP_dwi.json (file)
0: add(ok): ses-1/func/sub-ewgenia001_ses-1_task-rest_bold.json (file)
0: save(ok): data/raw_bids/sub-ewgenia001 (dataset)
0: add(ok): sub-ewgenia001 (file)
0: save(ok): data/raw_bids (dataset)
0: add(ok): data/raw_bids (file)
0: save(ok): . (dataset)
0: action summary:
0:   add (ok: 6)
0:   get (notneeded: 5)
0:   save (ok: 3)
0:   unlock (ok: 4)
0: Amending json metadata of: ['data/raw_bids/sub-ewgenia002/ses-1/anat/sub-ewgenia002_ses-1_FLAIR.json', 'data/raw_bids/sub-ewgenia002/ses-1/anat/sub-ewgenia002_ses-1_T1w.json', 'data/raw_bids/sub-ewgenia002/ses-1/dwi/sub-ewgenia002_ses-1_dir-AP_dwi.json', 'data/raw_bids/sub-ewgenia002/ses-1/func/sub-ewgenia002_ses-1_task-rest_bold.json']
0: publish(ok): . (dataset) [refs/heads/git-annex->origin:refs/heads/git-annex 1d378e4..b15e398]
0: publish(ok): . (dataset) [refs/heads/job-1433756-bidsify-ewgenia001-08072021->origin:refs/heads/job-1433756-bidsify-ewgenia001-08072021 [new branch]]
0: unlock(ok): data/raw_bids/sub-ewgenia003/ses-1/anat/sub-ewgenia003_ses-1_FLAIR.nii.gz (file)
0: add(ok): ses-1/anat/sub-ewgenia003_ses-1_FLAIR.nii.gz (file)
0: save(ok): data/raw_bids/sub-ewgenia003 (dataset)
0: add(ok): sub-ewgenia003 (file)
0: save(ok): data/raw_bids (dataset)
0: add(ok): data/raw_bids (file)
0: save(ok): . (dataset)
0: action summary:
0:   add (ok: 3)
0:   get (notneeded: 3)
0:   save (ok: 3)
0:   unlock (ok: 1)
0: unlock(ok): data/raw_bids/sub-ewgenia005/ses-1/anat/sub-ewgenia005_ses-1_FLAIR.nii.gz (file)
0: add(ok): ses-1/anat/sub-ewgenia005_ses-1_FLAIR.nii.gz (file)
0: save(ok): data/raw_bids/sub-ewgenia005 (dataset)
0: add(ok): sub-ewgenia005 (file)
0: save(ok): data/raw_bids (dataset)
0: add(ok): data/raw_bids (file)
0: save(ok): . (dataset)
0: action summary:
0:   add (ok: 3)
0:   get (notneeded: 3)
0:   save (ok: 3)
0:   unlock (ok: 1)
0: unlock(ok): data/raw_bids/sub-ewgenia002/ses-1/anat/sub-ewgenia002_ses-1_FLAIR.json (file)
0: unlock(ok): data/raw_bids/sub-ewgenia002/ses-1/anat/sub-ewgenia002_ses-1_T1w.json (file)
0: unlock(ok): data/raw_bids/sub-ewgenia002/ses-1/dwi/sub-ewgenia002_ses-1_dir-AP_dwi.json (file)
0: unlock(ok): data/raw_bids/sub-ewgenia002/ses-1/func/sub-ewgenia002_ses-1_task-rest_bold.json (file)
0: add(ok): ses-1/anat/sub-ewgenia002_ses-1_FLAIR.json (file)
0: add(ok): ses-1/anat/sub-ewgenia002_ses-1_T1w.json (file)
0: add(ok): ses-1/dwi/sub-ewgenia002_ses-1_dir-AP_dwi.json (file)
0: add(ok): ses-1/func/sub-ewgenia002_ses-1_task-rest_bold.json (file)
0: save(ok): data/raw_bids/sub-ewgenia002 (dataset)
0: add(ok): sub-ewgenia002 (file)
0: save(ok): data/raw_bids (dataset)
0: add(ok): data/raw_bids (file)
0: save(ok): . (dataset)
0: action summary:
0:   add (ok: 6)
0:   get (notneeded: 5)
0:   save (ok: 3)
0:   unlock (ok: 4)
0: Amending json metadata of: ['data/raw_bids/sub-ewgenia003/ses-1/anat/sub-ewgenia003_ses-1_FLAIR.json', 'data/raw_bids/sub-ewgenia003/ses-1/anat/sub-ewgenia003_ses-1_T1w.json', 'data/raw_bids/sub-ewgenia003/ses-1/dwi/sub-ewgenia003_ses-1_dir-AP_dwi.json', 'data/raw_bids/sub-ewgenia003/ses-1/func/sub-ewgenia003_ses-1_task-rest_bold.json']
0: copy(ok): ses-1/anat/sub-ewgenia001_ses-1_FLAIR.json (file) [to origin...]
0: copy(ok): ses-1/anat/sub-ewgenia001_ses-1_FLAIR.nii.gz (file) [to origin...]
0: copy(ok): ses-1/anat/sub-ewgenia001_ses-1_T1w.json (file) [to origin...]
0: copy(ok): ses-1/anat/sub-ewgenia001_ses-1_T1w.nii.gz (file) [to origin...]
0: copy(ok): ses-1/dwi/sub-ewgenia001_ses-1_dir-AP_dwi.json (file) [to origin...]
0: copy(ok): ses-1/dwi/sub-ewgenia001_ses-1_dir-AP_dwi.nii.gz (file) [to origin...]
0: copy(ok): ses-1/func/sub-ewgenia001_ses-1_task-rest_bold.json (file) [to origin...]
0: copy(ok): ses-1/func/sub-ewgenia001_ses-1_task-rest_bold.nii.gz (file) [to origin...]
0: publish(ok): . (dataset) [refs/heads/git-annex->origin:refs/heads/git-annex bb4c2ee..22ceb75]
0: publish(ok): . (dataset) [refs/heads/job-1433756-bidsify-ewgenia001-08072021->origin:refs/heads/job-1433756-bidsify-ewgenia001-08072021 [new branch]]
0: Amending json metadata of: ['data/raw_bids/sub-ewgenia005/ses-1/anat/sub-ewgenia005_ses-1_FLAIR.json', 'data/raw_bids/sub-ewgenia005/ses-1/anat/sub-ewgenia005_ses-1_T1w.json', 'data/raw_bids/sub-ewgenia005/ses-1/dwi/sub-ewgenia005_ses-1_dir-AP_dwi.json', 'data/raw_bids/sub-ewgenia005/ses-1/func/sub-ewgenia005_ses-1_task-rest_bold.json']
0: publish(ok): . (dataset) [refs/heads/git-annex->origin:refs/heads/git-annex b15e398..1d53848]
0: publish(ok): . (dataset) [refs/heads/job-1433756-bidsify-ewgenia002-08072021->origin:refs/heads/job-1433756-bidsify-ewgenia002-08072021 [new branch]]
0: unlock(ok): data/raw_bids/sub-ewgenia003/ses-1/anat/sub-ewgenia003_ses-1_FLAIR.json (file)
0: unlock(ok): data/raw_bids/sub-ewgenia003/ses-1/anat/sub-ewgenia003_ses-1_T1w.json (file)
0: unlock(ok): data/raw_bids/sub-ewgenia003/ses-1/dwi/sub-ewgenia003_ses-1_dir-AP_dwi.json (file)
0: unlock(ok): data/raw_bids/sub-ewgenia003/ses-1/func/sub-ewgenia003_ses-1_task-rest_bold.json (file)
0: add(ok): ses-1/anat/sub-ewgenia003_ses-1_FLAIR.json (file)
0: add(ok): ses-1/anat/sub-ewgenia003_ses-1_T1w.json (file)
0: add(ok): ses-1/dwi/sub-ewgenia003_ses-1_dir-AP_dwi.json (file)
0: add(ok): ses-1/func/sub-ewgenia003_ses-1_task-rest_bold.json (file)
0: save(ok): data/raw_bids/sub-ewgenia003 (dataset)
0: add(ok): sub-ewgenia003 (file)
0: save(ok): data/raw_bids (dataset)
0: add(ok): data/raw_bids (file)
0: save(ok): . (dataset)
0: action summary:
0:   add (ok: 6)
0:   get (notneeded: 5)
0:   save (ok: 3)
0:   unlock (ok: 4)
0: unlock(ok): data/raw_bids/sub-ewgenia005/ses-1/anat/sub-ewgenia005_ses-1_FLAIR.json (file)
0: unlock(ok): data/raw_bids/sub-ewgenia005/ses-1/anat/sub-ewgenia005_ses-1_T1w.json (file)
0: unlock(ok): data/raw_bids/sub-ewgenia005/ses-1/dwi/sub-ewgenia005_ses-1_dir-AP_dwi.json (file)
0: unlock(ok): data/raw_bids/sub-ewgenia005/ses-1/func/sub-ewgenia005_ses-1_task-rest_bold.json (file)
0: add(ok): ses-1/anat/sub-ewgenia005_ses-1_FLAIR.json (file)
0: add(ok): ses-1/anat/sub-ewgenia005_ses-1_T1w.json (file)
0: add(ok): ses-1/dwi/sub-ewgenia005_ses-1_dir-AP_dwi.json (file)
0: add(ok): ses-1/func/sub-ewgenia005_ses-1_task-rest_bold.json (file)
0: save(ok): data/raw_bids/sub-ewgenia005 (dataset)
0: add(ok): sub-ewgenia005 (file)
0: save(ok): data/raw_bids (dataset)
0: add(ok): data/raw_bids (file)
0: save(ok): . (dataset)
0: action summary:
0:   add (ok: 6)
0:   get (notneeded: 5)
0:   save (ok: 3)
0:   unlock (ok: 4)
0: copy(ok): ses-1/anat/sub-ewgenia002_ses-1_FLAIR.json (file) [to origin...]
0: copy(ok): ses-1/anat/sub-ewgenia002_ses-1_FLAIR.nii.gz (file) [to origin...]
0: copy(ok): ses-1/anat/sub-ewgenia002_ses-1_T1w.json (file) [to origin...]
0: copy(ok): ses-1/anat/sub-ewgenia002_ses-1_T1w.nii.gz (file) [to origin...]
0: copy(ok): ses-1/dwi/sub-ewgenia002_ses-1_dir-AP_dwi.json (file) [to origin...]
0: copy(ok): ses-1/dwi/sub-ewgenia002_ses-1_dir-AP_dwi.nii.gz (file) [to origin...]
0: copy(ok): ses-1/func/sub-ewgenia002_ses-1_task-rest_bold.json (file) [to origin...]
0: copy(ok): ses-1/func/sub-ewgenia002_ses-1_task-rest_bold.nii.gz (file) [to origin...]
0: publish(ok): . (dataset) [refs/heads/git-annex->origin:refs/heads/git-annex eed2a60..5593c1c]
0: publish(ok): . (dataset) [refs/heads/job-1433756-bidsify-ewgenia002-08072021->origin:refs/heads/job-1433756-bidsify-ewgenia002-08072021 [new branch]]
0: publish(ok): . (dataset) [refs/heads/git-annex->origin:refs/heads/git-annex 1d53848..e186c76]
0: publish(ok): . (dataset) [refs/heads/job-1433756-bidsify-ewgenia003-08072021->origin:refs/heads/job-1433756-bidsify-ewgenia003-08072021 [new branch]]
0: publish(ok): . (dataset) [refs/heads/git-annex->origin:refs/heads/git-annex e186c76..bd02ec5]
0: publish(ok): . (dataset) [refs/heads/job-1433756-bidsify-ewgenia005-08072021->origin:refs/heads/job-1433756-bidsify-ewgenia005-08072021 [new branch]]
0: copy(ok): ses-1/anat/sub-ewgenia003_ses-1_FLAIR.nii.gz (file) [to origin...]
0: copy(ok): ses-1/anat/sub-ewgenia003_ses-1_T1w.nii.gz (file) [to origin...]
0: copy(ok): ses-1/dwi/sub-ewgenia003_ses-1_dir-AP_dwi.nii.gz (file) [to origin...]
0: copy(ok): ses-1/func/sub-ewgenia003_ses-1_task-rest_bold.nii.gz (file) [to origin...]
0: publish(ok): . (dataset) [refs/heads/git-annex->origin:refs/heads/git-annex 117799c..93932f2]
0: publish(ok): . (dataset) [refs/heads/job-1433756-bidsify-ewgenia003-08072021->origin:refs/heads/job-1433756-bidsify-ewgenia003-08072021 [new branch]]
0: copy(ok): ses-1/anat/sub-ewgenia005_ses-1_FLAIR.json (file) [to origin...]
0: copy(ok): ses-1/anat/sub-ewgenia005_ses-1_FLAIR.nii.gz (file) [to origin...]
0: copy(ok): ses-1/anat/sub-ewgenia005_ses-1_T1w.json (file) [to origin...]
0: copy(ok): ses-1/anat/sub-ewgenia005_ses-1_T1w.nii.gz (file) [to origin...]
0: copy(ok): ses-1/dwi/sub-ewgenia005_ses-1_dir-AP_dwi.json (file) [to origin...]
0: copy(ok): ses-1/dwi/sub-ewgenia005_ses-1_dir-AP_dwi.nii.gz (file) [to origin...]
0: copy(ok): ses-1/func/sub-ewgenia005_ses-1_task-rest_bold.json (file) [to origin...]
0: copy(ok): ses-1/func/sub-ewgenia005_ses-1_task-rest_bold.nii.gz (file) [to origin...]
0: publish(ok): . (dataset) [refs/heads/git-annex->origin:refs/heads/git-annex 1c3a073..09f4013]
0: publish(ok): . (dataset) [refs/heads/job-1433756-bidsify-ewgenia005-08072021->origin:refs/heads/job-1433756-bidsify-ewgenia005-08072021 [new branch]]
Filesystem      Size  Used Avail Use% Mounted on
/dev/sda2        92G   73G   19G  80% /scratch
script runtime: 00:41:38 hours
