starting processing with bidsify from index: 0 ...
for n=10 subjects
subjects to process: ewgenia001 ewgenia002 ewgenia003 ewgenia004 ewgenia005
submission script directory: /work/fatx405/projects/CSI_TEST/code
current TMPDIR: /scratch/fatx405.1433712
ITERator: 0
running:
 parallel --ungroup --progress --delay 0.2 -j10 --joblog /work/fatx405/projects/CSI_TEST/code/log/parallel_runtask.log srun --label --exclusive -N1 -n1 --cpus-per-task 3 --mem-per-cpu=16000 /work/fatx405/projects/CSI_TEST/code/pipelines_processing.sh ::: ewgenia001 ewgenia002 ewgenia003 ewgenia004 ewgenia005
0: allexport      	off
0: braceexpand    	on
0: emacs          	off
0: errexit        	on
0: errtrace       	off
0: functrace      	off
0: hashall        	on
0: histexpand     	off
0: history        	off
0: ignoreeof      	off
0: interactive-comments	on
0: keyword        	off
0: monitor        	off
0: noclobber      	off
0: noexec         	off
0: noglob         	off
0: nolog          	off
0: notify         	off
0: nounset        	off
0: onecmd         	off
0: physical       	off
0: pipefail       	off
0: posix          	off
0: privileged     	off
0: verbose        	off
0: vi             	off
0: xtrace         	off
0: allexport      	off
0: braceexpand    	on
0: emacs          	off
0: errexit        	on
0: errtrace       	off
0: functrace      	off
0: hashall        	on
0: histexpand     	off
0: history        	off
0: ignoreeof      	off
0: interactive-comments	on
0: keyword        	off
0: monitor        	off
0: noclobber      	off
0: noexec         	off
0: noglob         	off
0: nolog          	off
0: notify         	off
0: nounset        	off
0: onecmd         	off
0: physical       	off
0: pipefail       	off
0: posix          	off
0: privileged     	off
0: verbose        	off
0: vi             	off
0: allexport      	off
0: xtrace         	off
0: braceexpand    	on
0: emacs          	off
0: errexit        	on
0: errtrace       	off
0: functrace      	off
0: hashall        	on
0: histexpand     	off
0: history        	off
0: ignoreeof      	off
0: interactive-comments	on
0: keyword        	off
0: monitor        	off
0: noclobber      	off
0: noexec         	off
0: noglob         	off
0: nolog          	off
0: notify         	off
0: nounset        	off
0: onecmd         	off
0: physical       	off
0: pipefail       	off
0: posix          	off
0: privileged     	off
0: verbose        	off
0: vi             	off
0: xtrace         	off
0: ###################################
0: Started processing of ewgenia001
0: ###################################
0: allexport      	off
0: braceexpand    	on
0: emacs          	off
0: errexit        	on
0: errtrace       	off
0: functrace      	off
0: hashall        	on
0: histexpand     	off
0: history        	off
0: ignoreeof      	off
0: interactive-comments	on
0: keyword        	off
0: monitor        	off
0: noclobber      	off
0: noexec         	off
0: noglob         	off
0: nolog          	off
0: notify         	off
0: nounset        	off
0: onecmd         	off
0: physical       	off
0: pipefail       	off
0: posix          	off
0: privileged     	off
0: verbose        	off
0: vi             	off
0: xtrace         	off
0: ###################################
0: ###################################
0: hostname: node146
0: Started processing of ewgenia003
0: ###################################
0: allexport      	off
0: braceexpand    	on
0: emacs          	off
0: errexit        	on
0: errtrace       	off
0: Started processing of ewgenia002
0: functrace      	off
0: hashall        	on
0: ###################################
0: singularity version 3.5.2
0: histexpand     	off
0: history        	off
0: TMPDIR: /scratch/fatx405.1433712
0: ignoreeof      	off
0: interactive-comments	on
0: keyword        	off
0: monitor        	off
0: noclobber      	off
0: noexec         	off
0: noglob         	off
0: nolog          	off
0: notify         	off
0: RRZ_LOCAL_TMPDIR: /scratch/fatx405.1433712
0: nounset        	off
0: onecmd         	off
0: physical       	off
0: pipefail       	off
0: SINGULARITY_CACHEDIR: /work/fatx405/tmp/singularity
0: posix          	off
0: privileged     	off
0: verbose        	off
0: SINGULARITY_TMPDIR: /work/fatx405/tmp/singularity
0: vi             	off
0: xtrace         	off
0: hostname: node146
0: ###################################
0: Started processing of ewgenia004
0: DSLOCKFILE: /scratch/fatx405.1433712/ewgenia001/bidsify.lock
0: singularity version 3.5.2
0: hostname: node146
0: ###################################
0: TMPDIR: /scratch/fatx405.1433712
0: RRZ_LOCAL_TMPDIR: /scratch/fatx405.1433712
0: DATALAD_LOCATIONS_SOCKETS: /scratch/fatx405.1433712/ewgenia001/sockets
0: SINGULARITY_CACHEDIR: /work/fatx405/tmp/singularity
0: singularity version 3.5.2
0: TMPDIR: /scratch/fatx405.1433712
0: RRZ_LOCAL_TMPDIR: /scratch/fatx405.1433712
0: SINGULARITY_TMPDIR: /work/fatx405/tmp/singularity
0: DSLOCKFILE: /scratch/fatx405.1433712/ewgenia003/bidsify.lock
0: SINGULARITY_CACHEDIR: /work/fatx405/tmp/singularity
0: SINGULARITY_TMPDIR: /work/fatx405/tmp/singularity
0: DSLOCKFILE: /scratch/fatx405.1433712/ewgenia002/bidsify.lock
0: DATALAD_LOCATIONS_SOCKETS: /scratch/fatx405.1433712/ewgenia003/sockets
0: DATALAD_LOCATIONS_SOCKETS: /scratch/fatx405.1433712/ewgenia002/sockets
0: ###################################
0: Started processing of ewgenia005
0: ###################################
0: hostname: node146
0: singularity version 3.5.2
0: TMPDIR: /scratch/fatx405.1433712
0: RRZ_LOCAL_TMPDIR: /scratch/fatx405.1433712
0: SINGULARITY_CACHEDIR: /work/fatx405/tmp/singularity
0: SINGULARITY_TMPDIR: /work/fatx405/tmp/singularity
0: DSLOCKFILE: /scratch/fatx405.1433712/ewgenia004/bidsify.lock
0: hostname: node146
0: DATALAD_LOCATIONS_SOCKETS: /scratch/fatx405.1433712/ewgenia004/sockets
0: singularity version 3.5.2
0: TMPDIR: /scratch/fatx405.1433712
0: RRZ_LOCAL_TMPDIR: /scratch/fatx405.1433712
0: SINGULARITY_CACHEDIR: /work/fatx405/tmp/singularity
0: SINGULARITY_TMPDIR: /work/fatx405/tmp/singularity
0: DSLOCKFILE: /scratch/fatx405.1433712/ewgenia005/bidsify.lock
0: DATALAD_LOCATIONS_SOCKETS: /scratch/fatx405.1433712/ewgenia005/sockets
0: install(ok): /scratch/fatx405.1433712/ewgenia005/clone (dataset)
0: install(ok): /scratch/fatx405.1433712/ewgenia004/clone (dataset)
0: install(ok): /scratch/fatx405.1433712/ewgenia001/clone (dataset)
0: install(ok): /scratch/fatx405.1433712/ewgenia003/clone (dataset)
0: install(ok): /scratch/fatx405.1433712/ewgenia002/clone (dataset)
0: install(ok): /scratch/fatx405.1433712/ewgenia003/clone/envs (dataset) [Installed subdataset in order to get /scratch/fatx405.1433712/ewgenia003/clone/envs/freesurfer_license.txt]
0: get(ok): envs/freesurfer_license.txt (file) [from origin...]
0: action summary:
0: install(ok): /scratch/fatx405.1433712/ewgenia002/clone/envs (dataset) [Installed subdataset in order to get /scratch/fatx405.1433712/ewgenia002/clone/envs/freesurfer_license.txt]
0: install(ok): /scratch/fatx405.1433712/ewgenia001/clone/envs (dataset) [Installed subdataset in order to get /scratch/fatx405.1433712/ewgenia001/clone/envs/freesurfer_license.txt]
0: get(ok): envs/freesurfer_license.txt (file) [from origin...]
0: install(ok): /scratch/fatx405.1433712/ewgenia005/clone/envs (dataset) [Installed subdataset in order to get /scratch/fatx405.1433712/ewgenia005/clone/envs/freesurfer_license.txt]
0:   get (ok: 1)
0: get(ok): envs/freesurfer_license.txt (file) [from origin...]
0: action summary:
0:   get (ok: 1)
0: get(ok): envs/freesurfer_license.txt (file) [from origin...]
0:   install (ok: 1)
0: action summary:
0:   install (ok: 1)
0: action summary:
0:   get (ok: 1)
0:   install (ok: 1)
0: install(ok): /scratch/fatx405.1433712/ewgenia004/clone/envs (dataset) [Installed subdataset in order to get /scratch/fatx405.1433712/ewgenia004/clone/envs/freesurfer_license.txt]
0:   get (ok: 1)
0: get(ok): envs/freesurfer_license.txt (file) [from origin...]
0: action summary:
0:   install (ok: 1)
0:   get (ok: 1)
0:   install (ok: 1)
0: install(ok): /scratch/fatx405.1433712/ewgenia004/clone/data/raw_bids (dataset) [Installed subdataset in order to get /scratch/fatx405.1433712/ewgenia004/clone/data/raw_bids/dataset_description.json]
0: get(ok): data/raw_bids/dataset_description.json (file) [from origin...]
0: action summary:
0:   get (ok: 1)
0: install(ok): /scratch/fatx405.1433712/ewgenia003/clone/data/raw_bids (dataset) [Installed subdataset in order to get /scratch/fatx405.1433712/ewgenia003/clone/data/raw_bids/dataset_description.json]
0: install(ok): /scratch/fatx405.1433712/ewgenia002/clone/data/raw_bids (dataset) [Installed subdataset in order to get /scratch/fatx405.1433712/ewgenia002/clone/data/raw_bids/dataset_description.json]
0:   install (ok: 1)
0: get(ok): data/raw_bids/dataset_description.json (file) [from origin...]
0: action summary:
0: get(ok): data/raw_bids/dataset_description.json (file) [from origin...]
0:   get (ok: 1)
0: action summary:
0:   install (ok: 1)
0:   get (ok: 1)
0:   install (ok: 1)
0: install(ok): /scratch/fatx405.1433712/ewgenia005/clone/data/raw_bids (dataset) [Installed subdataset in order to get /scratch/fatx405.1433712/ewgenia005/clone/data/raw_bids/dataset_description.json]
0: get(ok): data/raw_bids/participants.tsv (file) [from origin...]
0: get(ok): data/raw_bids/participants.tsv (file) [from origin...]
0: get(ok): data/raw_bids/participants.tsv (file) [from origin...]
0: action summary:
0: get(ok): data/raw_bids/dataset_description.json (file) [from origin...]
0: action summary:
0: action summary:
0: action summary:
0:   get (notneeded: 1, ok: 1)
0:   get (ok: 1)
0:   get (notneeded: 1, ok: 1)
0:   get (notneeded: 1, ok: 1)
0:   install (ok: 1)
0: Entering 'data/raw_bids'
0: Entering 'data/raw_bids'
0: Entering 'data/raw_bids'
0: install(ok): /scratch/fatx405.1433712/ewgenia001/clone/data/raw_bids (dataset) [Installed subdataset in order to get /scratch/fatx405.1433712/ewgenia001/clone/data/raw_bids/dataset_description.json]
0: get(ok): data/raw_bids/dataset_description.json (file) [from origin...]
0: action summary:
0:   get (ok: 1)
0:   install (ok: 1)
0: dead here (recording state in git...)
0: dead here (recording state in git...)
0: dead here (recording state in git...)
0: ok
0: ok
0: ok
0: (recording state in git...)
0: (recording state in git...)
0: (recording state in git...)
0: Entering 'envs'
0: Entering 'envs'
0: Entering 'envs'
0: dead here (recording state in git...)
0: dead here (recording state in git...)
0: dead here (recording state in git...)
0: ok
0: ok
0: ok
0: (recording state in git...)
0: (recording state in git...)
0: (recording state in git...)
0: ls BIDS root: CHANGELOG.md code data envs README.md
0: ls BIDS root: CHANGELOG.md code data envs README.md
0: ls BIDS root: CHANGELOG.md code data envs README.md
0: get(ok): data/raw_bids/participants.tsv (file) [from origin...]
0: action summary:
0:   get (notneeded: 1, ok: 1)
0: Entering 'data/raw_bids'
0: get(ok): data/raw_bids/participants.tsv (file) [from origin...]
0: action summary:
0:   get (notneeded: 1, ok: 1)
0: dead here (recording state in git...)
0: Entering 'data/raw_bids'
0: ok
0: (recording state in git...)
0: Entering 'envs'
0: dead here (recording state in git...)
0: ok
0: (recording state in git...)
0: dead here (recording state in git...)
0: Entering 'envs'
0: ok
0: (recording state in git...)
0: ls BIDS root: CHANGELOG.md code data envs README.md
0: dead here (recording state in git...)
0: ok
0: (recording state in git...)
0: ls BIDS root: CHANGELOG.md code data envs README.md
0: install(ok): /scratch/fatx405.1433712/ewgenia004/clone/data/dicoms (dataset) [Installed subdataset in order to get /scratch/fatx405.1433712/ewgenia004/clone/data/dicoms]
0: install(ok): /scratch/fatx405.1433712/ewgenia003/clone/data/dicoms (dataset) [Installed subdataset in order to get /scratch/fatx405.1433712/ewgenia003/clone/data/dicoms]
0: install(ok): /scratch/fatx405.1433712/ewgenia002/clone/data/dicoms (dataset) [Installed subdataset in order to get /scratch/fatx405.1433712/ewgenia002/clone/data/dicoms]
0: install(ok): /scratch/fatx405.1433712/ewgenia005/clone/data/dicoms (dataset) [Installed subdataset in order to get /scratch/fatx405.1433712/ewgenia005/clone/data/dicoms]
0: install(ok): /scratch/fatx405.1433712/ewgenia001/clone/data/dicoms (dataset) [Installed subdataset in order to get /scratch/fatx405.1433712/ewgenia001/clone/data/dicoms]
0: get(ok): data/dicoms/ewgenia002/ses-1/EP2D_RESTINGSTATE_0012.tar.gz (file) [from origin...]
0: get(ok): data/dicoms/ewgenia002/ses-1/3D_FLAIR_0005.tar.gz (file) [from origin...]
0: get(ok): data/dicoms/ewgenia002/ses-1/T1_MPRAGE_COR_ND_0008.tar.gz (file) [from origin...]
0: get(ok): data/dicoms/ewgenia002/ses-1/EP2D_DIFF_96DIR_7B0_3SHELL_ORIG_0015.tar.gz (file) [from origin...]
0: get(ok): data/dicoms/ewgenia002 (directory)
0: action summary:
0:   get (notneeded: 1, ok: 5)
0: get(ok): data/dicoms/ewgenia004/ses-1/3D_FLAIR_0005.tar.gz (file) [from origin...]
0: get(ok): data/dicoms/ewgenia004/ses-1/EP2D_DIFF_96DIR_7B0_3SHELL_ORIG_0015.tar.gz (file) [from origin...]
0: get(ok): data/dicoms/ewgenia004/ses-1/EP2D_RESTINGSTATE_0012.tar.gz (file) [from origin...]
0: get(ok): data/dicoms/ewgenia004/ses-1/T1_MPRAGE_COR_ND_0008.tar.gz (file) [from origin...]
0: get(ok): data/dicoms/ewgenia004 (directory)
0: action summary:
0:   get (notneeded: 1, ok: 5)
0: get(ok): data/dicoms/ewgenia003/ses-1/EP2D_RESTINGSTATE_0012.tar.gz (file) [from origin...]
0: get(ok): data/dicoms/ewgenia003/ses-1/3D_FLAIR_0005.tar.gz (file) [from origin...]
0: get(ok): data/dicoms/ewgenia003/ses-1/T1_MPRAGE_COR_ND_0008.tar.gz (file) [from origin...]
0: get(ok): data/dicoms/ewgenia003/ses-1/EP2D_DIFF_96DIR_7B0_3SHELL_ORIG_0015.tar.gz (file) [from origin...]
0: get(ok): data/dicoms/ewgenia003 (directory)
0: action summary:
0:   get (notneeded: 1, ok: 5)
0: get(ok): data/dicoms/ewgenia001/ses-1/3D_FLAIR_0005.tar.gz (file) [from origin...]
0: get(ok): data/dicoms/ewgenia001/ses-1/T1_MPRAGE_COR_ND_0008.tar.gz (file) [from origin...]
0: get(ok): data/dicoms/ewgenia001/ses-1/EP2D_RESTINGSTATE_0012.tar.gz (file) [from origin...]
0: get(ok): data/dicoms/ewgenia001/ses-1/EP2D_DIFF_96DIR_7B0_3SHELL_ORIG_0015.tar.gz (file) [from origin...]
0: get(ok): data/dicoms/ewgenia001 (directory)
0: action summary:
0:   get (notneeded: 1, ok: 5)
0: install(ok): /scratch/fatx405.1433712/ewgenia002/clone/data/raw_bids/sub-ewgenia002 (dataset) [Installed subdataset in order to get /scratch/fatx405.1433712/ewgenia002/clone/data/raw_bids/sub-ewgenia002]
0: install(ok): /scratch/fatx405.1433712/ewgenia004/clone/data/raw_bids/sub-ewgenia004 (dataset) [Installed subdataset in order to get /scratch/fatx405.1433712/ewgenia004/clone/data/raw_bids/sub-ewgenia004]
0: install(ok): /scratch/fatx405.1433712/ewgenia003/clone/data/raw_bids/sub-ewgenia003 (dataset) [Installed subdataset in order to get /scratch/fatx405.1433712/ewgenia003/clone/data/raw_bids/sub-ewgenia003]
0: get(ok): data/dicoms/ewgenia005/ses-1/3D_FLAIR_0005.tar.gz (file) [from origin...]
0: get(ok): data/dicoms/ewgenia005/ses-1/EP2D_RESTINGSTATE_0012.tar.gz (file) [from origin...]
0: get(ok): data/dicoms/ewgenia005/ses-1/T1_MPRAGE_COR_ND_0008.tar.gz (file) [from origin...]
0: get(ok): data/dicoms/ewgenia005/ses-1/EP2D_DIFF_96DIR_7B0_3SHELL_ORIG_0015.tar.gz (file) [from origin...]
0: get(ok): data/dicoms/ewgenia005 (directory)
0: action summary:
0:   get (notneeded: 1, ok: 5)
0: install(ok): /scratch/fatx405.1433712/ewgenia005/clone/data/raw_bids/sub-ewgenia005 (dataset) [Installed subdataset in order to get /scratch/fatx405.1433712/ewgenia005/clone/data/raw_bids/sub-ewgenia005]
0: install(ok): /scratch/fatx405.1433712/ewgenia001/clone/data/raw_bids/sub-ewgenia001 (dataset) [Installed subdataset in order to get /scratch/fatx405.1433712/ewgenia001/clone/data/raw_bids/sub-ewgenia001]
0: get(ok): data/raw_bids/sub-ewgenia001/ses-1/anat/sub-ewgenia001_ses-1_FLAIR.json (file) [from origin...]
0: get(ok): data/raw_bids/sub-ewgenia001/ses-1/anat/sub-ewgenia001_ses-1_T1w.nii.gz (file) [from origin...]
0: get(ok): data/raw_bids/sub-ewgenia001/ses-1/anat/sub-ewgenia001_ses-1_T1w.json (file) [from origin...]
0: get(ok): data/raw_bids/sub-ewgenia001/ses-1/dwi/sub-ewgenia001_ses-1_dir-AP_dwi.bval (file) [from origin...]
0: get(ok): data/raw_bids/sub-ewgenia001/ses-1/anat/sub-ewgenia001_ses-1_FLAIR.nii.gz (file) [from origin...]
0: get(ok): data/raw_bids/sub-ewgenia001/ses-1/func/sub-ewgenia001_ses-1_task-rest_bold.json (file) [from origin...]
0: get(ok): data/raw_bids/sub-ewgenia001/ses-1/func/sub-ewgenia001_ses-1_task-rest_bold.nii.gz (file) [from origin...]
0: get(ok): data/raw_bids/sub-ewgenia001/ses-1/sub-ewgenia001_ses-1_scans.json (file) [from origin...]
0: get(ok): data/raw_bids/sub-ewgenia001/ses-1/dwi/sub-ewgenia001_ses-1_dir-AP_dwi.json (file) [from origin...]
0: get(ok): data/raw_bids/sub-ewgenia001/ses-1/func/sub-ewgenia001_ses-1_task-rest_events.tsv (file) [from origin...]
0: get(ok): data/raw_bids/sub-ewgenia001/ses-1/sub-ewgenia001_ses-1_scans.tsv (file) [from origin...]
0: get(ok): data/raw_bids/sub-ewgenia001/ses-1/dwi/sub-ewgenia001_ses-1_dir-AP_dwi.nii.gz (file) [from origin...]
0: get(ok): data/raw_bids/sub-ewgenia001/ses-1/dwi/sub-ewgenia001_ses-1_dir-AP_dwi.bvec (file) [from origin...]
0: action summary:
0:   get (ok: 13)
0:   install (ok: 1)
0: 210708-11:32:22,870 nipype.workflow INFO:
0: 	 [Node] Setting-up "convert" in "/tmp/dcm2niixsyeq28u3/convert".
0: 210708-11:32:22,987 nipype.workflow INFO:
0: 	 [Node] Running "convert" ("nipype.interfaces.dcm2nii.Dcm2niix"), a CommandLine Interface with command:
0: dcm2niix -b y -z y -x n -t n -m n -f sub-ewgenia004_ses-1_FLAIR_heudiconv978 -o /bids/sub-ewgenia004/ses-1/anat -s n -v n /tmp/dcm2niixsyeq28u3/convert
0: 210708-11:32:23,503 nipype.workflow INFO:
0: 	 [Node] Setting-up "convert" in "/tmp/dcm2niix4y5jc565/convert".
0: 210708-11:32:23,624 nipype.workflow INFO:
0: 	 [Node] Running "convert" ("nipype.interfaces.dcm2nii.Dcm2niix"), a CommandLine Interface with command:
0: dcm2niix -b y -z y -x n -t n -m n -f sub-ewgenia003_ses-1_FLAIR_heudiconv610 -o /bids/sub-ewgenia003/ses-1/anat -s n -v n /tmp/dcm2niix4y5jc565/convert
0: 210708-11:32:23,737 nipype.interface INFO:
0: 	 stdout 2021-07-08T11:32:23.736253:Chris Rorden's dcm2niiX version v1.0.20190410  GCC6.3.0 (64-bit Linux)
0: 210708-11:32:23,739 nipype.interface INFO:
0: 	 stdout 2021-07-08T11:32:23.736253:Found 384 DICOM file(s)
0: 210708-11:32:23,739 nipype.interface INFO:
0: 	 stdout 2021-07-08T11:32:23.736253:192 images have identical time, series, acquisition and instance values. DUPLICATES REMOVED.
0: 210708-11:32:23,739 nipype.interface INFO:
0: 	 stdout 2021-07-08T11:32:23.736253:Convert 192 DICOM as /bids/sub-ewgenia004/ses-1/anat/sub-ewgenia004_ses-1_FLAIR_heudiconv978 (320x320x192x1)
0: 210708-11:32:24,394 nipype.interface INFO:
0: 	 stdout 2021-07-08T11:32:24.393245:Chris Rorden's dcm2niiX version v1.0.20190410  GCC6.3.0 (64-bit Linux)
0: 210708-11:32:24,395 nipype.interface INFO:
0: 	 stdout 2021-07-08T11:32:24.393245:Found 384 DICOM file(s)
0: 210708-11:32:24,396 nipype.interface INFO:
0: 	 stdout 2021-07-08T11:32:24.393245:192 images have identical time, series, acquisition and instance values. DUPLICATES REMOVED.
0: 210708-11:32:24,396 nipype.interface INFO:
0: 	 stdout 2021-07-08T11:32:24.393245:Convert 192 DICOM as /bids/sub-ewgenia003/ses-1/anat/sub-ewgenia003_ses-1_FLAIR_heudiconv610 (320x320x192x1)
0: 210708-11:32:25,359 nipype.workflow INFO:
0: 	 [Node] Setting-up "convert" in "/tmp/dcm2niixtgkr8f9u/convert".
0: 210708-11:32:25,480 nipype.workflow INFO:
0: 	 [Node] Running "convert" ("nipype.interfaces.dcm2nii.Dcm2niix"), a CommandLine Interface with command:
0: dcm2niix -b y -z y -x n -t n -m n -f sub-ewgenia002_ses-1_FLAIR_heudiconv293 -o /bids/sub-ewgenia002/ses-1/anat -s n -v n /tmp/dcm2niixtgkr8f9u/convert
0: 210708-11:32:26,58 nipype.interface INFO:
0: 	 stdout 2021-07-08T11:32:26.057579:Compress: "/usr/bin/pigz" -b 960 -n -f -6 "/bids/sub-ewgenia004/ses-1/anat/sub-ewgenia004_ses-1_FLAIR_heudiconv978.nii"
0: 210708-11:32:26,60 nipype.interface INFO:
0: 	 stdout 2021-07-08T11:32:26.057579:Conversion required 2.621793 seconds (0.473003 for core code).
0: 210708-11:32:26,257 nipype.interface INFO:
0: 	 stdout 2021-07-08T11:32:26.256260:Chris Rorden's dcm2niiX version v1.0.20190410  GCC6.3.0 (64-bit Linux)
0: 210708-11:32:26,259 nipype.interface INFO:
0: 	 stdout 2021-07-08T11:32:26.256260:Found 384 DICOM file(s)
0: 210708-11:32:26,259 nipype.interface INFO:
0: 	 stdout 2021-07-08T11:32:26.256260:192 images have identical time, series, acquisition and instance values. DUPLICATES REMOVED.
0: 210708-11:32:26,259 nipype.interface INFO:
0: 	 stdout 2021-07-08T11:32:26.256260:Convert 192 DICOM as /bids/sub-ewgenia002/ses-1/anat/sub-ewgenia002_ses-1_FLAIR_heudiconv293 (320x320x192x1)
0: 210708-11:32:26,680 nipype.interface INFO:
0: 	 stdout 2021-07-08T11:32:26.679107:Compress: "/usr/bin/pigz" -b 960 -n -f -6 "/bids/sub-ewgenia003/ses-1/anat/sub-ewgenia003_ses-1_FLAIR_heudiconv610.nii"
0: 210708-11:32:26,682 nipype.interface INFO:
0: 	 stdout 2021-07-08T11:32:26.679107:Conversion required 2.580568 seconds (0.459121 for core code).
0: 210708-11:32:26,771 nipype.workflow INFO:
0: 	 [Node] Finished "convert".
0: 210708-11:32:27,72 nipype.workflow INFO:
0: 	 [Node] Finished "convert".
0: 210708-11:32:35,546 nipype.interface INFO:
0: 	 stdout 2021-07-08T11:32:35.545855:Compress: "/usr/bin/pigz" -b 960 -n -f -6 "/bids/sub-ewgenia002/ses-1/anat/sub-ewgenia002_ses-1_FLAIR_heudiconv293.nii"
0: 210708-11:32:35,548 nipype.interface INFO:
0: 	 stdout 2021-07-08T11:32:35.545855:Conversion required 9.583320 seconds (0.456466 for core code).
0: 210708-11:32:36,988 nipype.workflow INFO:
0: 	 [Node] Finished "convert".
0: 210708-11:32:59,162 nipype.workflow INFO:
0: 	 [Node] Setting-up "convert" in "/tmp/dcm2niixbo_weql_/convert".
0: 210708-11:32:59,280 nipype.workflow INFO:
0: 	 [Node] Running "convert" ("nipype.interfaces.dcm2nii.Dcm2niix"), a CommandLine Interface with command:
0: dcm2niix -b y -z y -x n -t n -m n -f sub-ewgenia001_ses-1_FLAIR_heudiconv932 -o /bids/sub-ewgenia001/ses-1/anat -s n -v n /tmp/dcm2niixbo_weql_/convert
0: 210708-11:33:00,66 nipype.interface INFO:
0: 	 stdout 2021-07-08T11:33:00.065740:Chris Rorden's dcm2niiX version v1.0.20190410  GCC6.3.0 (64-bit Linux)
0: 210708-11:33:00,69 nipype.interface INFO:
0: 	 stdout 2021-07-08T11:33:00.065740:Found 384 DICOM file(s)
0: 210708-11:33:00,69 nipype.interface INFO:
0: 	 stdout 2021-07-08T11:33:00.065740:192 images have identical time, series, acquisition and instance values. DUPLICATES REMOVED.
0: 210708-11:33:00,69 nipype.interface INFO:
0: 	 stdout 2021-07-08T11:33:00.065740:Convert 192 DICOM as /bids/sub-ewgenia001/ses-1/anat/sub-ewgenia001_ses-1_FLAIR_heudiconv932 (320x320x192x1)
0: 210708-11:33:01,903 nipype.interface INFO:
0: 	 stdout 2021-07-08T11:33:01.902471:Compress: "/usr/bin/pigz" -b 960 -n -f -6 "/bids/sub-ewgenia001/ses-1/anat/sub-ewgenia001_ses-1_FLAIR_heudiconv932.nii"
0: 210708-11:33:01,905 nipype.interface INFO:
0: 	 stdout 2021-07-08T11:33:01.902471:Conversion required 2.134222 seconds (0.462869 for core code).
0: 210708-11:33:02,356 nipype.workflow INFO:
0: 	 [Node] Finished "convert".
0: 210708-11:33:05,841 nipype.workflow INFO:
0: 	 [Node] Setting-up "convert" in "/tmp/dcm2niixv0b5vkhy/convert".
0: 210708-11:33:05,964 nipype.workflow INFO:
0: 	 [Node] Running "convert" ("nipype.interfaces.dcm2nii.Dcm2niix"), a CommandLine Interface with command:
0: dcm2niix -b y -z y -x n -t n -m n -f sub-ewgenia005_ses-1_FLAIR_heudiconv414 -o /bids/sub-ewgenia005/ses-1/anat -s n -v n /tmp/dcm2niixv0b5vkhy/convert
0: 210708-11:33:06,775 nipype.interface INFO:
0: 	 stdout 2021-07-08T11:33:06.774092:Chris Rorden's dcm2niiX version v1.0.20190410  GCC6.3.0 (64-bit Linux)
0: 210708-11:33:06,777 nipype.interface INFO:
0: 	 stdout 2021-07-08T11:33:06.774092:Found 384 DICOM file(s)
0: 210708-11:33:06,777 nipype.interface INFO:
0: 	 stdout 2021-07-08T11:33:06.774092:192 images have identical time, series, acquisition and instance values. DUPLICATES REMOVED.
0: 210708-11:33:06,777 nipype.interface INFO:
0: 	 stdout 2021-07-08T11:33:06.774092:Convert 192 DICOM as /bids/sub-ewgenia005/ses-1/anat/sub-ewgenia005_ses-1_FLAIR_heudiconv414 (320x320x192x1)
0: 210708-11:33:08,442 nipype.interface INFO:
0: 	 stdout 2021-07-08T11:33:08.441456:Compress: "/usr/bin/pigz" -b 960 -n -f -6 "/bids/sub-ewgenia005/ses-1/anat/sub-ewgenia005_ses-1_FLAIR_heudiconv414.nii"
0: 210708-11:33:08,444 nipype.interface INFO:
0: 	 stdout 2021-07-08T11:33:08.441456:Conversion required 1.956415 seconds (0.446883 for core code).
0: 210708-11:33:09,54 nipype.workflow INFO:
0: 	 [Node] Finished "convert".
0: 210708-11:34:29,308 nipype.workflow INFO:
0: 	 [Node] Setting-up "convert" in "/tmp/dcm2niixphjhzg3v/convert".
0: 210708-11:34:29,601 nipype.workflow INFO:
0: 	 [Node] Setting-up "convert" in "/tmp/dcm2niix3pi5bdm6/convert".
0: 210708-11:34:32,1 nipype.workflow INFO:
0: 	 [Node] Setting-up "convert" in "/tmp/dcm2niix12g62gjb/convert".
0: 210708-11:34:34,656 nipype.workflow INFO:
0: 	 [Node] Running "convert" ("nipype.interfaces.dcm2nii.Dcm2niix"), a CommandLine Interface with command:
0: dcm2niix -b y -z y -x n -t n -m n -f sub-ewgenia004_ses-1_dir-AP_dwi_heudiconv863 -o /bids/sub-ewgenia004/ses-1/dwi -s n -v n /tmp/dcm2niixphjhzg3v/convert
0: 210708-11:34:35,58 nipype.workflow INFO:
0: 	 [Node] Running "convert" ("nipype.interfaces.dcm2nii.Dcm2niix"), a CommandLine Interface with command:
0: dcm2niix -b y -z y -x n -t n -m n -f sub-ewgenia003_ses-1_dir-AP_dwi_heudiconv596 -o /bids/sub-ewgenia003/ses-1/dwi -s n -v n /tmp/dcm2niix3pi5bdm6/convert
0: 210708-11:34:37,557 nipype.workflow INFO:
0: 	 [Node] Running "convert" ("nipype.interfaces.dcm2nii.Dcm2niix"), a CommandLine Interface with command:
0: dcm2niix -b y -z y -x n -t n -m n -f sub-ewgenia002_ses-1_dir-AP_dwi_heudiconv431 -o /bids/sub-ewgenia002/ses-1/dwi -s n -v n /tmp/dcm2niix12g62gjb/convert
0: 210708-11:34:49,780 nipype.interface INFO:
0: 	 stdout 2021-07-08T11:34:49.779158:Chris Rorden's dcm2niiX version v1.0.20190410  GCC6.3.0 (64-bit Linux)
0: 210708-11:34:49,782 nipype.interface INFO:
0: 	 stdout 2021-07-08T11:34:49.779158:Found 17618 DICOM file(s)
0: 210708-11:34:49,782 nipype.interface INFO:
0: 	 stdout 2021-07-08T11:34:49.779158:slices stacked despite varying acquisition numbers (if this is not desired recompile with 'mySegmentByAcq')
0: 210708-11:34:49,782 nipype.interface INFO:
0: 	 stdout 2021-07-08T11:34:49.779158:6288 images have identical time, series, acquisition and instance values. DUPLICATES REMOVED.
0: 210708-11:34:49,782 nipype.interface INFO:
0: 	 stdout 2021-07-08T11:34:49.779158:Saving 103 DTI gradients. Validate vectors.
0: 210708-11:34:49,782 nipype.interface INFO:
0: 	 stdout 2021-07-08T11:34:49.779158:Convert 11330 DICOM as /bids/sub-ewgenia004/ses-1/dwi/sub-ewgenia004_ses-1_dir-AP_dwi_heudiconv863 (144x144x110x103)
0: 210708-11:34:50,751 nipype.interface INFO:
0: 	 stdout 2021-07-08T11:34:50.750643:Chris Rorden's dcm2niiX version v1.0.20190410  GCC6.3.0 (64-bit Linux)
0: 210708-11:34:50,753 nipype.interface INFO:
0: 	 stdout 2021-07-08T11:34:50.750643:Found 17618 DICOM file(s)
0: 210708-11:34:50,753 nipype.interface INFO:
0: 	 stdout 2021-07-08T11:34:50.750643:slices stacked despite varying acquisition numbers (if this is not desired recompile with 'mySegmentByAcq')
0: 210708-11:34:50,753 nipype.interface INFO:
0: 	 stdout 2021-07-08T11:34:50.750643:6288 images have identical time, series, acquisition and instance values. DUPLICATES REMOVED.
0: 210708-11:34:50,754 nipype.interface INFO:
0: 	 stdout 2021-07-08T11:34:50.750643:Saving 103 DTI gradients. Validate vectors.
0: 210708-11:34:50,754 nipype.interface INFO:
0: 	 stdout 2021-07-08T11:34:50.750643:Convert 11330 DICOM as /bids/sub-ewgenia003/ses-1/dwi/sub-ewgenia003_ses-1_dir-AP_dwi_heudiconv596 (144x144x110x103)
0: 210708-11:34:51,53 nipype.interface INFO:
0: 	 stdout 2021-07-08T11:34:51.052432:Chris Rorden's dcm2niiX version v1.0.20190410  GCC6.3.0 (64-bit Linux)
0: 210708-11:34:51,55 nipype.interface INFO:
0: 	 stdout 2021-07-08T11:34:51.052432:Found 17618 DICOM file(s)
0: 210708-11:34:51,55 nipype.interface INFO:
0: 	 stdout 2021-07-08T11:34:51.052432:slices stacked despite varying acquisition numbers (if this is not desired recompile with 'mySegmentByAcq')
0: 210708-11:34:51,55 nipype.interface INFO:
0: 	 stdout 2021-07-08T11:34:51.052432:6288 images have identical time, series, acquisition and instance values. DUPLICATES REMOVED.
0: 210708-11:34:51,55 nipype.interface INFO:
0: 	 stdout 2021-07-08T11:34:51.052432:Saving 103 DTI gradients. Validate vectors.
0: 210708-11:34:51,55 nipype.interface INFO:
0: 	 stdout 2021-07-08T11:34:51.052432:Convert 11330 DICOM as /bids/sub-ewgenia002/ses-1/dwi/sub-ewgenia002_ses-1_dir-AP_dwi_heudiconv431 (144x144x110x103)
0: 210708-11:34:51,235 nipype.workflow INFO:
0: 	 [Node] Setting-up "convert" in "/tmp/dcm2niix7fhjtv4m/convert".
0: 210708-11:34:56,647 nipype.workflow INFO:
0: 	 [Node] Running "convert" ("nipype.interfaces.dcm2nii.Dcm2niix"), a CommandLine Interface with command:
0: dcm2niix -b y -z y -x n -t n -m n -f sub-ewgenia001_ses-1_dir-AP_dwi_heudiconv032 -o /bids/sub-ewgenia001/ses-1/dwi -s n -v n /tmp/dcm2niix7fhjtv4m/convert
0: 210708-11:35:00,380 nipype.workflow INFO:
0: 	 [Node] Setting-up "convert" in "/tmp/dcm2niixe8qb95il/convert".
0: 210708-11:35:05,900 nipype.workflow INFO:
0: 	 [Node] Running "convert" ("nipype.interfaces.dcm2nii.Dcm2niix"), a CommandLine Interface with command:
0: dcm2niix -b y -z y -x n -t n -m n -f sub-ewgenia005_ses-1_dir-AP_dwi_heudiconv481 -o /bids/sub-ewgenia005/ses-1/dwi -s n -v n /tmp/dcm2niixe8qb95il/convert
0: 210708-11:35:05,950 nipype.interface INFO:
0: 	 stdout 2021-07-08T11:35:05.949241:Compress: "/usr/bin/pigz" -b 960 -n -f -6 "/bids/sub-ewgenia004/ses-1/dwi/sub-ewgenia004_ses-1_dir-AP_dwi_heudiconv863.nii"
0: 210708-11:35:05,951 nipype.interface INFO:
0: 	 stdout 2021-07-08T11:35:05.949241:Conversion required 31.063839 seconds (15.162652 for core code).
0: 210708-11:35:06,813 nipype.interface INFO:
0: 	 stdout 2021-07-08T11:35:06.812209:Compress: "/usr/bin/pigz" -b 960 -n -f -6 "/bids/sub-ewgenia003/ses-1/dwi/sub-ewgenia003_ses-1_dir-AP_dwi_heudiconv596.nii"
0: 210708-11:35:06,814 nipype.interface INFO:
0: 	 stdout 2021-07-08T11:35:06.812209:Conversion required 31.516959 seconds (15.718556 for core code).
0: 210708-11:35:06,976 nipype.workflow INFO:
0: 	 [Node] Finished "convert".
0: 210708-11:35:07,154 nipype.interface INFO:
0: 	 stdout 2021-07-08T11:35:07.153659:Compress: "/usr/bin/pigz" -b 960 -n -f -6 "/bids/sub-ewgenia002/ses-1/dwi/sub-ewgenia002_ses-1_dir-AP_dwi_heudiconv431.nii"
0: 210708-11:35:07,156 nipype.interface INFO:
0: 	 stdout 2021-07-08T11:35:07.153659:Conversion required 29.330193 seconds (13.490937 for core code).
0: 210708-11:35:07,759 nipype.interface INFO:
0: 	 stdout 2021-07-08T11:35:07.758051:Chris Rorden's dcm2niiX version v1.0.20190410  GCC6.3.0 (64-bit Linux)
0: 210708-11:35:07,761 nipype.interface INFO:
0: 	 stdout 2021-07-08T11:35:07.758051:Found 17618 DICOM file(s)
0: 210708-11:35:07,761 nipype.interface INFO:
0: 	 stdout 2021-07-08T11:35:07.758051:slices stacked despite varying acquisition numbers (if this is not desired recompile with 'mySegmentByAcq')
0: 210708-11:35:07,761 nipype.interface INFO:
0: 	 stdout 2021-07-08T11:35:07.758051:6288 images have identical time, series, acquisition and instance values. DUPLICATES REMOVED.
0: 210708-11:35:07,761 nipype.interface INFO:
0: 	 stdout 2021-07-08T11:35:07.758051:Saving 103 DTI gradients. Validate vectors.
0: 210708-11:35:07,761 nipype.interface INFO:
0: 	 stdout 2021-07-08T11:35:07.758051:Convert 11330 DICOM as /bids/sub-ewgenia001/ses-1/dwi/sub-ewgenia001_ses-1_dir-AP_dwi_heudiconv032 (144x144x110x103)
0: 210708-11:35:07,988 nipype.workflow INFO:
0: 	 [Node] Finished "convert".
0: 210708-11:35:07,988 nipype.workflow INFO:
0: 	 [Node] Finished "convert".
0: 210708-11:35:11,686 nipype.workflow INFO:
0: 	 [Node] Setting-up "convert" in "/tmp/dcm2niix6jrhduy4/convert".
0: 210708-11:35:11,801 nipype.workflow INFO:
0: 	 [Node] Running "convert" ("nipype.interfaces.dcm2nii.Dcm2niix"), a CommandLine Interface with command:
0: dcm2niix -b y -z y -x n -t n -m n -f sub-ewgenia004_ses-1_task-rest_bold_heudiconv028 -o /bids/sub-ewgenia004/ses-1/func -s n -v n /tmp/dcm2niix6jrhduy4/convert
0: 210708-11:35:12,390 nipype.interface INFO:
0: 	 stdout 2021-07-08T11:35:12.389577:Chris Rorden's dcm2niiX version v1.0.20190410  GCC6.3.0 (64-bit Linux)
0: 210708-11:35:12,392 nipype.interface INFO:
0: 	 stdout 2021-07-08T11:35:12.389577:Found 400 DICOM file(s)
0: 210708-11:35:12,392 nipype.interface INFO:
0: 	 stdout 2021-07-08T11:35:12.389577:slices stacked despite varying acquisition numbers (if this is not desired recompile with 'mySegmentByAcq')
0: 210708-11:35:12,392 nipype.interface INFO:
0: 	 stdout 2021-07-08T11:35:12.389577:200 images have identical time, series, acquisition and instance values. DUPLICATES REMOVED.
0: 210708-11:35:12,392 nipype.interface INFO:
0: 	 stdout 2021-07-08T11:35:12.389577:Convert 200 DICOM as /bids/sub-ewgenia004/ses-1/func/sub-ewgenia004_ses-1_task-rest_bold_heudiconv028 (72x72x40x200)
0: 210708-11:35:12,694 nipype.workflow INFO:
0: 	 [Node] Setting-up "convert" in "/tmp/dcm2niix3ih4sxck/convert".
0: 210708-11:35:12,730 nipype.workflow INFO:
0: 	 [Node] Setting-up "convert" in "/tmp/dcm2niixnzw07_fx/convert".
0: 210708-11:35:12,813 nipype.workflow INFO:
0: 	 [Node] Running "convert" ("nipype.interfaces.dcm2nii.Dcm2niix"), a CommandLine Interface with command:
0: dcm2niix -b y -z y -x n -t n -m n -f sub-ewgenia003_ses-1_task-rest_bold_heudiconv010 -o /bids/sub-ewgenia003/ses-1/func -s n -v n /tmp/dcm2niix3ih4sxck/convert
0: 210708-11:35:12,850 nipype.workflow INFO:
0: 	 [Node] Running "convert" ("nipype.interfaces.dcm2nii.Dcm2niix"), a CommandLine Interface with command:
0: dcm2niix -b y -z y -x n -t n -m n -f sub-ewgenia002_ses-1_task-rest_bold_heudiconv619 -o /bids/sub-ewgenia002/ses-1/func -s n -v n /tmp/dcm2niixnzw07_fx/convert
0: 210708-11:35:13,413 nipype.interface INFO:
0: 	 stdout 2021-07-08T11:35:13.412216:Chris Rorden's dcm2niiX version v1.0.20190410  GCC6.3.0 (64-bit Linux)
0: 210708-11:35:13,415 nipype.interface INFO:
0: 	 stdout 2021-07-08T11:35:13.412216:Found 400 DICOM file(s)
0: 210708-11:35:13,415 nipype.interface INFO:
0: 	 stdout 2021-07-08T11:35:13.412216:slices stacked despite varying acquisition numbers (if this is not desired recompile with 'mySegmentByAcq')
0: 210708-11:35:13,415 nipype.interface INFO:
0: 	 stdout 2021-07-08T11:35:13.412216:200 images have identical time, series, acquisition and instance values. DUPLICATES REMOVED.
0: 210708-11:35:13,415 nipype.interface INFO:
0: 	 stdout 2021-07-08T11:35:13.412216:Convert 200 DICOM as /bids/sub-ewgenia003/ses-1/func/sub-ewgenia003_ses-1_task-rest_bold_heudiconv010 (72x72x40x200)
0: 210708-11:35:13,451 nipype.interface INFO:
0: 	 stdout 2021-07-08T11:35:13.450937:Chris Rorden's dcm2niiX version v1.0.20190410  GCC6.3.0 (64-bit Linux)
0: 210708-11:35:13,453 nipype.interface INFO:
0: 	 stdout 2021-07-08T11:35:13.450937:Found 400 DICOM file(s)
0: 210708-11:35:13,454 nipype.interface INFO:
0: 	 stdout 2021-07-08T11:35:13.450937:slices stacked despite varying acquisition numbers (if this is not desired recompile with 'mySegmentByAcq')
0: 210708-11:35:13,454 nipype.interface INFO:
0: 	 stdout 2021-07-08T11:35:13.450937:200 images have identical time, series, acquisition and instance values. DUPLICATES REMOVED.
0: 210708-11:35:13,454 nipype.interface INFO:
0: 	 stdout 2021-07-08T11:35:13.450937:Convert 200 DICOM as /bids/sub-ewgenia002/ses-1/func/sub-ewgenia002_ses-1_task-rest_bold_heudiconv619 (72x72x40x200)
0: 210708-11:35:15,337 nipype.interface INFO:
0: 	 stdout 2021-07-08T11:35:15.336514:Compress: "/usr/bin/pigz" -b 960 -n -f -6 "/bids/sub-ewgenia004/ses-1/func/sub-ewgenia004_ses-1_task-rest_bold_heudiconv028.nii"
0: 210708-11:35:15,338 nipype.interface INFO:
0: 	 stdout 2021-07-08T11:35:15.336514:Conversion required 3.319049 seconds (0.412165 for core code).
0: 210708-11:35:15,379 nipype.workflow INFO:
0: 	 [Node] Finished "convert".
0: 210708-11:35:16,434 nipype.interface INFO:
0: 	 stdout 2021-07-08T11:35:16.433768:Compress: "/usr/bin/pigz" -b 960 -n -f -6 "/bids/sub-ewgenia003/ses-1/func/sub-ewgenia003_ses-1_task-rest_bold_heudiconv010.nii"
0: 210708-11:35:16,435 nipype.interface INFO:
0: 	 stdout 2021-07-08T11:35:16.434835:Compress: "/usr/bin/pigz" -b 960 -n -f -6 "/bids/sub-ewgenia002/ses-1/func/sub-ewgenia002_ses-1_task-rest_bold_heudiconv619.nii"
0: 210708-11:35:16,436 nipype.interface INFO:
0: 	 stdout 2021-07-08T11:35:16.433768:Conversion required 3.405920 seconds (0.427533 for core code).
0: 210708-11:35:16,437 nipype.interface INFO:
0: 	 stdout 2021-07-08T11:35:16.434835:Conversion required 3.366156 seconds (0.424531 for core code).
0: 210708-11:35:16,487 nipype.workflow INFO:
0: 	 [Node] Finished "convert".
0: 210708-11:35:16,488 nipype.workflow INFO:
0: 	 [Node] Finished "convert".
0: 210708-11:35:16,934 nipype.interface INFO:
0: 	 stdout 2021-07-08T11:35:16.932982:Chris Rorden's dcm2niiX version v1.0.20190410  GCC6.3.0 (64-bit Linux)
0: 210708-11:35:16,936 nipype.interface INFO:
0: 	 stdout 2021-07-08T11:35:16.932982:Found 17618 DICOM file(s)
0: 210708-11:35:16,936 nipype.interface INFO:
0: 	 stdout 2021-07-08T11:35:16.932982:slices stacked despite varying acquisition numbers (if this is not desired recompile with 'mySegmentByAcq')
0: 210708-11:35:16,936 nipype.interface INFO:
0: 	 stdout 2021-07-08T11:35:16.932982:6288 images have identical time, series, acquisition and instance values. DUPLICATES REMOVED.
0: 210708-11:35:16,937 nipype.interface INFO:
0: 	 stdout 2021-07-08T11:35:16.932982:Saving 103 DTI gradients. Validate vectors.
0: 210708-11:35:16,937 nipype.interface INFO:
0: 	 stdout 2021-07-08T11:35:16.932982:Convert 11330 DICOM as /bids/sub-ewgenia005/ses-1/dwi/sub-ewgenia005_ses-1_dir-AP_dwi_heudiconv481 (144x144x110x103)
0: 210708-11:35:18,298 nipype.workflow INFO:
0: 	 [Node] Setting-up "convert" in "/tmp/dcm2niix6f9vv0va/convert".
0: 210708-11:35:18,446 nipype.workflow INFO:
0: 	 [Node] Running "convert" ("nipype.interfaces.dcm2nii.Dcm2niix"), a CommandLine Interface with command:
0: dcm2niix -b y -z y -x n -t n -m n -f sub-ewgenia004_ses-1_T1w_heudiconv787 -o /bids/sub-ewgenia004/ses-1/anat -s n -v n /tmp/dcm2niix6f9vv0va/convert
0: 210708-11:35:19,25 nipype.interface INFO:
0: 	 stdout 2021-07-08T11:35:19.024078:Chris Rorden's dcm2niiX version v1.0.20190410  GCC6.3.0 (64-bit Linux)
0: 210708-11:35:19,26 nipype.interface INFO:
0: 	 stdout 2021-07-08T11:35:19.024078:Found 512 DICOM file(s)
0: 210708-11:35:19,27 nipype.interface INFO:
0: 	 stdout 2021-07-08T11:35:19.024078:256 images have identical time, series, acquisition and instance values. DUPLICATES REMOVED.
0: 210708-11:35:19,27 nipype.interface INFO:
0: 	 stdout 2021-07-08T11:35:19.024078:Convert 256 DICOM as /bids/sub-ewgenia004/ses-1/anat/sub-ewgenia004_ses-1_T1w_heudiconv787 (232x288x256x1)
0: 210708-11:35:19,419 nipype.workflow INFO:
0: 	 [Node] Setting-up "convert" in "/tmp/dcm2niixay28qvb8/convert".
0: 210708-11:35:19,446 nipype.workflow INFO:
0: 	 [Node] Setting-up "convert" in "/tmp/dcm2niixejmyvpdb/convert".
0: 210708-11:35:19,570 nipype.workflow INFO:
0: 	 [Node] Running "convert" ("nipype.interfaces.dcm2nii.Dcm2niix"), a CommandLine Interface with command:
0: dcm2niix -b y -z y -x n -t n -m n -f sub-ewgenia003_ses-1_T1w_heudiconv718 -o /bids/sub-ewgenia003/ses-1/anat -s n -v n /tmp/dcm2niixay28qvb8/convert
0: 210708-11:35:19,599 nipype.workflow INFO:
0: 	 [Node] Running "convert" ("nipype.interfaces.dcm2nii.Dcm2niix"), a CommandLine Interface with command:
0: dcm2niix -b y -z y -x n -t n -m n -f sub-ewgenia002_ses-1_T1w_heudiconv303 -o /bids/sub-ewgenia002/ses-1/anat -s n -v n /tmp/dcm2niixejmyvpdb/convert
0: 210708-11:35:20,188 nipype.interface INFO:
0: 	 stdout 2021-07-08T11:35:20.187537:Chris Rorden's dcm2niiX version v1.0.20190410  GCC6.3.0 (64-bit Linux)
0: 210708-11:35:20,190 nipype.interface INFO:
0: 	 stdout 2021-07-08T11:35:20.187537:Found 512 DICOM file(s)
0: 210708-11:35:20,190 nipype.interface INFO:
0: 	 stdout 2021-07-08T11:35:20.187537:256 images have identical time, series, acquisition and instance values. DUPLICATES REMOVED.
0: 210708-11:35:20,190 nipype.interface INFO:
0: 	 stdout 2021-07-08T11:35:20.187537:Convert 256 DICOM as /bids/sub-ewgenia003/ses-1/anat/sub-ewgenia003_ses-1_T1w_heudiconv718 (232x288x256x1)
0: 210708-11:35:20,202 nipype.interface INFO:
0: 	 stdout 2021-07-08T11:35:20.201245:Chris Rorden's dcm2niiX version v1.0.20190410  GCC6.3.0 (64-bit Linux)
0: 210708-11:35:20,204 nipype.interface INFO:
0: 	 stdout 2021-07-08T11:35:20.201245:Found 512 DICOM file(s)
0: 210708-11:35:20,204 nipype.interface INFO:
0: 	 stdout 2021-07-08T11:35:20.201245:256 images have identical time, series, acquisition and instance values. DUPLICATES REMOVED.
0: 210708-11:35:20,204 nipype.interface INFO:
0: 	 stdout 2021-07-08T11:35:20.201245:Convert 256 DICOM as /bids/sub-ewgenia002/ses-1/anat/sub-ewgenia002_ses-1_T1w_heudiconv303 (232x288x256x1)
0: 210708-11:35:20,362 nipype.interface INFO:
0: 	 stdout 2021-07-08T11:35:20.361300:Compress: "/usr/bin/pigz" -b 960 -n -f -6 "/bids/sub-ewgenia004/ses-1/anat/sub-ewgenia004_ses-1_T1w_heudiconv787.nii"
0: 210708-11:35:20,363 nipype.interface INFO:
0: 	 stdout 2021-07-08T11:35:20.361300:Conversion required 1.701243 seconds (0.462804 for core code).
0: 210708-11:35:20,409 nipype.workflow INFO:
0: 	 [Node] Finished "convert".
0: 210708-11:35:21,532 nipype.interface INFO:
0: 	 stdout 2021-07-08T11:35:21.531920:Compress: "/usr/bin/pigz" -b 960 -n -f -6 "/bids/sub-ewgenia003/ses-1/anat/sub-ewgenia003_ses-1_T1w_heudiconv718.nii"
0: 210708-11:35:21,534 nipype.interface INFO:
0: 	 stdout 2021-07-08T11:35:21.531920:Conversion required 1.749537 seconds (0.503835 for core code).
0: 210708-11:35:21,574 nipype.interface INFO:
0: 	 stdout 2021-07-08T11:35:21.573997:Compress: "/usr/bin/pigz" -b 960 -n -f -6 "/bids/sub-ewgenia002/ses-1/anat/sub-ewgenia002_ses-1_T1w_heudiconv303.nii"
0: 210708-11:35:21,576 nipype.interface INFO:
0: 	 stdout 2021-07-08T11:35:21.573997:Conversion required 1.763866 seconds (0.491377 for core code).
0: 210708-11:35:21,578 nipype.workflow INFO:
0: 	 [Node] Finished "convert".
0: 210708-11:35:21,622 nipype.workflow INFO:
0: 	 [Node] Finished "convert".
0: 210708-11:35:24,323 nipype.interface INFO:
0: 	 stdout 2021-07-08T11:35:24.322279:Compress: "/usr/bin/pigz" -b 960 -n -f -6 "/bids/sub-ewgenia001/ses-1/dwi/sub-ewgenia001_ses-1_dir-AP_dwi_heudiconv032.nii"
0: 210708-11:35:24,324 nipype.interface INFO:
0: 	 stdout 2021-07-08T11:35:24.322279:Conversion required 27.426145 seconds (11.125041 for core code).
0: 210708-11:35:25,98 nipype.workflow INFO:
0: 	 [Node] Finished "convert".
0: 210708-11:35:29,851 nipype.workflow INFO:
0: 	 [Node] Setting-up "convert" in "/tmp/dcm2niixnz3h7fs2/convert".
0: 210708-11:35:30,7 nipype.workflow INFO:
0: 	 [Node] Running "convert" ("nipype.interfaces.dcm2nii.Dcm2niix"), a CommandLine Interface with command:
0: dcm2niix -b y -z y -x n -t n -m n -f sub-ewgenia001_ses-1_task-rest_bold_heudiconv334 -o /bids/sub-ewgenia001/ses-1/func -s n -v n /tmp/dcm2niixnz3h7fs2/convert
0: 210708-11:35:30,567 nipype.interface INFO:
0: 	 stdout 2021-07-08T11:35:30.566655:Chris Rorden's dcm2niiX version v1.0.20190410  GCC6.3.0 (64-bit Linux)
0: 210708-11:35:30,569 nipype.interface INFO:
0: 	 stdout 2021-07-08T11:35:30.566655:Found 400 DICOM file(s)
0: 210708-11:35:30,569 nipype.interface INFO:
0: 	 stdout 2021-07-08T11:35:30.566655:slices stacked despite varying acquisition numbers (if this is not desired recompile with 'mySegmentByAcq')
0: 210708-11:35:30,569 nipype.interface INFO:
0: 	 stdout 2021-07-08T11:35:30.566655:200 images have identical time, series, acquisition and instance values. DUPLICATES REMOVED.
0: 210708-11:35:30,569 nipype.interface INFO:
0: 	 stdout 2021-07-08T11:35:30.566655:Convert 200 DICOM as /bids/sub-ewgenia001/ses-1/func/sub-ewgenia001_ses-1_task-rest_bold_heudiconv334 (72x72x40x200)
0: 210708-11:35:32,906 nipype.interface INFO:
0: 	 stdout 2021-07-08T11:35:32.905175:Compress: "/usr/bin/pigz" -b 960 -n -f -6 "/bids/sub-ewgenia005/ses-1/dwi/sub-ewgenia005_ses-1_dir-AP_dwi_heudiconv481.nii"
0: 210708-11:35:32,907 nipype.interface INFO:
0: 	 stdout 2021-07-08T11:35:32.905175:Conversion required 26.747479 seconds (11.028244 for core code).
0: 210708-11:35:33,636 nipype.workflow INFO:
0: 	 [Node] Finished "convert".
0: 210708-11:35:33,909 nipype.interface INFO:
0: 	 stdout 2021-07-08T11:35:33.908940:Compress: "/usr/bin/pigz" -b 960 -n -f -6 "/bids/sub-ewgenia001/ses-1/func/sub-ewgenia001_ses-1_task-rest_bold_heudiconv334.nii"
0: 210708-11:35:33,911 nipype.interface INFO:
0: 	 stdout 2021-07-08T11:35:33.908940:Conversion required 3.709397 seconds (0.416553 for core code).
0: 210708-11:35:33,949 nipype.workflow INFO:
0: 	 [Node] Finished "convert".
0: 210708-11:35:37,383 nipype.workflow INFO:
0: 	 [Node] Setting-up "convert" in "/tmp/dcm2niixgjtfcnlf/convert".
0: 210708-11:35:37,549 nipype.workflow INFO:
0: 	 [Node] Running "convert" ("nipype.interfaces.dcm2nii.Dcm2niix"), a CommandLine Interface with command:
0: dcm2niix -b y -z y -x n -t n -m n -f sub-ewgenia001_ses-1_T1w_heudiconv135 -o /bids/sub-ewgenia001/ses-1/anat -s n -v n /tmp/dcm2niixgjtfcnlf/convert
0: 210708-11:35:37,806 nipype.workflow INFO:
0: 	 [Node] Setting-up "convert" in "/tmp/dcm2niixancxzybm/convert".
0: 210708-11:35:37,922 nipype.workflow INFO:
0: 	 [Node] Running "convert" ("nipype.interfaces.dcm2nii.Dcm2niix"), a CommandLine Interface with command:
0: dcm2niix -b y -z y -x n -t n -m n -f sub-ewgenia005_ses-1_task-rest_bold_heudiconv234 -o /bids/sub-ewgenia005/ses-1/func -s n -v n /tmp/dcm2niixancxzybm/convert
0: 210708-11:35:38,95 nipype.interface INFO:
0: 	 stdout 2021-07-08T11:35:38.094152:Chris Rorden's dcm2niiX version v1.0.20190410  GCC6.3.0 (64-bit Linux)
0: 210708-11:35:38,97 nipype.interface INFO:
0: 	 stdout 2021-07-08T11:35:38.094152:Found 512 DICOM file(s)
0: 210708-11:35:38,97 nipype.interface INFO:
0: 	 stdout 2021-07-08T11:35:38.094152:256 images have identical time, series, acquisition and instance values. DUPLICATES REMOVED.
0: 210708-11:35:38,97 nipype.interface INFO:
0: 	 stdout 2021-07-08T11:35:38.094152:Convert 256 DICOM as /bids/sub-ewgenia001/ses-1/anat/sub-ewgenia001_ses-1_T1w_heudiconv135 (232x288x256x1)
0: 210708-11:35:38,480 nipype.interface INFO:
0: 	 stdout 2021-07-08T11:35:38.479907:Chris Rorden's dcm2niiX version v1.0.20190410  GCC6.3.0 (64-bit Linux)
0: 210708-11:35:38,483 nipype.interface INFO:
0: 	 stdout 2021-07-08T11:35:38.479907:Found 400 DICOM file(s)
0: 210708-11:35:38,483 nipype.interface INFO:
0: 	 stdout 2021-07-08T11:35:38.479907:slices stacked despite varying acquisition numbers (if this is not desired recompile with 'mySegmentByAcq')
0: 210708-11:35:38,483 nipype.interface INFO:
0: 	 stdout 2021-07-08T11:35:38.479907:200 images have identical time, series, acquisition and instance values. DUPLICATES REMOVED.
0: 210708-11:35:38,483 nipype.interface INFO:
0: 	 stdout 2021-07-08T11:35:38.479907:Convert 200 DICOM as /bids/sub-ewgenia005/ses-1/func/sub-ewgenia005_ses-1_task-rest_bold_heudiconv234 (72x72x40x200)
0: 210708-11:35:39,555 nipype.interface INFO:
0: 	 stdout 2021-07-08T11:35:39.554578:Compress: "/usr/bin/pigz" -b 960 -n -f -6 "/bids/sub-ewgenia001/ses-1/anat/sub-ewgenia001_ses-1_T1w_heudiconv135.nii"
0: 210708-11:35:39,556 nipype.interface INFO:
0: 	 stdout 2021-07-08T11:35:39.554578:Conversion required 1.813294 seconds (0.468522 for core code).
0: 210708-11:35:40,289 nipype.workflow INFO:
0: 	 [Node] Finished "convert".
0: 210708-11:35:41,828 nipype.interface INFO:
0: 	 stdout 2021-07-08T11:35:41.827220:Compress: "/usr/bin/pigz" -b 960 -n -f -6 "/bids/sub-ewgenia005/ses-1/func/sub-ewgenia005_ses-1_task-rest_bold_heudiconv234.nii"
0: 210708-11:35:41,830 nipype.interface INFO:
0: 	 stdout 2021-07-08T11:35:41.827220:Conversion required 3.711511 seconds (0.407222 for core code).
0: 210708-11:35:41,867 nipype.workflow INFO:
0: 	 [Node] Finished "convert".
0: 210708-11:35:44,888 nipype.workflow INFO:
0: 	 [Node] Setting-up "convert" in "/tmp/dcm2niix5n3snjqv/convert".
0: 210708-11:35:45,45 nipype.workflow INFO:
0: 	 [Node] Running "convert" ("nipype.interfaces.dcm2nii.Dcm2niix"), a CommandLine Interface with command:
0: dcm2niix -b y -z y -x n -t n -m n -f sub-ewgenia005_ses-1_T1w_heudiconv635 -o /bids/sub-ewgenia005/ses-1/anat -s n -v n /tmp/dcm2niix5n3snjqv/convert
0: 210708-11:35:45,614 nipype.interface INFO:
0: 	 stdout 2021-07-08T11:35:45.613783:Chris Rorden's dcm2niiX version v1.0.20190410  GCC6.3.0 (64-bit Linux)
0: 210708-11:35:45,616 nipype.interface INFO:
0: 	 stdout 2021-07-08T11:35:45.613783:Found 512 DICOM file(s)
0: 210708-11:35:45,616 nipype.interface INFO:
0: 	 stdout 2021-07-08T11:35:45.613783:256 images have identical time, series, acquisition and instance values. DUPLICATES REMOVED.
0: 210708-11:35:45,616 nipype.interface INFO:
0: 	 stdout 2021-07-08T11:35:45.613783:Convert 256 DICOM as /bids/sub-ewgenia005/ses-1/anat/sub-ewgenia005_ses-1_T1w_heudiconv635 (232x288x256x1)
0: 210708-11:35:47,137 nipype.interface INFO:
0: 	 stdout 2021-07-08T11:35:47.136528:Compress: "/usr/bin/pigz" -b 960 -n -f -6 "/bids/sub-ewgenia005/ses-1/anat/sub-ewgenia005_ses-1_T1w_heudiconv635.nii"
0: 210708-11:35:47,138 nipype.interface INFO:
0: 	 stdout 2021-07-08T11:35:47.136528:Conversion required 1.868841 seconds (0.445467 for core code).
0: 210708-11:35:47,180 nipype.workflow INFO:
0: 	 [Node] Finished "convert".
0: unlock(ok): data/raw_bids/dataset_description.json (file)
0: unlock(ok): data/raw_bids/participants.tsv (file)
0: add(ok): ses-1/anat/sub-ewgenia004_ses-1_FLAIR.json (file)
0: add(ok): ses-1/anat/sub-ewgenia004_ses-1_FLAIR.nii.gz (file)
0: add(ok): ses-1/anat/sub-ewgenia004_ses-1_T1w.json (file)
0: add(ok): ses-1/anat/sub-ewgenia004_ses-1_T1w.nii.gz (file)
0: add(ok): ses-1/dwi/sub-ewgenia004_ses-1_dir-AP_dwi.bval (file)
0: add(ok): ses-1/dwi/sub-ewgenia004_ses-1_dir-AP_dwi.bvec (file)
0: add(ok): ses-1/dwi/sub-ewgenia004_ses-1_dir-AP_dwi.json (file)
0: add(ok): ses-1/dwi/sub-ewgenia004_ses-1_dir-AP_dwi.nii.gz (file)
0: add(ok): ses-1/func/sub-ewgenia004_ses-1_task-rest_bold.json (file)
0: add(ok): ses-1/func/sub-ewgenia004_ses-1_task-rest_bold.nii.gz (file)
0: add(ok): ses-1/sub-ewgenia004_ses-1_scans.json (file)
0: add(ok): ses-1/sub-ewgenia004_ses-1_scans.tsv (file)
0: save(ok): data/raw_bids/sub-ewgenia004 (dataset)
0: add(ok): sub-ewgenia004 (file)
0: add(ok): dataset_description.json (file)
0: add(ok): participants.tsv (file)
0: save(ok): data/raw_bids (dataset)
0: add(ok): data/raw_bids (file)
0: save(ok): . (dataset)
0: action summary:
0:   add (ok: 16)
0:   get (notneeded: 1)
0:   save (ok: 3)
0:   unlock (ok: 2)
0: unlock(ok): data/raw_bids/dataset_description.json (file)
0: unlock(ok): data/raw_bids/dataset_description.json (file)
0: unlock(ok): data/raw_bids/participants.tsv (file)
0: unlock(ok): data/raw_bids/participants.tsv (file)
0: add(ok): ses-1/anat/sub-ewgenia003_ses-1_FLAIR.json (file)
0: add(ok): ses-1/anat/sub-ewgenia003_ses-1_FLAIR.nii.gz (file)
0: add(ok): ses-1/anat/sub-ewgenia002_ses-1_FLAIR.json (file)
0: add(ok): ses-1/anat/sub-ewgenia002_ses-1_FLAIR.nii.gz (file)
0: add(ok): ses-1/anat/sub-ewgenia003_ses-1_T1w.json (file)
0: add(ok): ses-1/anat/sub-ewgenia003_ses-1_T1w.nii.gz (file)
0: add(ok): ses-1/anat/sub-ewgenia002_ses-1_T1w.json (file)
0: add(ok): ses-1/anat/sub-ewgenia002_ses-1_T1w.nii.gz (file)
0: add(ok): ses-1/dwi/sub-ewgenia003_ses-1_dir-AP_dwi.bval (file)
0: add(ok): ses-1/dwi/sub-ewgenia003_ses-1_dir-AP_dwi.bvec (file)
0: add(ok): ses-1/dwi/sub-ewgenia002_ses-1_dir-AP_dwi.bval (file)
0: add(ok): ses-1/dwi/sub-ewgenia002_ses-1_dir-AP_dwi.bvec (file)
0: add(ok): ses-1/dwi/sub-ewgenia003_ses-1_dir-AP_dwi.json (file)
0: add(ok): ses-1/dwi/sub-ewgenia003_ses-1_dir-AP_dwi.nii.gz (file)
0: add(ok): ses-1/dwi/sub-ewgenia002_ses-1_dir-AP_dwi.json (file)
0: add(ok): ses-1/dwi/sub-ewgenia002_ses-1_dir-AP_dwi.nii.gz (file)
0: add(ok): ses-1/func/sub-ewgenia003_ses-1_task-rest_bold.json (file)
0: add(ok): ses-1/func/sub-ewgenia002_ses-1_task-rest_bold.json (file)
0: add(ok): ses-1/func/sub-ewgenia003_ses-1_task-rest_bold.nii.gz (file)
0: add(ok): ses-1/func/sub-ewgenia002_ses-1_task-rest_bold.nii.gz (file)
0: add(ok): ses-1/sub-ewgenia002_ses-1_scans.json (file)
0: add(ok): ses-1/sub-ewgenia003_ses-1_scans.json (file)
0: add(ok): ses-1/sub-ewgenia002_ses-1_scans.tsv (file)
0: save(ok): data/raw_bids/sub-ewgenia002 (dataset)
0: add(ok): ses-1/sub-ewgenia003_ses-1_scans.tsv (file)
0: save(ok): data/raw_bids/sub-ewgenia003 (dataset)
0: add(ok): sub-ewgenia002 (file)
0: add(ok): dataset_description.json (file)
0: add(ok): sub-ewgenia003 (file)
0: add(ok): dataset_description.json (file)
0: add(ok): participants.tsv (file)
0: add(ok): participants.tsv (file)
0: save(ok): data/raw_bids (dataset)
0: add(ok): data/raw_bids (file)
0: save(ok): data/raw_bids (dataset)
0: add(ok): data/raw_bids (file)
0: save(ok): . (dataset)
0: save(ok): . (dataset)
0: action summary:
0: action summary:
0:   add (ok: 16)
0:   get (notneeded: 1)
0:   add (ok: 16)
0:   get (notneeded: 1)
0:   save (ok: 3)
0:   unlock (ok: 2)
0:   save (ok: 3)
0:   unlock (ok: 2)
0: unlock(ok): data/raw_bids/dataset_description.json (file)
0: unlock(ok): data/raw_bids/participants.tsv (file)
0: delete(ok): ses-1/func/sub-ewgenia001_ses-1_task-rest_events.tsv (file)
0: add(ok): ses-1/anat/sub-ewgenia001_ses-1_FLAIR.json (file)
0: add(ok): ses-1/anat/sub-ewgenia001_ses-1_FLAIR.nii.gz (file)
0: add(ok): ses-1/anat/sub-ewgenia001_ses-1_T1w.json (file)
0: add(ok): ses-1/anat/sub-ewgenia001_ses-1_T1w.nii.gz (file)
0: add(ok): ses-1/dwi/sub-ewgenia001_ses-1_dir-AP_dwi.bval (file)
0: add(ok): ses-1/dwi/sub-ewgenia001_ses-1_dir-AP_dwi.bvec (file)
0: add(ok): ses-1/dwi/sub-ewgenia001_ses-1_dir-AP_dwi.json (file)
0: add(ok): ses-1/dwi/sub-ewgenia001_ses-1_dir-AP_dwi.nii.gz (file)
0: add(ok): ses-1/func/sub-ewgenia001_ses-1_task-rest_bold.json (file)
0: add(ok): ses-1/func/sub-ewgenia001_ses-1_task-rest_bold.nii.gz (file)
0: add(ok): ses-1/sub-ewgenia001_ses-1_scans.json (file)
0: add(ok): ses-1/sub-ewgenia001_ses-1_scans.tsv (file)
0: save(ok): data/raw_bids/sub-ewgenia001 (dataset)
0: add(ok): sub-ewgenia001 (file)
0: add(ok): dataset_description.json (file)
0: add(ok): participants.tsv (file)
0: save(ok): data/raw_bids (dataset)
0: add(ok): data/raw_bids (file)
0: save(ok): . (dataset)
0: action summary:
0:   add (ok: 16)
0:   delete (ok: 1)
0:   get (notneeded: 1)
0:   save (ok: 3)
0:   unlock (ok: 2)
0: unlock(ok): data/raw_bids/dataset_description.json (file)
0: unlock(ok): data/raw_bids/participants.tsv (file)
0: add(ok): ses-1/anat/sub-ewgenia005_ses-1_FLAIR.json (file)
0: add(ok): ses-1/anat/sub-ewgenia005_ses-1_FLAIR.nii.gz (file)
0: add(ok): ses-1/anat/sub-ewgenia005_ses-1_T1w.json (file)
0: add(ok): ses-1/anat/sub-ewgenia005_ses-1_T1w.nii.gz (file)
0: add(ok): ses-1/dwi/sub-ewgenia005_ses-1_dir-AP_dwi.bval (file)
0: add(ok): ses-1/dwi/sub-ewgenia005_ses-1_dir-AP_dwi.bvec (file)
0: add(ok): ses-1/dwi/sub-ewgenia005_ses-1_dir-AP_dwi.json (file)
0: add(ok): ses-1/dwi/sub-ewgenia005_ses-1_dir-AP_dwi.nii.gz (file)
0: add(ok): ses-1/func/sub-ewgenia005_ses-1_task-rest_bold.json (file)
0: add(ok): ses-1/func/sub-ewgenia005_ses-1_task-rest_bold.nii.gz (file)
0: add(ok): ses-1/sub-ewgenia005_ses-1_scans.json (file)
0: add(ok): ses-1/sub-ewgenia005_ses-1_scans.tsv (file)
0: save(ok): data/raw_bids/sub-ewgenia005 (dataset)
0: add(ok): sub-ewgenia005 (file)
0: add(ok): dataset_description.json (file)
0: add(ok): participants.tsv (file)
0: save(ok): data/raw_bids (dataset)
0: add(ok): data/raw_bids (file)
0: save(ok): . (dataset)
0: action summary:
0:   add (ok: 16)
0:   get (notneeded: 1)
0:   save (ok: 3)
0:   unlock (ok: 2)
0: Some packages in this Docker container are non-free
0: If you are considering commercial use of this container, please consult the relevant license:
0: https://fsl.fmrib.ox.ac.uk/fsl/fslwiki/Licence
0: Some packages in this Docker container are non-free
0: If you are considering commercial use of this container, please consult the relevant license:
0: https://fsl.fmrib.ox.ac.uk/fsl/fslwiki/Licence
0: Some packages in this Docker container are non-free
0: If you are considering commercial use of this container, please consult the relevant license:
0: https://fsl.fmrib.ox.ac.uk/fsl/fslwiki/Licence
0: Some packages in this Docker container are non-free
0: If you are considering commercial use of this container, please consult the relevant license:
0: https://fsl.fmrib.ox.ac.uk/fsl/fslwiki/Licence
0: Some packages in this Docker container are non-free
0: If you are considering commercial use of this container, please consult the relevant license:
0: https://fsl.fmrib.ox.ac.uk/fsl/fslwiki/Licence
0: --------------
0: pydeface 2.0.0
0: --------------
0: Previous output will be overwritten.
0: Temporary files:
0:   /tmp/tmpkw403ozy.mat
0:   /tmp/tmpkpqe9zra.nii.gz
0: Defacing...
0:   /scratch/fatx405.1433712/ewgenia004/clone/data/raw_bids/sub-ewgenia004/ses-1/anat/sub-ewgenia004_ses-1_T1w.nii.gz
0: Defaced image saved as:
0:   /scratch/fatx405.1433712/ewgenia004/clone/data/raw_bids/sub-ewgenia004/ses-1/anat/sub-ewgenia004_ses-1_T1w.nii.gz
0: Cleaning up...
0: Finished.
0: --------------
0: pydeface 2.0.0
0: --------------
0: Previous output will be overwritten.
0: Temporary files:
0:   /tmp/tmptyni34ke.mat
0:   /tmp/tmprryx59g_.nii.gz
0: Defacing...
0:   /scratch/fatx405.1433712/ewgenia002/clone/data/raw_bids/sub-ewgenia002/ses-1/anat/sub-ewgenia002_ses-1_T1w.nii.gz
0: Defaced image saved as:
0:   /scratch/fatx405.1433712/ewgenia002/clone/data/raw_bids/sub-ewgenia002/ses-1/anat/sub-ewgenia002_ses-1_T1w.nii.gz
0: Cleaning up...
0: Finished.
0: --------------
0: pydeface 2.0.0
0: --------------
0: Previous output will be overwritten.
0: Temporary files:
0:   /tmp/tmpydobdhal.mat
0:   /tmp/tmplazrym_j.nii.gz
0: Defacing...
0:   /scratch/fatx405.1433712/ewgenia003/clone/data/raw_bids/sub-ewgenia003/ses-1/anat/sub-ewgenia003_ses-1_T1w.nii.gz
0: Defaced image saved as:
0:   /scratch/fatx405.1433712/ewgenia003/clone/data/raw_bids/sub-ewgenia003/ses-1/anat/sub-ewgenia003_ses-1_T1w.nii.gz
0: Cleaning up...
0: Finished.
0: --------------
0: pydeface 2.0.0
0: --------------
0: Previous output will be overwritten.
0: Temporary files:
0:   /tmp/tmpo85swyj3.mat
0:   /tmp/tmp92zd6k6s.nii.gz
0: Defacing...
0:   /scratch/fatx405.1433712/ewgenia005/clone/data/raw_bids/sub-ewgenia005/ses-1/anat/sub-ewgenia005_ses-1_T1w.nii.gz
0: Defaced image saved as:
0:   /scratch/fatx405.1433712/ewgenia005/clone/data/raw_bids/sub-ewgenia005/ses-1/anat/sub-ewgenia005_ses-1_T1w.nii.gz
0: Cleaning up...
0: Finished.
0: --------------
0: pydeface 2.0.0
0: --------------
0: Previous output will be overwritten.
0: Temporary files:
0:   /tmp/tmplx1miqop.mat
0:   /tmp/tmp5yh9uvxw.nii.gz
0: Defacing...
0:   /scratch/fatx405.1433712/ewgenia001/clone/data/raw_bids/sub-ewgenia001/ses-1/anat/sub-ewgenia001_ses-1_T1w.nii.gz
0: Defaced image saved as:
0:   /scratch/fatx405.1433712/ewgenia001/clone/data/raw_bids/sub-ewgenia001/ses-1/anat/sub-ewgenia001_ses-1_T1w.nii.gz
0: Cleaning up...
0: Finished.
0: get(ok): .datalad/environments/pydeface/image (file) [from origin...]
0: unlock(ok): data/raw_bids/sub-ewgenia002/ses-1/anat/sub-ewgenia002_ses-1_T1w.nii.gz (file)
0: add(ok): ses-1/anat/sub-ewgenia002_ses-1_T1w.nii.gz (file)
0: save(ok): data/raw_bids/sub-ewgenia002 (dataset)
0: add(ok): sub-ewgenia002 (file)
0: save(ok): data/raw_bids (dataset)
0: add(ok): data/raw_bids (file)
0: save(ok): . (dataset)
0: action summary:
0:   add (ok: 3)
0:   get (notneeded: 2, ok: 1)
0:   save (ok: 3)
0:   unlock (ok: 1)
0: get(ok): .datalad/environments/pydeface/image (file) [from origin...]
0: unlock(ok): data/raw_bids/sub-ewgenia004/ses-1/anat/sub-ewgenia004_ses-1_T1w.nii.gz (file)
0: add(ok): ses-1/anat/sub-ewgenia004_ses-1_T1w.nii.gz (file)
0: save(ok): data/raw_bids/sub-ewgenia004 (dataset)
0: add(ok): sub-ewgenia004 (file)
0: save(ok): data/raw_bids (dataset)
0: add(ok): data/raw_bids (file)
0: save(ok): . (dataset)
0: action summary:
0:   add (ok: 3)
0:   get (notneeded: 2, ok: 1)
0:   save (ok: 3)
0:   unlock (ok: 1)
0: get(ok): .datalad/environments/pydeface/image (file) [from origin...]
0: unlock(ok): data/raw_bids/sub-ewgenia003/ses-1/anat/sub-ewgenia003_ses-1_T1w.nii.gz (file)
0: add(ok): ses-1/anat/sub-ewgenia003_ses-1_T1w.nii.gz (file)
0: save(ok): data/raw_bids/sub-ewgenia003 (dataset)
0: add(ok): sub-ewgenia003 (file)
0: save(ok): data/raw_bids (dataset)
0: add(ok): data/raw_bids (file)
0: save(ok): . (dataset)
0: action summary:
0:   add (ok: 3)
0:   get (notneeded: 2, ok: 1)
0:   save (ok: 3)
0:   unlock (ok: 1)
0: get(ok): .datalad/environments/pydeface/image (file) [from origin...]
0: unlock(ok): data/raw_bids/sub-ewgenia005/ses-1/anat/sub-ewgenia005_ses-1_T1w.nii.gz (file)
0: add(ok): ses-1/anat/sub-ewgenia005_ses-1_T1w.nii.gz (file)
0: save(ok): data/raw_bids/sub-ewgenia005 (dataset)
0: add(ok): sub-ewgenia005 (file)
0: save(ok): data/raw_bids (dataset)
0: add(ok): data/raw_bids (file)
0: save(ok): . (dataset)
0: action summary:
0:   add (ok: 3)
0:   get (notneeded: 2, ok: 1)
0:   save (ok: 3)
0:   unlock (ok: 1)
0: get(ok): .datalad/environments/pydeface/image (file) [from origin...]
0: unlock(ok): data/raw_bids/sub-ewgenia001/ses-1/anat/sub-ewgenia001_ses-1_T1w.nii.gz (file)
0: add(ok): ses-1/anat/sub-ewgenia001_ses-1_T1w.nii.gz (file)
0: save(ok): data/raw_bids/sub-ewgenia001 (dataset)
0: add(ok): sub-ewgenia001 (file)
0: save(ok): data/raw_bids (dataset)
0: add(ok): data/raw_bids (file)
0: save(ok): . (dataset)
0: action summary:
0:   add (ok: 3)
0:   get (notneeded: 2, ok: 1)
0:   save (ok: 3)
0:   unlock (ok: 1)
0: Some packages in this Docker container are non-free
0: If you are considering commercial use of this container, please consult the relevant license:
0: https://fsl.fmrib.ox.ac.uk/fsl/fslwiki/Licence
0: Some packages in this Docker container are non-free
0: If you are considering commercial use of this container, please consult the relevant license:
0: https://fsl.fmrib.ox.ac.uk/fsl/fslwiki/Licence
0: Some packages in this Docker container are non-free
0: If you are considering commercial use of this container, please consult the relevant license:
0: https://fsl.fmrib.ox.ac.uk/fsl/fslwiki/Licence
0: Some packages in this Docker container are non-free
0: If you are considering commercial use of this container, please consult the relevant license:
0: https://fsl.fmrib.ox.ac.uk/fsl/fslwiki/Licence
0: Some packages in this Docker container are non-free
0: If you are considering commercial use of this container, please consult the relevant license:
0: https://fsl.fmrib.ox.ac.uk/fsl/fslwiki/Licence
0: --------------
0: pydeface 2.0.0
0: --------------
0: Previous output will be overwritten.
0: Temporary files:
0:   /tmp/tmpboqhwd8u.mat
0:   /tmp/tmpjdw_ble6.nii.gz
0: Defacing...
0:   /scratch/fatx405.1433712/ewgenia003/clone/data/raw_bids/sub-ewgenia003/ses-1/anat/sub-ewgenia003_ses-1_FLAIR.nii.gz
0: Defaced image saved as:
0:   /scratch/fatx405.1433712/ewgenia003/clone/data/raw_bids/sub-ewgenia003/ses-1/anat/sub-ewgenia003_ses-1_FLAIR.nii.gz
0: Cleaning up...
0: Finished.
0: --------------
0: pydeface 2.0.0
0: --------------
0: Previous output will be overwritten.
0: Temporary files:
0:   /tmp/tmpid4wdggw.mat
0:   /tmp/tmpwancnb5c.nii.gz
0: Defacing...
0:   /scratch/fatx405.1433712/ewgenia002/clone/data/raw_bids/sub-ewgenia002/ses-1/anat/sub-ewgenia002_ses-1_FLAIR.nii.gz
0: Defaced image saved as:
0:   /scratch/fatx405.1433712/ewgenia002/clone/data/raw_bids/sub-ewgenia002/ses-1/anat/sub-ewgenia002_ses-1_FLAIR.nii.gz
0: Cleaning up...
0: Finished.
0: --------------
0: pydeface 2.0.0
0: --------------
0: Previous output will be overwritten.
0: Temporary files:
0:   /tmp/tmp4r344dim.mat
0:   /tmp/tmpir07xzzg.nii.gz
0: Defacing...
0:   /scratch/fatx405.1433712/ewgenia005/clone/data/raw_bids/sub-ewgenia005/ses-1/anat/sub-ewgenia005_ses-1_FLAIR.nii.gz
0: Defaced image saved as:
0:   /scratch/fatx405.1433712/ewgenia005/clone/data/raw_bids/sub-ewgenia005/ses-1/anat/sub-ewgenia005_ses-1_FLAIR.nii.gz
0: Cleaning up...
0: Finished.
0: --------------
0: pydeface 2.0.0
0: --------------
0: Previous output will be overwritten.
0: Temporary files:
0:   /tmp/tmpmqti0fpd.mat
0:   /tmp/tmpdkwn392c.nii.gz
0: Defacing...
0:   /scratch/fatx405.1433712/ewgenia004/clone/data/raw_bids/sub-ewgenia004/ses-1/anat/sub-ewgenia004_ses-1_FLAIR.nii.gz
0: Defaced image saved as:
0:   /scratch/fatx405.1433712/ewgenia004/clone/data/raw_bids/sub-ewgenia004/ses-1/anat/sub-ewgenia004_ses-1_FLAIR.nii.gz
0: Cleaning up...
0: Finished.
0: --------------
0: pydeface 2.0.0
0: --------------
0: Previous output will be overwritten.
0: Temporary files:
0:   /tmp/tmp1pxfpx1u.mat
0:   /tmp/tmp3e4nwn4v.nii.gz
0: Defacing...
0:   /scratch/fatx405.1433712/ewgenia001/clone/data/raw_bids/sub-ewgenia001/ses-1/anat/sub-ewgenia001_ses-1_FLAIR.nii.gz
0: Defaced image saved as:
0:   /scratch/fatx405.1433712/ewgenia001/clone/data/raw_bids/sub-ewgenia001/ses-1/anat/sub-ewgenia001_ses-1_FLAIR.nii.gz
0: Cleaning up...
0: Finished.
0: unlock(ok): data/raw_bids/sub-ewgenia003/ses-1/anat/sub-ewgenia003_ses-1_FLAIR.nii.gz (file)
0: add(ok): ses-1/anat/sub-ewgenia003_ses-1_FLAIR.nii.gz (file)
0: save(ok): data/raw_bids/sub-ewgenia003 (dataset)
0: add(ok): sub-ewgenia003 (file)
0: save(ok): data/raw_bids (dataset)
0: add(ok): data/raw_bids (file)
0: save(ok): . (dataset)
0: action summary:
0:   add (ok: 3)
0:   get (notneeded: 3)
0:   save (ok: 3)
0:   unlock (ok: 1)
0: unlock(ok): data/raw_bids/sub-ewgenia002/ses-1/anat/sub-ewgenia002_ses-1_FLAIR.nii.gz (file)
0: add(ok): ses-1/anat/sub-ewgenia002_ses-1_FLAIR.nii.gz (file)
0: save(ok): data/raw_bids/sub-ewgenia002 (dataset)
0: add(ok): sub-ewgenia002 (file)
0: save(ok): data/raw_bids (dataset)
0: add(ok): data/raw_bids (file)
0: save(ok): . (dataset)
0: action summary:
0:   add (ok: 3)
0:   get (notneeded: 3)
0:   save (ok: 3)
0:   unlock (ok: 1)
0: Amending json metadata of: []
0: Amending json metadata of: []
0: unlock(ok): data/raw_bids/sub-ewgenia005/ses-1/anat/sub-ewgenia005_ses-1_FLAIR.nii.gz (file)
0: add(ok): ses-1/anat/sub-ewgenia005_ses-1_FLAIR.nii.gz (file)
0: save(ok): data/raw_bids/sub-ewgenia005 (dataset)
0: add(ok): sub-ewgenia005 (file)
0: save(ok): data/raw_bids (dataset)
0: add(ok): data/raw_bids (file)
0: save(ok): . (dataset)
0: action summary:
0:   add (ok: 3)
0:   get (notneeded: 3)
0:   save (ok: 3)
0:   unlock (ok: 1)
0: unlock(ok): data/raw_bids/sub-ewgenia004/ses-1/anat/sub-ewgenia004_ses-1_FLAIR.nii.gz (file)
0: add(ok): ses-1/anat/sub-ewgenia004_ses-1_FLAIR.nii.gz (file)
0: save(ok): data/raw_bids/sub-ewgenia004 (dataset)
0: add(ok): sub-ewgenia004 (file)
0: save(ok): data/raw_bids (dataset)
0: add(ok): data/raw_bids (file)
0: save(ok): . (dataset)
0: action summary:
0:   add (ok: 3)
0:   get (notneeded: 3)
0:   save (ok: 3)
0:   unlock (ok: 1)
0: unlock(ok): data/raw_bids/sub-ewgenia002/ses-1/anat/sub-ewgenia002_ses-1_FLAIR.json (file)
0: unlock(ok): data/raw_bids/sub-ewgenia002/ses-1/anat/sub-ewgenia002_ses-1_T1w.json (file)
0: unlock(ok): data/raw_bids/sub-ewgenia003/ses-1/anat/sub-ewgenia003_ses-1_FLAIR.json (file)
0: unlock(ok): data/raw_bids/sub-ewgenia002/ses-1/dwi/sub-ewgenia002_ses-1_dir-AP_dwi.json (file)
0: unlock(ok): data/raw_bids/sub-ewgenia003/ses-1/anat/sub-ewgenia003_ses-1_T1w.json (file)
0: unlock(ok): data/raw_bids/sub-ewgenia002/ses-1/func/sub-ewgenia002_ses-1_task-rest_bold.json (file)
0: unlock(ok): data/raw_bids/sub-ewgenia003/ses-1/dwi/sub-ewgenia003_ses-1_dir-AP_dwi.json (file)
0: add(ok): ses-1/anat/sub-ewgenia002_ses-1_FLAIR.json (file)
0: add(ok): ses-1/anat/sub-ewgenia002_ses-1_T1w.json (file)
0: unlock(ok): data/raw_bids/sub-ewgenia003/ses-1/func/sub-ewgenia003_ses-1_task-rest_bold.json (file)
0: add(ok): ses-1/dwi/sub-ewgenia002_ses-1_dir-AP_dwi.json (file)
0: add(ok): ses-1/func/sub-ewgenia002_ses-1_task-rest_bold.json (file)
0: add(ok): ses-1/anat/sub-ewgenia003_ses-1_FLAIR.json (file)
0: add(ok): sub-ewgenia002 (file)
0: add(ok): data/raw_bids (file)
0: add(ok): ses-1/anat/sub-ewgenia003_ses-1_T1w.json (file)
0: action summary:
0:   add (ok: 6)
0: add(ok): ses-1/dwi/sub-ewgenia003_ses-1_dir-AP_dwi.json (file)
0:   get (notneeded: 5)
0:   save (notneeded: 3)
0: add(ok): ses-1/func/sub-ewgenia003_ses-1_task-rest_bold.json (file)
0:   unlock (ok: 4)
0: add(ok): sub-ewgenia003 (file)
0: add(ok): data/raw_bids (file)
0: action summary:
0:   add (ok: 6)
0:   get (notneeded: 5)
0:   save (notneeded: 3)
0:   unlock (ok: 4)
0: unlock(ok): data/raw_bids/sub-ewgenia001/ses-1/anat/sub-ewgenia001_ses-1_FLAIR.nii.gz (file)
0: add(ok): ses-1/anat/sub-ewgenia001_ses-1_FLAIR.nii.gz (file)
0: save(ok): data/raw_bids/sub-ewgenia001 (dataset)
0: add(ok): sub-ewgenia001 (file)
0: save(ok): data/raw_bids (dataset)
0: add(ok): data/raw_bids (file)
0: save(ok): . (dataset)
0: action summary:
0:   add (ok: 3)
0:   get (notneeded: 3)
0:   save (ok: 3)
0:   unlock (ok: 1)
0: Amending json metadata of: []
0: Amending json metadata of: []
0: Amending json metadata of: []
0: copy(ok): ses-1/anat/sub-ewgenia002_ses-1_FLAIR.json (file) [to origin...]
0: copy(ok): ses-1/anat/sub-ewgenia002_ses-1_FLAIR.nii.gz (file) [to origin...]
0: copy(ok): ses-1/anat/sub-ewgenia003_ses-1_FLAIR.json (file) [to origin...]
0: copy(ok): ses-1/anat/sub-ewgenia003_ses-1_FLAIR.nii.gz (file) [to origin...]
0: copy(ok): ses-1/anat/sub-ewgenia002_ses-1_T1w.json (file) [to origin...]
0: copy(ok): ses-1/anat/sub-ewgenia003_ses-1_T1w.json (file) [to origin...]
0: copy(ok): ses-1/anat/sub-ewgenia003_ses-1_T1w.nii.gz (file) [to origin...]
0: copy(ok): ses-1/anat/sub-ewgenia002_ses-1_T1w.nii.gz (file) [to origin...]
0: copy(ok): ses-1/dwi/sub-ewgenia002_ses-1_dir-AP_dwi.bval (file) [to origin...]
0: copy(ok): ses-1/dwi/sub-ewgenia003_ses-1_dir-AP_dwi.bval (file) [to origin...]
0: copy(ok): ses-1/dwi/sub-ewgenia002_ses-1_dir-AP_dwi.bvec (file) [to origin...]
0: copy(ok): ses-1/dwi/sub-ewgenia003_ses-1_dir-AP_dwi.bvec (file) [to origin...]
0: copy(ok): ses-1/dwi/sub-ewgenia003_ses-1_dir-AP_dwi.json (file) [to origin...]
0: copy(ok): ses-1/dwi/sub-ewgenia002_ses-1_dir-AP_dwi.json (file) [to origin...]
0: copy(ok): ses-1/dwi/sub-ewgenia002_ses-1_dir-AP_dwi.nii.gz (file) [to origin...]
0: copy(ok): ses-1/dwi/sub-ewgenia003_ses-1_dir-AP_dwi.nii.gz (file) [to origin...]
0: copy(ok): ses-1/func/sub-ewgenia003_ses-1_task-rest_bold.json (file) [to origin...]
0: copy(ok): ses-1/func/sub-ewgenia002_ses-1_task-rest_bold.json (file) [to origin...]
0: copy(ok): ses-1/func/sub-ewgenia002_ses-1_task-rest_bold.nii.gz (file) [to origin...]
0: copy(ok): ses-1/func/sub-ewgenia003_ses-1_task-rest_bold.nii.gz (file) [to origin...]
0: copy(ok): ses-1/sub-ewgenia002_ses-1_scans.json (file) [to origin...]
0: copy(ok): ses-1/sub-ewgenia003_ses-1_scans.json (file) [to origin...]
0: copy(ok): ses-1/sub-ewgenia003_ses-1_scans.tsv (file) [to origin...]
0: copy(ok): ses-1/sub-ewgenia002_ses-1_scans.tsv (file) [to origin...]
0: publish(ok): . (dataset) [refs/heads/git-annex->origin:refs/heads/git-annex a551319..1aeb087]
0: publish(ok): . (dataset) [refs/heads/git-annex->origin:refs/heads/git-annex a085dad..a0c9e90]
0: publish(ok): . (dataset) [refs/heads/job-1433712-bidsify-ewgenia003-08072021->origin:refs/heads/job-1433712-bidsify-ewgenia003-08072021 [new branch]]
0: publish(ok): . (dataset) [refs/heads/job-1433712-bidsify-ewgenia002-08072021->origin:refs/heads/job-1433712-bidsify-ewgenia002-08072021 [new branch]]
0: unlock(ok): data/raw_bids/sub-ewgenia004/ses-1/anat/sub-ewgenia004_ses-1_FLAIR.json (file)
0: unlock(ok): data/raw_bids/sub-ewgenia004/ses-1/anat/sub-ewgenia004_ses-1_T1w.json (file)
0: unlock(ok): data/raw_bids/sub-ewgenia004/ses-1/dwi/sub-ewgenia004_ses-1_dir-AP_dwi.json (file)
0: unlock(ok): data/raw_bids/sub-ewgenia005/ses-1/anat/sub-ewgenia005_ses-1_FLAIR.json (file)
0: unlock(ok): data/raw_bids/sub-ewgenia004/ses-1/func/sub-ewgenia004_ses-1_task-rest_bold.json (file)
0: unlock(ok): data/raw_bids/sub-ewgenia005/ses-1/anat/sub-ewgenia005_ses-1_T1w.json (file)
0: add(ok): ses-1/anat/sub-ewgenia004_ses-1_FLAIR.json (file)
0: unlock(ok): data/raw_bids/sub-ewgenia005/ses-1/dwi/sub-ewgenia005_ses-1_dir-AP_dwi.json (file)
0: add(ok): ses-1/anat/sub-ewgenia004_ses-1_T1w.json (file)
0: add(ok): ses-1/dwi/sub-ewgenia004_ses-1_dir-AP_dwi.json (file)
0: unlock(ok): data/raw_bids/sub-ewgenia005/ses-1/func/sub-ewgenia005_ses-1_task-rest_bold.json (file)
0: add(ok): ses-1/anat/sub-ewgenia005_ses-1_FLAIR.json (file)
0: add(ok): ses-1/func/sub-ewgenia004_ses-1_task-rest_bold.json (file)
0: add(ok): ses-1/anat/sub-ewgenia005_ses-1_T1w.json (file)
0: add(ok): sub-ewgenia004 (file)
0: add(ok): ses-1/dwi/sub-ewgenia005_ses-1_dir-AP_dwi.json (file)
0: add(ok): data/raw_bids (file)
0: action summary:
0: add(ok): ses-1/func/sub-ewgenia005_ses-1_task-rest_bold.json (file)
0:   add (ok: 6)
0:   get (notneeded: 5)
0: add(ok): sub-ewgenia005 (file)
0:   save (notneeded: 3)
0:   unlock (ok: 4)
0: add(ok): data/raw_bids (file)
0: action summary:
0:   add (ok: 6)
0:   get (notneeded: 5)
0:   save (notneeded: 3)
0:   unlock (ok: 4)
0: unlock(ok): data/raw_bids/sub-ewgenia001/ses-1/anat/sub-ewgenia001_ses-1_FLAIR.json (file)
0: unlock(ok): data/raw_bids/sub-ewgenia001/ses-1/anat/sub-ewgenia001_ses-1_T1w.json (file)
0: unlock(ok): data/raw_bids/sub-ewgenia001/ses-1/dwi/sub-ewgenia001_ses-1_dir-AP_dwi.json (file)
0: unlock(ok): data/raw_bids/sub-ewgenia001/ses-1/func/sub-ewgenia001_ses-1_task-rest_bold.json (file)
0: add(ok): ses-1/anat/sub-ewgenia001_ses-1_FLAIR.json (file)
0: add(ok): ses-1/anat/sub-ewgenia001_ses-1_T1w.json (file)
0: add(ok): ses-1/dwi/sub-ewgenia001_ses-1_dir-AP_dwi.json (file)
0: add(ok): ses-1/func/sub-ewgenia001_ses-1_task-rest_bold.json (file)
0: add(ok): sub-ewgenia001 (file)
0: add(ok): data/raw_bids (file)
0: action summary:
0:   add (ok: 6)
0:   get (notneeded: 5)
0:   save (notneeded: 3)
0:   unlock (ok: 4)
0: copy(ok): ses-1/anat/sub-ewgenia005_ses-1_FLAIR.json (file) [to origin...]
0: copy(ok): ses-1/anat/sub-ewgenia005_ses-1_FLAIR.nii.gz (file) [to origin...]
0: copy(ok): ses-1/anat/sub-ewgenia005_ses-1_T1w.json (file) [to origin...]
0: copy(ok): ses-1/anat/sub-ewgenia005_ses-1_T1w.nii.gz (file) [to origin...]
0: copy(ok): ses-1/dwi/sub-ewgenia005_ses-1_dir-AP_dwi.bval (file) [to origin...]
0: copy(ok): ses-1/dwi/sub-ewgenia005_ses-1_dir-AP_dwi.bvec (file) [to origin...]
0: copy(ok): ses-1/dwi/sub-ewgenia005_ses-1_dir-AP_dwi.json (file) [to origin...]
0: copy(ok): ses-1/dwi/sub-ewgenia005_ses-1_dir-AP_dwi.nii.gz (file) [to origin...]
0: copy(ok): ses-1/func/sub-ewgenia005_ses-1_task-rest_bold.json (file) [to origin...]
0: copy(ok): ses-1/func/sub-ewgenia005_ses-1_task-rest_bold.nii.gz (file) [to origin...]
0: copy(ok): ses-1/sub-ewgenia005_ses-1_scans.json (file) [to origin...]
0: copy(ok): ses-1/sub-ewgenia005_ses-1_scans.tsv (file) [to origin...]
0: publish(ok): . (dataset) [refs/heads/git-annex->origin:refs/heads/git-annex 9c85b15..f57504f]
0: publish(ok): . (dataset) [refs/heads/job-1433712-bidsify-ewgenia005-08072021->origin:refs/heads/job-1433712-bidsify-ewgenia005-08072021 [new branch]]
0: copy(ok): ses-1/anat/sub-ewgenia004_ses-1_FLAIR.json (file) [to origin...]
0: copy(ok): ses-1/anat/sub-ewgenia004_ses-1_FLAIR.nii.gz (file) [to origin...]
0: copy(ok): ses-1/anat/sub-ewgenia004_ses-1_T1w.json (file) [to origin...]
0: copy(ok): ses-1/anat/sub-ewgenia004_ses-1_T1w.nii.gz (file) [to origin...]
0: copy(ok): ses-1/dwi/sub-ewgenia004_ses-1_dir-AP_dwi.bval (file) [to origin...]
0: copy(ok): ses-1/dwi/sub-ewgenia004_ses-1_dir-AP_dwi.bvec (file) [to origin...]
0: copy(ok): ses-1/dwi/sub-ewgenia004_ses-1_dir-AP_dwi.json (file) [to origin...]
0: copy(ok): ses-1/dwi/sub-ewgenia004_ses-1_dir-AP_dwi.nii.gz (file) [to origin...]
0: copy(ok): ses-1/func/sub-ewgenia004_ses-1_task-rest_bold.json (file) [to origin...]
0: copy(ok): ses-1/func/sub-ewgenia004_ses-1_task-rest_bold.nii.gz (file) [to origin...]
0: copy(ok): ses-1/sub-ewgenia004_ses-1_scans.json (file) [to origin...]
0: copy(ok): ses-1/sub-ewgenia004_ses-1_scans.tsv (file) [to origin...]
0: publish(ok): . (dataset) [refs/heads/git-annex->origin:refs/heads/git-annex 6ae14cf..2b99ba0]
0: publish(ok): . (dataset) [refs/heads/job-1433712-bidsify-ewgenia004-08072021->origin:refs/heads/job-1433712-bidsify-ewgenia004-08072021 [new branch]]
0: copy(ok): ses-1/anat/sub-ewgenia001_ses-1_FLAIR.nii.gz (file) [to origin...]
0: copy(ok): ses-1/anat/sub-ewgenia001_ses-1_T1w.nii.gz (file) [to origin...]
0: copy(ok): ses-1/dwi/sub-ewgenia001_ses-1_dir-AP_dwi.nii.gz (file) [to origin...]
0: copy(ok): ses-1/func/sub-ewgenia001_ses-1_task-rest_bold.nii.gz (file) [to origin...]
0: publish(ok): . (dataset) [refs/heads/git-annex->origin:refs/heads/git-annex f9a9419..0a1b448]
0: publish(ok): . (dataset) [refs/heads/job-1433712-bidsify-ewgenia001-08072021->origin:refs/heads/job-1433712-bidsify-ewgenia001-08072021 [new branch]]
Filesystem      Size  Used Avail Use% Mounted on
/dev/sda2        92G   73G   19G  80% /scratch
script runtime: 00:40:02 hours
