starting processing with qsiprep from index: 4 ...
for n=2 subjects
subjects to process: sub-ewgenia005
submission script directory: /work/fatx405/projects/CSI_TEST/code
current TMPDIR: /scratch/fatx405.1433552
ITERator: 0
running:
 parallel --ungroup --progress --delay 0.2 -j2 --joblog /work/fatx405/projects/CSI_TEST/code/log/parallel_runtask.log srun --label --exclusive -N1 -n1 --cpus-per-task 15 --mem-per-cpu=16000 /work/fatx405/projects/CSI_TEST/code/pipelines_processing.sh ::: sub-ewgenia005
0: allexport      	off
0: braceexpand    	on
0: emacs          	off
0: errexit        	on
0: errtrace       	off
0: functrace      	off
0: hashall        	on
0: histexpand     	off
0: history        	off
0: ignoreeof      	off
0: interactive-comments	on
0: keyword        	off
0: monitor        	off
0: noclobber      	off
0: noexec         	off
0: noglob         	off
0: nolog          	off
0: notify         	off
0: nounset        	off
0: onecmd         	off
0: physical       	off
0: pipefail       	off
0: posix          	off
0: privileged     	off
0: verbose        	off
0: vi             	off
0: xtrace         	off
0: ###################################
0: Started processing of sub-ewgenia005
0: ###################################
0: hostname: node108
0: singularity version 3.5.2
0: TMPDIR: /scratch/fatx405.1433552
0: RRZ_LOCAL_TMPDIR: /scratch/fatx405.1433552
0: SINGULARITY_CACHEDIR: /work/fatx405/tmp/singularity
0: SINGULARITY_TMPDIR: /work/fatx405/tmp/singularity
0: DSLOCKFILE: /scratch/fatx405.1433552/sub-ewgenia005/qsiprep.lock
0: DATALAD_LOCATIONS_SOCKETS: /scratch/fatx405.1433552/sub-ewgenia005/sockets
0: install(ok): /scratch/fatx405.1433552/sub-ewgenia005/clone (dataset)
0: install(ok): /scratch/fatx405.1433552/sub-ewgenia005/clone/envs (dataset) [Installed subdataset in order to get /scratch/fatx405.1433552/sub-ewgenia005/clone/envs/freesurfer_license.txt]
0: get(ok): envs/freesurfer_license.txt (file) [from origin...]
0: action summary:
0:   get (ok: 1)
0:   install (ok: 1)
0: install(ok): /scratch/fatx405.1433552/sub-ewgenia005/clone/data/raw_bids (dataset) [Installed subdataset in order to get /scratch/fatx405.1433552/sub-ewgenia005/clone/data/raw_bids/dataset_description.json]
0: get(ok): data/raw_bids/dataset_description.json (file) [from origin...]
0: action summary:
0:   get (ok: 1)
0:   install (ok: 1)
0: Entering 'data/raw_bids'
0: dead here (recording state in git...)
0: ok
0: (recording state in git...)
0: Entering 'envs'
0: dead here (recording state in git...)
0: ok
0: (recording state in git...)
0: ls BIDS root: CHANGELOG.md code data envs README.md
0: install(ok): /scratch/fatx405.1433552/sub-ewgenia005/clone/data/raw_bids/sub-ewgenia005 (dataset) [Installed subdataset in order to get /scratch/fatx405.1433552/sub-ewgenia005/clone/data/raw_bids/sub-ewgenia005]
0: install(ok): /scratch/fatx405.1433552/sub-ewgenia005/clone/data/qsiprep (dataset) [Installed subdataset in order to get /scratch/fatx405.1433552/sub-ewgenia005/clone/data/qsiprep]
0: install(ok): /scratch/fatx405.1433552/sub-ewgenia005/clone/data/qsirecon (dataset) [Installed subdataset in order to get /scratch/fatx405.1433552/sub-ewgenia005/clone/data/qsirecon]
0: 210708-02:05:37,525 nipype.workflow INFO:
0: 	 Running with omp_nthreads=8, nthreads=15
0: 210708-02:05:37,525 nipype.workflow IMPORTANT:
0: 	 
0:     Running qsiprep version 0.13.0:
0:       * BIDS dataset path: /scratch/fatx405.1433552/sub-ewgenia005/clone/data/raw_bids.
0:       * Participant list: ['ewgenia005'].
0:       * Run identifier: 20210708-020535_247e4d1e-82d8-4c4c-ae49-c9041d7735c2.
0:     
0: get(ok): .datalad/environments/qsiprep/image (file) [from origin...]
Filesystem      Size  Used Avail Use% Mounted on
/dev/sda2        92G   18G   74G  20% /scratch
script runtime: 00:15:13 hours
